[2021-4-29 0:1:5] 📨 >> GET / ""
[2021-4-29 0:1:5] 💌 << 200 OK
[2021-4-29 0:1:5] 📨 >> GET /user/1 ""
[2021-4-29 0:1:10] 📨 >> GET /auth/login ""
[2021-4-29 0:1:10] 💌 << 200 OK
[2021-4-29 0:1:10] 💌 << 200 OK
[2021-4-29 0:1:10] 📨 >> GET /user/1 ""
[2021-4-29 0:1:12] 💌 << 200 OK
[2021-4-29 0:1:19] 📨 >> POST /auth/login {
	"email": "Allison_McGlynn36@hotmail.com",
	"password": "wtZOAKi7aWtvOmQ",
	"remember": "remember"
}
[2021-4-29 0:1:19] 💌 << 303 SEE_OTHER
[2021-4-29 0:1:19] 📨 >> GET /user/1 ""
[2021-4-29 0:1:34] 💌 << 200 OK
[2021-4-29 0:1:35] 📨 >> GET /user/1 ""
[2021-4-29 0:3:21] 📨 >> GET / ""
[2021-4-29 0:3:21] 💌 << 200 OK
[2021-4-29 0:3:21] 📨 >> GET /user/1 ""
[2021-4-29 0:3:28] 📨 >> GET /auth/login ""
[2021-4-29 0:3:28] 💌 << 200 OK
[2021-4-29 0:3:28] 💌 << 200 OK
[2021-4-29 0:3:28] 📨 >> GET /user/1 ""
[2021-4-29 0:3:29] 💌 << 200 OK
[2021-4-29 0:3:34] 📨 >> POST /auth/login {
	"email": "Hiram_Moore@gmail.com",
	"password": "tBb2Vc0Ip0DMpzo",
	"remember": "remember"
}
[2021-4-29 0:3:34] 💌 << 303 SEE_OTHER
[2021-4-29 0:3:34] 📨 >> GET /user/7 ""
[2021-4-29 0:3:37] 💌 << 200 OK
[2021-4-29 0:3:37] 📨 >> GET /user/1 ""
[2021-4-29 0:4:0] 📨 >> GET / ""
[2021-4-29 0:4:0] 💌 << 200 OK
[2021-4-29 0:4:0] 💌 << 200 OK
[2021-4-29 0:4:0] 📨 >> GET /user/1 ""
[2021-4-29 0:4:2] 💌 << 200 OK
[2021-4-29 0:4:16] 📨 >> GET /category/3 ""
[2021-4-29 0:4:16] 💌 << 200 OK
[2021-4-29 0:4:16] 📨 >> GET /user/1 ""
[2021-4-29 0:4:18] 💌 << 200 OK
[2021-4-29 0:4:22] 📨 >> GET /post/3 ""
[2021-4-29 0:4:22] 💌 << 200 OK
[2021-4-29 0:4:22] 📨 >> GET /user/1 ""
[2021-4-29 0:4:36] 📨 >> GET /user/7 ""
[2021-4-29 0:4:37] 💌 << 200 OK
[2021-4-29 0:4:37] 💌 << 200 OK
[2021-4-29 0:4:37] 📨 >> GET /user/1 ""
[2021-4-29 0:5:1] 💌 << 200 OK
[2021-4-29 0:7:23] 📨 >> GET /user/1 ""
[2021-4-29 0:7:33] 💌 << 200 OK
[2021-4-29 0:7:41] 📨 >> GET /user/13 ""
[2021-4-29 0:7:45] UserException: Cannot retrieve User: User does not exist with ID 13.
    at UserController.show (/home/gjj/web-ii/Assignments/assignment-5-gjj08519/src/controllers/UserController.js:126:19)
    at processTicksAndRejections (internal/process/task_queues.js:93:5)
    at async Router.dispatch (/home/gjj/web-ii/Assignments/assignment-5-gjj08519/src/router/Router.js:40:23)
    at async App.sendResponse (/home/gjj/web-ii/Assignments/assignment-5-gjj08519/src/App.js:43:20)
    at async Server.<anonymous> (/home/gjj/web-ii/Assignments/assignment-5-gjj08519/server.js:91:2)
[2021-4-29 0:7:45] 💌 << 400 BAD_REQUEST
[2021-4-29 0:8:10] 📨 >> GET / ""
[2021-4-29 0:8:10] 💌 << 200 OK
[2021-4-29 0:8:11] 📨 >> GET /user/1 ""
[2021-4-29 0:10:31] 📨 >> GET /auth/login ""
[2021-4-29 0:10:31] 💌 << 200 OK
[2021-4-29 0:10:31] 📨 >> GET /user/1 ""
[2021-4-29 0:14:25] 📨 >> GET / ""
[2021-4-29 0:14:25] 💌 << 200 OK
[2021-4-29 0:14:25] 📨 >> GET /user/1 ""
[2021-4-29 0:14:52] 📨 >> GET /auth/register ""
[2021-4-29 0:14:52] 📨 >> GET /auth/register ""
[2021-4-29 0:14:52] 📨 >> GET /auth/register ""
[2021-4-29 0:14:52] 💌 << 200 OK
[2021-4-29 0:14:52] 💌 << 200 OK
[2021-4-29 0:14:52] 💌 << 200 OK
[2021-4-29 0:14:52] 💌 << 200 OK
[2021-4-29 0:14:52] 📨 >> GET /user/1 ""
[2021-4-29 0:14:53] 💌 << 200 OK
[2021-4-29 0:20:5] 📨 >> GET / ""
[2021-4-29 0:20:5] 💌 << 200 OK
[2021-4-29 0:20:5] 📨 >> GET /user/1 ""
[2021-4-29 0:20:13] 📨 >> GET /auth/login ""
[2021-4-29 0:20:13] 💌 << 200 OK
[2021-4-29 0:20:13] 💌 << 200 OK
[2021-4-29 0:20:13] 📨 >> GET /user/1 ""
[2021-4-29 0:20:14] 💌 << 200 OK
[2021-4-29 0:20:33] 📨 >> POST /auth/login {
	"email": "Maria_Hodkiewicz4@hotmail.com",
	"password": "hirSNyL6q_2_NpJ",
	"remember": "remember"
}
[2021-4-29 0:20:33] 💌 << 303 SEE_OTHER
[2021-4-29 0:20:33] 📨 >> GET /user/13 ""
[2021-4-29 0:20:36] 💌 << 200 OK
[2021-4-29 0:20:36] 📨 >> GET /user/1 ""
[2021-4-29 0:20:42] 💌 << 200 OK
[2021-4-29 0:20:46] 📨 >> GET / ""
[2021-4-29 0:20:46] 💌 << 200 OK
[2021-4-29 0:20:46] 📨 >> GET /user/1 ""
[2021-4-29 0:20:55] 📨 >> GET /category/5 ""
[2021-4-29 0:20:58] 💌 << 200 OK
[2021-4-29 0:20:58] 💌 << 200 OK
[2021-4-29 0:20:58] 📨 >> GET /user/1 ""
[2021-4-29 0:21:4] 💌 << 200 OK
[2021-4-29 0:21:15] 📨 >> GET /post/5 ""
[2021-4-29 0:21:15] 💌 << 200 OK
[2021-4-29 0:21:15] 📨 >> GET /user/1 ""
[2021-4-29 0:21:22] 💌 << 200 OK
[2021-4-29 0:21:47] 📨 >> GET /user/13 ""
[2021-4-29 0:23:9] 💌 << 200 OK
[2021-4-29 0:23:9] 📨 >> GET /user/1 ""
[2021-4-29 0:23:37] 💌 << 200 OK
[2021-4-29 11:23:27] 📨 >> GET / ""
[2021-4-29 11:23:27] 💌 << 200 OK
[2021-4-29 11:23:29] 📨 >> GET /auth/login ""
[2021-4-29 11:23:29] 💌 << 200 OK
[2021-4-29 11:23:34] 📨 >> POST /auth/login {
	"email": "Anastacio.Terry71@hotmail.com",
	"password": "qTLA0CXRTNzbJ4k",
	"remember": "remember"
}
[2021-4-29 11:23:34] 💌 << 303 SEE_OTHER
[2021-4-29 11:23:34] 📨 >> GET /user/25 ""
[2021-4-29 11:23:55] 💌 << 200 OK
[2021-4-29 11:24:23] 📨 >> GET / ""
[2021-4-29 11:24:23] 💌 << 200 OK
[2021-4-29 11:24:30] 📨 >> GET /category/9 ""
[2021-4-29 11:24:30] 💌 << 200 OK
[2021-4-29 11:24:34] 📨 >> GET /post/9 ""
[2021-4-29 11:24:34] 💌 << 200 OK
[2021-4-29 11:26:57] 📨 >> GET / ""
[2021-4-29 11:26:57] 💌 << 200 OK
[2021-4-29 11:26:57] 📨 >> GET /user/1 ""
[2021-4-29 11:27:4] 📨 >> GET /auth/login ""
[2021-4-29 11:27:4] 💌 << 200 OK
[2021-4-29 11:27:4] 💌 << 200 OK
[2021-4-29 11:27:4] 📨 >> GET /user/1 ""
[2021-4-29 11:27:6] 💌 << 200 OK
[2021-4-29 11:27:13] 📨 >> POST /auth/login {
	"email": "Earnest_Zemlak1@hotmail.com",
	"password": "3_zXLITF0AIqfL1",
	"remember": "remember"
}
[2021-4-29 11:27:13] 💌 << 303 SEE_OTHER
[2021-4-29 11:27:13] 📨 >> GET /user/31 ""
[2021-4-29 11:27:18] 💌 << 200 OK
[2021-4-29 11:27:18] 📨 >> GET /user/1 ""
[2021-4-29 11:27:20] 💌 << 200 OK
[2021-4-29 11:27:25] 📨 >> GET / ""
[2021-4-29 11:27:25] 💌 << 200 OK
[2021-4-29 11:27:25] 📨 >> GET /user/1 ""
[2021-4-29 11:27:32] 📨 >> GET /category/11 ""
[2021-4-29 11:27:32] 💌 << 200 OK
[2021-4-29 11:27:32] 💌 << 200 OK
[2021-4-29 11:27:32] 📨 >> GET /user/1 ""
[2021-4-29 11:27:36] 💌 << 200 OK
[2021-4-29 11:27:41] 📨 >> GET /post/11 ""
[2021-4-29 11:27:41] 💌 << 200 OK
[2021-4-29 11:27:41] 📨 >> GET /user/1 ""
[2021-4-29 11:27:56] 💌 << 200 OK
[2021-4-29 11:31:16] 📨 >> GET / ""
[2021-4-29 11:31:16] 💌 << 200 OK
[2021-4-29 11:31:16] 📨 >> GET /user/1 ""
[2021-4-29 11:31:21] 📨 >> GET /auth/login ""
[2021-4-29 11:31:21] 💌 << 200 OK
[2021-4-29 11:31:21] 💌 << 200 OK
[2021-4-29 11:31:21] 📨 >> GET /user/1 ""
[2021-4-29 11:31:22] 💌 << 200 OK
[2021-4-29 11:31:27] 📨 >> POST /auth/login {
	"email": "Litzy_Koch97@gmail.com",
	"password": "b2a2sUC73GyhOrP",
	"remember": "remember"
}
[2021-4-29 11:31:27] 💌 << 303 SEE_OTHER
[2021-4-29 11:31:27] 📨 >> GET /user/37 ""
[2021-4-29 11:31:30] 💌 << 200 OK
[2021-4-29 11:31:30] 📨 >> GET /user/1 ""
[2021-4-29 11:31:31] 💌 << 200 OK
[2021-4-29 11:31:34] 📨 >> GET / ""
[2021-4-29 11:31:34] 💌 << 200 OK
[2021-4-29 11:31:34] 📨 >> GET /user/1 ""
[2021-4-29 11:31:42] 📨 >> GET /category/13 ""
[2021-4-29 11:31:42] 💌 << 200 OK
[2021-4-29 11:31:42] 💌 << 200 OK
[2021-4-29 11:31:42] 📨 >> GET /user/1 ""
[2021-4-29 11:31:43] 💌 << 200 OK
[2021-4-29 11:31:49] 📨 >> GET /post/13 ""
[2021-4-29 11:31:49] 💌 << 200 OK
[2021-4-29 11:31:49] 📨 >> GET /user/1 ""
[2021-4-29 11:31:51] 💌 << 200 OK
[2021-4-29 11:37:55] 📨 >> GET / ""
[2021-4-29 11:37:55] 💌 << 200 OK
[2021-4-29 11:37:56] 📨 >> GET /user/1 ""
[2021-4-29 11:37:56] 💌 << 200 OK
[2021-4-29 11:37:57] 📨 >> GET /auth/login ""
[2021-4-29 11:37:57] 💌 << 200 OK
[2021-4-29 11:37:57] 📨 >> GET /user/1 ""
[2021-4-29 11:37:58] 💌 << 200 OK
[2021-4-29 11:38:1] 📨 >> POST /auth/login {
	"email": "Alize57@hotmail.com",
	"password": "q8UlLUATkYg5SMT",
	"remember": "remember"
}
[2021-4-29 11:38:1] 💌 << 303 SEE_OTHER
[2021-4-29 11:38:1] 📨 >> GET /user/43 ""
[2021-4-29 11:38:1] 💌 << 200 OK
[2021-4-29 11:38:1] 📨 >> GET /user/1 ""
[2021-4-29 11:38:1] 💌 << 200 OK
[2021-4-29 11:38:3] 📨 >> GET / ""
[2021-4-29 11:38:4] 💌 << 200 OK
[2021-4-29 11:38:4] 📨 >> GET /user/1 ""
[2021-4-29 11:38:4] 💌 << 200 OK
[2021-4-29 11:38:5] 📨 >> GET /category/15 ""
[2021-4-29 11:38:5] 💌 << 200 OK
[2021-4-29 11:38:5] 📨 >> GET /user/1 ""
[2021-4-29 11:38:5] 💌 << 200 OK
[2021-4-29 11:38:8] 📨 >> GET /post/15 ""
[2021-4-29 11:38:8] 💌 << 200 OK
[2021-4-29 11:38:8] 📨 >> GET /user/1 ""
[2021-4-29 11:38:8] 💌 << 200 OK
[2021-4-29 11:38:13] 📨 >> GET /user/43 ""
[2021-4-29 11:38:13] 💌 << 200 OK
[2021-4-29 11:38:13] 📨 >> GET /user/1 ""
[2021-4-29 11:38:13] 💌 << 200 OK
[2021-4-29 11:41:48] 📨 >> GET / ""
[2021-4-29 11:41:48] 💌 << 200 OK
[2021-4-29 11:41:48] 📨 >> GET /user/1 ""
[2021-4-29 11:41:48] 💌 << 200 OK
[2021-4-29 11:41:50] 📨 >> GET /auth/login ""
[2021-4-29 11:41:50] 💌 << 200 OK
[2021-4-29 11:41:50] 📨 >> GET /user/1 ""
[2021-4-29 11:41:50] 💌 << 200 OK
[2021-4-29 11:41:56] 📨 >> POST /auth/login {
	"email": "Maritza68@yahoo.com",
	"password": "UDtZ6WBIbknbexy",
	"remember": "remember"
}
[2021-4-29 11:41:56] 💌 << 303 SEE_OTHER
[2021-4-29 11:41:56] 📨 >> GET /user/49 ""
[2021-4-29 11:41:56] 💌 << 200 OK
[2021-4-29 11:41:56] 📨 >> GET /user/1 ""
[2021-4-29 11:41:56] 💌 << 200 OK
[2021-4-29 11:42:0] 📨 >> GET / ""
[2021-4-29 11:42:0] 💌 << 200 OK
[2021-4-29 11:42:0] 📨 >> GET /user/1 ""
[2021-4-29 11:42:0] 💌 << 200 OK
[2021-4-29 11:42:4] 📨 >> GET /category/17 ""
[2021-4-29 11:42:4] 💌 << 200 OK
[2021-4-29 11:42:4] 📨 >> GET /user/1 ""
[2021-4-29 11:42:4] 💌 << 200 OK
[2021-4-29 11:42:7] 📨 >> GET /post/17 ""
[2021-4-29 11:42:7] 💌 << 200 OK
[2021-4-29 11:42:7] 📨 >> GET /user/1 ""
[2021-4-29 11:42:7] 💌 << 200 OK
[2021-4-29 11:43:51] 📨 >> GET / ""
[2021-4-29 11:43:51] 💌 << 200 OK
[2021-4-29 11:43:51] 📨 >> GET /user/1 ""
[2021-4-29 11:43:51] 💌 << 200 OK
[2021-4-29 11:43:52] 📨 >> GET /auth/login ""
[2021-4-29 11:43:52] 💌 << 200 OK
[2021-4-29 11:43:52] 📨 >> GET /user/1 ""
[2021-4-29 11:43:52] 💌 << 200 OK
[2021-4-29 11:43:54] 📨 >> POST /auth/login {
	"email": "Fredy_Hahn45@hotmail.com",
	"password": "27EZxt1JktEmcSN",
	"remember": "remember"
}
[2021-4-29 11:43:54] 💌 << 303 SEE_OTHER
[2021-4-29 11:43:54] 📨 >> GET /user/61 ""
[2021-4-29 11:43:54] 💌 << 200 OK
[2021-4-29 11:43:54] 📨 >> GET /user/1 ""
[2021-4-29 11:43:55] 💌 << 200 OK
[2021-4-29 11:43:56] 📨 >> GET / ""
[2021-4-29 11:43:56] 💌 << 200 OK
[2021-4-29 11:43:56] 📨 >> GET /user/1 ""
[2021-4-29 11:43:56] 💌 << 200 OK
[2021-4-29 11:43:58] 📨 >> GET /category/20 ""
[2021-4-29 11:43:58] 💌 << 200 OK
[2021-4-29 11:43:58] 📨 >> GET /user/1 ""
[2021-4-29 11:43:58] 💌 << 200 OK
[2021-4-29 11:44:1] 📨 >> GET /post/20 ""
[2021-4-29 11:44:1] 💌 << 200 OK
[2021-4-29 11:44:1] 📨 >> GET /user/1 ""
[2021-4-29 11:44:1] 💌 << 200 OK
[2021-4-29 11:46:47] 📨 >> GET / ""
[2021-4-29 11:46:48] 💌 << 200 OK
[2021-4-29 11:46:48] 📨 >> GET /user/1 ""
[2021-4-29 11:46:48] 💌 << 200 OK
[2021-4-29 11:46:49] 📨 >> GET /auth/login ""
[2021-4-29 11:46:49] 💌 << 200 OK
[2021-4-29 11:46:49] 📨 >> GET /user/1 ""
[2021-4-29 11:46:49] 💌 << 200 OK
[2021-4-29 11:46:52] 📨 >> POST /auth/login {
	"email": "Arnulfo.Bayer@hotmail.com",
	"password": "5WRfJQTua0h5MqJ",
	"remember": "remember"
}
[2021-4-29 11:46:52] 💌 << 303 SEE_OTHER
[2021-4-29 11:46:52] 📨 >> GET /user/67 ""
[2021-4-29 11:46:52] 💌 << 200 OK
[2021-4-29 11:46:52] 📨 >> GET /user/1 ""
[2021-4-29 11:46:52] 💌 << 200 OK
[2021-4-29 11:46:55] 📨 >> GET / ""
[2021-4-29 11:46:55] 💌 << 200 OK
[2021-4-29 11:46:55] 📨 >> GET /user/1 ""
[2021-4-29 11:46:55] 💌 << 200 OK
[2021-4-29 11:46:57] 📨 >> GET /category/22 ""
[2021-4-29 11:46:57] 💌 << 200 OK
[2021-4-29 11:46:57] 📨 >> GET /user/1 ""
[2021-4-29 11:46:57] 💌 << 200 OK
[2021-4-29 11:46:59] 📨 >> GET /post/22 ""
[2021-4-29 11:46:59] 💌 << 200 OK
[2021-4-29 11:46:59] 📨 >> GET /user/1 ""
[2021-4-29 11:46:59] 💌 << 200 OK
[2021-4-29 11:47:8] 📨 >> GET /user/67 ""
[2021-4-29 11:47:8] 💌 << 200 OK
[2021-4-29 11:47:8] 📨 >> GET /user/1 ""
[2021-4-29 11:47:8] 💌 << 200 OK
[2021-4-29 11:48:47] 📨 >> GET / ""
[2021-4-29 11:48:48] 💌 << 200 OK
[2021-4-29 11:48:48] 📨 >> GET /user/1 ""
[2021-4-29 11:48:54] 📨 >> GET /auth/login ""
[2021-4-29 11:48:54] 💌 << 200 OK
[2021-4-29 11:48:54] 💌 << 200 OK
[2021-4-29 11:48:54] 📨 >> GET /user/1 ""
[2021-4-29 11:48:57] 💌 << 200 OK
[2021-4-29 11:49:2] 📨 >> POST /auth/login {
	"email": "Earnestine_Erdman53@hotmail.com",
	"password": "FlA06x5RDTtK2AA",
	"remember": "remember"
}
[2021-4-29 11:49:2] 💌 << 303 SEE_OTHER
[2021-4-29 11:49:2] 📨 >> GET /user/73 ""
[2021-4-29 11:49:13] 💌 << 200 OK
[2021-4-29 11:49:13] 📨 >> GET /user/1 ""
[2021-4-29 11:49:15] 💌 << 200 OK
[2021-4-29 11:49:20] 📨 >> GET / ""
[2021-4-29 11:49:20] 💌 << 200 OK
[2021-4-29 11:49:20] 📨 >> GET /user/1 ""
[2021-4-29 11:49:26] 📨 >> GET /category/24 ""
[2021-4-29 11:49:26] 💌 << 200 OK
[2021-4-29 11:49:26] 💌 << 200 OK
[2021-4-29 11:49:27] 📨 >> GET /user/1 ""
[2021-4-29 11:49:29] 💌 << 200 OK
[2021-4-29 11:49:33] 📨 >> GET /post/24 ""
[2021-4-29 11:49:33] 💌 << 200 OK
[2021-4-29 11:49:33] 📨 >> GET /user/1 ""
[2021-4-29 11:49:45] 💌 << 200 OK
[2021-4-29 11:51:5] 📨 >> GET /user/73 ""
[2021-4-29 11:51:18] 💌 << 200 OK
[2021-4-29 11:51:18] 📨 >> GET /user/1 ""
[2021-4-29 11:51:21] 💌 << 200 OK
[2021-4-29 11:56:55] 📨 >> GET / ""
[2021-4-29 11:56:55] 💌 << 200 OK
[2021-4-29 11:56:55] 📨 >> GET /user/1 ""
[2021-4-29 11:57:0] 📨 >> GET /auth/login ""
[2021-4-29 11:57:0] 💌 << 200 OK
[2021-4-29 11:57:0] 💌 << 200 OK
[2021-4-29 11:57:0] 📨 >> GET /user/1 ""
[2021-4-29 11:57:2] 💌 << 200 OK
[2021-4-29 11:57:8] 📨 >> POST /auth/login {
	"email": "Emil70@gmail.com",
	"password": "l1HupUHKwT3FhnQ",
	"remember": "remember"
}
[2021-4-29 11:57:8] 💌 << 303 SEE_OTHER
[2021-4-29 11:57:8] 📨 >> GET /user/79 ""
[2021-4-29 11:57:12] 💌 << 200 OK
[2021-4-29 11:57:12] 📨 >> GET /user/1 ""
[2021-4-29 11:57:18] 💌 << 200 OK
[2021-4-29 11:57:24] 📨 >> GET / ""
[2021-4-29 11:57:24] 💌 << 200 OK
[2021-4-29 11:57:24] 📨 >> GET /user/1 ""
[2021-4-29 11:57:30] 💌 << 200 OK
[2021-4-29 11:57:37] 📨 >> GET /category/26 ""
[2021-4-29 11:57:37] 💌 << 200 OK
[2021-4-29 11:57:37] 📨 >> GET /user/1 ""
[2021-4-29 11:57:44] 📨 >> GET /post/26 ""
[2021-4-29 11:57:46] 💌 << 200 OK
[2021-4-29 11:57:46] 💌 << 200 OK
[2021-4-29 11:57:46] 📨 >> GET /user/1 ""
[2021-4-29 11:57:50] 💌 << 200 OK
[2021-4-29 12:0:57] 📨 >> GET / ""
[2021-4-29 12:0:57] 💌 << 200 OK
[2021-4-29 12:0:58] 📨 >> GET /user/1 ""
[2021-4-29 12:0:58] 💌 << 200 OK
[2021-4-29 12:0:59] 📨 >> GET /auth/login ""
[2021-4-29 12:0:59] 💌 << 200 OK
[2021-4-29 12:0:59] 📨 >> GET /user/1 ""
[2021-4-29 12:0:59] 💌 << 200 OK
[2021-4-29 12:1:2] 📨 >> POST /auth/login {
	"email": "Bernice.Boyer84@yahoo.com",
	"password": "zN2tXCl9VtnoHsg",
	"remember": "remember"
}
[2021-4-29 12:1:2] 💌 << 303 SEE_OTHER
[2021-4-29 12:1:2] 📨 >> GET /user/85 ""
[2021-4-29 12:1:2] 💌 << 200 OK
[2021-4-29 12:1:2] 📨 >> GET /user/1 ""
[2021-4-29 12:1:2] 💌 << 200 OK
[2021-4-29 12:1:4] 📨 >> GET / ""
[2021-4-29 12:1:4] 💌 << 200 OK
[2021-4-29 12:1:4] 📨 >> GET /user/1 ""
[2021-4-29 12:1:4] 💌 << 200 OK
[2021-4-29 12:1:6] 📨 >> GET /category/28 ""
[2021-4-29 12:1:6] 💌 << 200 OK
[2021-4-29 12:1:6] 📨 >> GET /user/1 ""
[2021-4-29 12:1:6] 💌 << 200 OK
[2021-4-29 12:1:9] 📨 >> GET /post/28 ""
[2021-4-29 12:1:9] 💌 << 200 OK
[2021-4-29 12:1:9] 📨 >> GET /user/1 ""
[2021-4-29 12:1:9] 💌 << 200 OK
[2021-4-29 12:1:18] 📨 >> GET /user/85 ""
[2021-4-29 12:1:18] 💌 << 200 OK
[2021-4-29 12:1:18] 📨 >> GET /user/1 ""
[2021-4-29 12:1:18] 💌 << 200 OK
[2021-4-29 20:25:22] 📨 >> GET / ""
[2021-4-29 20:25:22] 💌 << 200 OK
[2021-4-29 20:25:23] 📨 >> GET /user/1 ""
[2021-4-29 20:25:23] 💌 << 200 OK
[2021-4-29 20:25:24] 📨 >> GET /auth/login ""
[2021-4-29 20:25:24] 💌 << 200 OK
[2021-4-29 20:25:24] 📨 >> GET /user/1 ""
[2021-4-29 20:25:24] 💌 << 200 OK
[2021-4-29 20:25:28] 📨 >> POST /auth/login {
	"email": "Jarvis_Cronin@hotmail.com",
	"password": "uMNtedf__ZF37yb",
	"remember": "remember"
}
[2021-4-29 20:25:28] 💌 << 303 SEE_OTHER
[2021-4-29 20:25:28] 📨 >> GET /user/1 ""
[2021-4-29 20:25:28] 💌 << 200 OK
[2021-4-29 20:25:28] 📨 >> GET /user/1 ""
[2021-4-29 20:25:28] 💌 << 200 OK
[2021-4-29 20:25:31] 📨 >> GET / ""
[2021-4-29 20:25:31] 💌 << 200 OK
[2021-4-29 20:25:31] 📨 >> GET /user/1 ""
[2021-4-29 20:25:31] 💌 << 200 OK
[2021-4-29 20:25:33] 📨 >> GET /category/1 ""
[2021-4-29 20:25:33] 💌 << 200 OK
[2021-4-29 20:25:33] 📨 >> GET /user/1 ""
[2021-4-29 20:25:33] 💌 << 200 OK
[2021-4-29 20:25:35] 📨 >> GET /post/1 ""
[2021-4-29 20:25:35] 💌 << 200 OK
[2021-4-29 20:25:35] 📨 >> GET /user/1 ""
[2021-4-29 20:25:35] 💌 << 200 OK
[2021-4-29 20:25:37] 📨 >> GET /post/?/bookmark ""
[2021-4-29 20:25:38] 💌 << undefined undefined
[2021-4-29 20:31:33] 📨 >> GET / ""
[2021-4-29 20:31:33] 💌 << 200 OK
[2021-4-29 20:31:33] 📨 >> GET /user/1 ""
[2021-4-29 20:31:33] 💌 << 200 OK
[2021-4-29 20:31:34] 📨 >> GET /auth/login ""
[2021-4-29 20:31:34] 💌 << 200 OK
[2021-4-29 20:31:34] 📨 >> GET /user/1 ""
[2021-4-29 20:31:34] 💌 << 200 OK
[2021-4-29 20:31:38] 📨 >> POST /auth/login {
	"email": "Carlie.Botsford38@gmail.com",
	"password": "RiWYo6wCMAKz62b",
	"remember": "remember"
}
[2021-4-29 20:31:38] 💌 << 303 SEE_OTHER
[2021-4-29 20:31:38] 📨 >> GET /user/7 ""
[2021-4-29 20:31:38] 💌 << 200 OK
[2021-4-29 20:31:38] 📨 >> GET /user/1 ""
[2021-4-29 20:31:38] 💌 << 200 OK
[2021-4-29 20:31:41] 📨 >> GET / ""
[2021-4-29 20:31:41] 💌 << 200 OK
[2021-4-29 20:31:41] 📨 >> GET /user/1 ""
[2021-4-29 20:31:41] 💌 << 200 OK
[2021-4-29 20:31:42] 📨 >> GET /category/3 ""
[2021-4-29 20:31:42] 💌 << 200 OK
[2021-4-29 20:31:42] 📨 >> GET /user/1 ""
[2021-4-29 20:31:42] 💌 << 200 OK
[2021-4-29 20:31:44] 📨 >> GET /post/3 ""
[2021-4-29 20:31:44] 💌 << 200 OK
[2021-4-29 20:31:44] 📨 >> GET /user/1 ""
[2021-4-29 20:31:44] 💌 << 200 OK
[2021-4-29 20:31:55] 📨 >> GET /user/7 ""
[2021-4-29 20:31:55] 💌 << 200 OK
[2021-4-29 20:31:55] 📨 >> GET /user/1 ""
[2021-4-29 20:31:55] 💌 << 200 OK
[2021-4-29 20:51:48] 📨 >> GET / ""
[2021-4-29 20:51:48] 💌 << 200 OK
[2021-4-29 20:51:48] 📨 >> GET /user/1 ""
[2021-4-29 20:51:48] 💌 << 200 OK
[2021-4-29 20:51:52] 📨 >> GET /auth/login ""
[2021-4-29 20:51:52] 💌 << 200 OK
[2021-4-29 20:51:52] 📨 >> GET /user/1 ""
[2021-4-29 20:51:52] 💌 << 200 OK
[2021-4-29 20:51:57] 📨 >> POST /auth/login {
	"email": "Nayeli84@hotmail.com",
	"password": "XsEybiLjmv7SZom",
	"remember": "remember"
}
[2021-4-29 20:51:57] 💌 << 303 SEE_OTHER
[2021-4-29 20:51:57] 📨 >> GET /user/1 ""
[2021-4-29 20:51:57] 💌 << 200 OK
[2021-4-29 20:51:57] 📨 >> GET /user/1 ""
[2021-4-29 20:51:57] 💌 << 200 OK
[2021-4-29 20:51:59] 📨 >> GET / ""
[2021-4-29 20:51:59] 💌 << 200 OK
[2021-4-29 20:51:59] 📨 >> GET /user/1 ""
[2021-4-29 20:51:59] 💌 << 200 OK
[2021-4-29 20:52:7] 📨 >> GET /category/1 ""
[2021-4-29 20:52:7] 💌 << 200 OK
[2021-4-29 20:52:7] 📨 >> GET /user/1 ""
[2021-4-29 20:52:7] 💌 << 200 OK
[2021-4-29 20:52:11] 📨 >> GET /post/1 ""
[2021-4-29 20:52:11] 💌 << 200 OK
[2021-4-29 20:52:11] 📨 >> GET /user/1 ""
[2021-4-29 20:52:11] 💌 << 200 OK
[2021-4-29 20:52:18] 📨 >> GET /user/1 ""
[2021-4-29 20:52:18] 💌 << 200 OK
[2021-4-29 20:52:18] 📨 >> GET /user/1 ""
[2021-4-29 20:52:18] 💌 << 200 OK
[2021-4-29 21:3:46] 📨 >> GET / ""
[2021-4-29 21:3:46] 💌 << 200 OK
[2021-4-29 21:3:46] 📨 >> GET /user/1 ""
[2021-4-29 21:3:47] 💌 << 200 OK
[2021-4-29 21:3:47] 📨 >> GET /auth/login ""
[2021-4-29 21:3:47] 💌 << 200 OK
[2021-4-29 21:3:48] 📨 >> GET /user/1 ""
[2021-4-29 21:3:48] 💌 << 200 OK
[2021-4-29 21:3:50] 📨 >> POST /auth/login {
	"email": "Obie11@gmail.com",
	"password": "8Ad5052ZRF0o9n2",
	"remember": "remember"
}
[2021-4-29 21:3:50] 💌 << 303 SEE_OTHER
[2021-4-29 21:3:50] 📨 >> GET /user/7 ""
[2021-4-29 21:3:50] 💌 << 200 OK
[2021-4-29 21:3:50] 📨 >> GET /user/1 ""
[2021-4-29 21:3:50] 💌 << 200 OK
[2021-4-29 21:3:51] 📨 >> GET / ""
[2021-4-29 21:3:51] 💌 << 200 OK
[2021-4-29 21:3:51] 📨 >> GET /user/1 ""
[2021-4-29 21:3:52] 💌 << 200 OK
[2021-4-29 21:3:52] 📨 >> GET /category/3 ""
[2021-4-29 21:3:52] 💌 << 200 OK
[2021-4-29 21:3:53] 📨 >> GET /user/1 ""
[2021-4-29 21:3:53] 💌 << 200 OK
[2021-4-29 21:3:54] 📨 >> GET /post/3 ""
[2021-4-29 21:3:54] 💌 << 200 OK
[2021-4-29 21:3:54] 📨 >> GET /user/1 ""
[2021-4-29 21:3:54] 💌 << 200 OK
[2021-4-29 21:3:56] 📨 >> GET /user/7 ""
[2021-4-29 21:3:56] 💌 << 200 OK
[2021-4-29 21:3:56] 📨 >> GET /user/1 ""
[2021-4-29 21:3:57] 💌 << 200 OK
[2021-4-29 21:6:25] 📨 >> GET / ""
[2021-4-29 21:6:25] 💌 << 200 OK
[2021-4-29 21:6:26] 📨 >> GET /user/1 ""
[2021-4-29 21:6:26] 💌 << 200 OK
[2021-4-29 21:6:27] 📨 >> GET /auth/login ""
[2021-4-29 21:6:28] 💌 << 200 OK
[2021-4-29 21:6:28] 📨 >> GET /user/1 ""
[2021-4-29 21:6:28] 💌 << 200 OK
[2021-4-29 21:6:31] 📨 >> POST /auth/login {
	"email": "Gordon_Kiehn@gmail.com",
	"password": "tFyLRGYHUIHLhOt",
	"remember": "remember"
}
[2021-4-29 21:6:31] 💌 << 303 SEE_OTHER
[2021-4-29 21:6:31] 📨 >> GET /user/1 ""
[2021-4-29 21:6:32] 💌 << 200 OK
[2021-4-29 21:6:32] 📨 >> GET /user/1 ""
[2021-4-29 21:6:32] 💌 << 200 OK
[2021-4-29 21:6:35] 📨 >> GET / ""
[2021-4-29 21:6:35] 💌 << 200 OK
[2021-4-29 21:6:35] 📨 >> GET /user/1 ""
[2021-4-29 21:6:35] 💌 << 200 OK
[2021-4-29 21:6:36] 📨 >> GET /category/1 ""
[2021-4-29 21:6:36] 💌 << 200 OK
[2021-4-29 21:6:36] 📨 >> GET /user/1 ""
[2021-4-29 21:6:36] 💌 << 200 OK
[2021-4-29 21:6:38] 📨 >> GET /post/1 ""
[2021-4-29 21:6:38] 💌 << 200 OK
[2021-4-29 21:6:38] 📨 >> GET /user/1 ""
[2021-4-29 21:6:38] 💌 << 200 OK
[2021-4-29 21:12:40] 📨 >> GET / ""
[2021-4-29 21:12:40] 💌 << 200 OK
[2021-4-29 21:12:40] 📨 >> GET /user/1 ""
[2021-4-29 21:12:40] 💌 << 200 OK
[2021-4-29 21:12:42] 📨 >> GET /auth/login ""
[2021-4-29 21:12:42] 💌 << 200 OK
[2021-4-29 21:12:42] 📨 >> GET /user/1 ""
[2021-4-29 21:12:42] 💌 << 200 OK
[2021-4-29 21:12:47] 📨 >> POST /auth/login {
	"email": "Samantha.Wunsch12@hotmail.com",
	"password": "kc58PaXCFTOQQMw",
	"remember": "remember"
}
[2021-4-29 21:12:47] 💌 << 303 SEE_OTHER
[2021-4-29 21:12:47] 📨 >> GET /user/7 ""
[2021-4-29 21:12:47] 💌 << 200 OK
[2021-4-29 21:12:47] 📨 >> GET /user/1 ""
[2021-4-29 21:12:47] 💌 << 200 OK
[2021-4-29 21:12:50] 📨 >> GET / ""
[2021-4-29 21:12:50] 💌 << 200 OK
[2021-4-29 21:12:50] 📨 >> GET /user/1 ""
[2021-4-29 21:12:50] 💌 << 200 OK
[2021-4-29 21:12:52] 📨 >> GET /category/3 ""
[2021-4-29 21:12:52] 💌 << 200 OK
[2021-4-29 21:12:52] 📨 >> GET /user/1 ""
[2021-4-29 21:12:52] 💌 << 200 OK
[2021-4-29 21:12:54] 📨 >> GET /post/3 ""
[2021-4-29 21:12:54] 💌 << 200 OK
[2021-4-29 21:12:55] 📨 >> GET /user/1 ""
[2021-4-29 21:12:55] 💌 << 200 OK
[2021-4-29 21:16:9] 📨 >> GET / ""
[2021-4-29 21:16:9] 💌 << 200 OK
[2021-4-29 21:16:9] 📨 >> GET /user/1 ""
[2021-4-29 21:16:9] 💌 << 200 OK
[2021-4-29 21:16:10] 📨 >> GET /auth/login ""
[2021-4-29 21:16:11] 💌 << 200 OK
[2021-4-29 21:16:11] 📨 >> GET /user/1 ""
[2021-4-29 21:16:11] 💌 << 200 OK
[2021-4-29 21:16:13] 📨 >> POST /auth/login {
	"email": "Dagmar58@gmail.com",
	"password": "8jKNKxd5meqxfdo",
	"remember": "remember"
}
[2021-4-29 21:16:13] 💌 << 303 SEE_OTHER
[2021-4-29 21:16:13] 📨 >> GET /user/13 ""
[2021-4-29 21:16:13] 💌 << 200 OK
[2021-4-29 21:16:13] 📨 >> GET /user/1 ""
[2021-4-29 21:16:13] 💌 << 200 OK
[2021-4-29 21:16:15] 📨 >> GET / ""
[2021-4-29 21:16:15] 💌 << 200 OK
[2021-4-29 21:16:15] 📨 >> GET /user/1 ""
[2021-4-29 21:16:16] 💌 << 200 OK
[2021-4-29 21:16:17] 📨 >> GET /category/5 ""
[2021-4-29 21:16:17] 💌 << 200 OK
[2021-4-29 21:16:18] 📨 >> GET /user/1 ""
[2021-4-29 21:16:18] 💌 << 200 OK
[2021-4-29 21:16:26] 📨 >> GET /post/5 ""
