[2021-4-28 14:19:33] 📨 >> GET / ""
[2021-4-28 14:19:34] 💌 << 200 OK
[2021-4-28 14:19:35] 📨 >> GET /user/1 ""
[2021-4-28 14:19:35] 💌 << 200 OK
[2021-4-28 14:19:37] 📨 >> GET /auth/login ""
[2021-4-28 14:19:37] 💌 << 200 OK
[2021-4-28 14:19:37] 📨 >> GET /user/1 ""
[2021-4-28 14:19:37] 💌 << 200 OK
[2021-4-28 14:19:41] 📨 >> POST /auth/login {
	"email": "Norbert.Kiehn@yahoo.com",
	"password": "R3_IOIPWs5KOLoE",
	"remember": "remember"
}
[2021-4-28 14:19:41] 💌 << 303 SEE_OTHER
[2021-4-28 14:19:41] 📨 >> GET /user/1 ""
[2021-4-28 14:19:41] 💌 << undefined undefined
[2021-4-28 14:57:32] 📨 >> GET / ""
[2021-4-28 14:57:33] 💌 << 200 OK
[2021-4-28 14:57:33] 📨 >> GET /user/1 ""
[2021-4-28 14:57:33] 💌 << 200 OK
[2021-4-28 14:57:35] 📨 >> GET /auth/login ""
[2021-4-28 14:57:35] 💌 << 200 OK
[2021-4-28 14:57:36] 📨 >> GET /user/1 ""
[2021-4-28 14:57:36] 💌 << 200 OK
[2021-4-28 14:57:53] 📨 >> POST /auth/login {
	"email": "Yasmine17@gmail.com",
	"password": "04WFtIxBEBNTFDf",
	"remember": "remember"
}
[2021-4-28 14:57:53] 💌 << 303 SEE_OTHER
[2021-4-28 14:57:53] 📨 >> GET /user/7 ""
[2021-4-28 14:57:53] 💌 << undefined undefined
[2021-4-28 15:0:46] 📨 >> GET / ""
[2021-4-28 15:0:47] 💌 << 200 OK
[2021-4-28 15:0:47] 📨 >> GET /user/1 ""
[2021-4-28 15:1:27] 💌 << 200 OK
[2021-4-28 15:1:27] 📨 >> GET /auth/login ""
[2021-4-28 15:1:27] 💌 << 200 OK
[2021-4-28 15:1:27] 📨 >> GET /user/1 ""
[2021-4-28 15:1:31] 💌 << 200 OK
[2021-4-28 15:1:51] 📨 >> POST /auth/login {
	"email": "Tia91@yahoo.com",
	"password": "uKYWpNty7MvG4vY",
	"remember": "remember"
}
[2021-4-28 15:1:51] 💌 << 303 SEE_OTHER
[2021-4-28 15:1:51] 📨 >> GET /user/13 ""
[2021-4-28 15:5:50] 📨 >> GET / ""
[2021-4-28 15:5:50] 💌 << 200 OK
[2021-4-28 15:5:50] 📨 >> GET /user/1 ""
[2021-4-28 15:6:2] 📨 >> GET /auth/login ""
[2021-4-28 15:6:2] 💌 << 200 OK
[2021-4-28 15:6:2] 📨 >> GET /user/1 ""
[2021-4-28 15:6:4] 💌 << 200 OK
[2021-4-28 15:6:4] 💌 << 200 OK
[2021-4-28 15:6:26] 📨 >> POST /auth/login {
	"email": "Ken.Crist10@yahoo.com",
	"password": "RyigtXQhLuDvCg4",
	"remember": "remember"
}
[2021-4-28 15:6:26] 💌 << 303 SEE_OTHER
[2021-4-28 15:6:26] 📨 >> GET /user/19 ""
[2021-4-28 15:6:53] 💌 << 200 OK
[2021-4-28 15:7:59] 📨 >> GET / ""
[2021-4-28 15:8:0] 💌 << 200 OK
[2021-4-28 15:8:0] 📨 >> GET /user/1 ""
[2021-4-28 15:8:12] 📨 >> GET /auth/login ""
[2021-4-28 15:8:13] 💌 << 200 OK
[2021-4-28 15:8:13] 💌 << 200 OK
[2021-4-28 15:8:13] 📨 >> GET /user/1 ""
[2021-4-28 15:9:12] 💌 << 200 OK
[2021-4-28 15:9:56] 📨 >> POST /auth/login {
	"email": "Ena86@gmail.com",
	"password": "tZz1EJGjTxzTW38",
	"remember": "remember"
}
[2021-4-28 15:9:56] 💌 << 303 SEE_OTHER
[2021-4-28 15:9:56] 📨 >> GET /user/25 ""
[2021-4-28 15:11:21] 📨 >> GET / ""
[2021-4-28 15:11:22] 💌 << 200 OK
[2021-4-28 15:11:22] 📨 >> GET /user/1 ""
[2021-4-28 15:11:30] 📨 >> GET /auth/login ""
[2021-4-28 15:11:31] 💌 << 200 OK
[2021-4-28 15:11:31] 💌 << 200 OK
[2021-4-28 15:11:31] 📨 >> GET /user/1 ""
[2021-4-28 15:11:38] 💌 << 200 OK
[2021-4-28 15:11:45] 📨 >> POST /auth/login {
	"email": "Warren66@yahoo.com",
	"password": "1rSTFjMufx05FId",
	"remember": "remember"
}
[2021-4-28 15:11:45] 💌 << 303 SEE_OTHER
[2021-4-28 15:11:45] 📨 >> GET /user/31 ""
[2021-4-28 15:12:22] 💌 << 200 OK
[2021-4-28 15:15:18] 📨 >> GET / ""
[2021-4-28 15:15:18] 💌 << 200 OK
[2021-4-28 15:15:18] 📨 >> GET /user/1 ""
[2021-4-28 15:15:24] 💌 << 200 OK
[2021-4-28 15:15:32] 📨 >> GET /auth/login ""
[2021-4-28 15:15:32] 💌 << 200 OK
[2021-4-28 15:15:32] 📨 >> GET /user/1 ""
[2021-4-28 15:15:45] 📨 >> POST /auth/login {
	"email": "Anibal_Marks@yahoo.com",
	"password": "I25W8dB3wKa5oKY",
	"remember": "remember"
}
[2021-4-28 15:15:57] 💌 << 200 OK
[2021-4-28 15:15:57] 💌 << 303 SEE_OTHER
[2021-4-28 15:15:57] 📨 >> GET /user/37 ""
[2021-4-28 15:16:2] 💌 << 200 OK
[2021-4-28 15:25:16] 📨 >> GET / ""
[2021-4-28 15:25:16] 💌 << 200 OK
[2021-4-28 15:25:16] 📨 >> GET /user/1 ""
[2021-4-28 15:25:16] 💌 << 200 OK
[2021-4-28 15:25:19] 📨 >> GET /auth/login ""
[2021-4-28 15:25:19] 💌 << 200 OK
[2021-4-28 15:25:19] 📨 >> GET /user/1 ""
[2021-4-28 15:25:19] 💌 << 200 OK
[2021-4-28 15:25:25] 📨 >> POST /auth/login {
	"email": "Fanny.Muller71@yahoo.com",
	"password": "R41g2ZVqnCimY8A",
	"remember": "remember"
}
[2021-4-28 15:25:25] 💌 << 303 SEE_OTHER
[2021-4-28 15:25:25] 📨 >> GET /user/43 ""
[2021-4-28 15:25:25] 💌 << 200 OK
[2021-4-28 15:25:25] 📨 >> GET /user/1 ""
[2021-4-28 15:25:25] 💌 << 200 OK
[2021-4-28 15:25:30] 📨 >> GET / ""
[2021-4-28 15:25:30] 💌 << 200 OK
[2021-4-28 15:25:31] 📨 >> GET /user/1 ""
[2021-4-28 15:25:31] 💌 << 200 OK
[2021-4-28 15:25:33] 📨 >> GET /category/15 ""
[2021-4-28 15:25:33] 💌 << 200 OK
[2021-4-28 15:25:33] 📨 >> GET /user/1 ""
[2021-4-28 15:25:34] 💌 << 200 OK
[2021-4-28 15:25:38] 📨 >> GET /post/15 ""
[2021-4-28 15:25:38] 💌 << 200 OK
[2021-4-28 15:25:38] 📨 >> GET /user/1 ""
[2021-4-28 15:25:38] 💌 << 200 OK
[2021-4-28 15:25:59] 📨 >> GET /user/43 ""
[2021-4-28 15:25:59] 💌 << 200 OK
[2021-4-28 15:25:59] 📨 >> GET /user/1 ""
[2021-4-28 15:25:59] 💌 << 200 OK
[2021-4-28 21:37:32] 📨 >> GET / ""
[2021-4-28 21:37:33] 💌 << 200 OK
[2021-4-28 21:37:34] 📨 >> GET /user/1 ""
[2021-4-28 21:37:35] 💌 << 200 OK
[2021-4-28 21:37:37] 📨 >> GET /auth/login ""
[2021-4-28 21:37:37] 💌 << 200 OK
[2021-4-28 21:37:37] 📨 >> GET /user/1 ""
[2021-4-28 21:37:37] 💌 << 200 OK
[2021-4-28 21:37:38] 📨 >> POST /auth/login {
	"email": "Kathlyn65@hotmail.com",
	"password": "kimimeyIIKZ0Zmw",
	"remember": "remember"
}
[2021-4-28 21:37:38] 💌 << 303 SEE_OTHER
[2021-4-28 21:37:38] 📨 >> GET /user/1 ""
[2021-4-28 21:37:38] 💌 << 200 OK
[2021-4-28 21:37:38] 📨 >> GET /user/1 ""
[2021-4-28 21:37:38] 💌 << 200 OK
[2021-4-28 21:37:38] 📨 >> GET / ""
[2021-4-28 21:37:38] 💌 << 200 OK
[2021-4-28 21:37:38] 📨 >> GET /user/1 ""
[2021-4-28 21:37:38] 💌 << 200 OK
[2021-4-28 21:37:38] 📨 >> GET /category/1 ""
[2021-4-28 21:37:38] 💌 << 200 OK
[2021-4-28 21:37:38] 📨 >> GET /user/1 ""
[2021-4-28 21:37:38] 💌 << 200 OK
[2021-4-28 21:37:39] 📨 >> GET /post/1 ""
[2021-4-28 21:37:39] 💌 << 200 OK
[2021-4-28 21:37:39] 📨 >> GET /user/1 ""
[2021-4-28 21:37:39] 💌 << 200 OK
[2021-4-28 21:37:39] 📨 >> GET /user/1 ""
[2021-4-28 21:37:39] 💌 << 200 OK
[2021-4-28 21:37:39] 📨 >> GET /user/1 ""
[2021-4-28 21:37:39] 💌 << 200 OK
[2021-4-28 21:39:19] 📨 >> GET / ""
[2021-4-28 21:39:19] 💌 << 200 OK
[2021-4-28 21:39:20] 📨 >> GET /user/1 ""
[2021-4-28 21:39:20] 💌 << 200 OK
[2021-4-28 21:39:20] 📨 >> GET /auth/login ""
[2021-4-28 21:39:20] 💌 << 200 OK
[2021-4-28 21:39:20] 📨 >> GET /user/1 ""
[2021-4-28 21:39:21] 💌 << 200 OK
[2021-4-28 21:39:23] 📨 >> POST /auth/login {
	"email": "Zane60@hotmail.com",
	"password": "AofsrqIPN5PziSQ",
	"remember": "remember"
}
[2021-4-28 21:39:23] 💌 << 303 SEE_OTHER
[2021-4-28 21:39:23] 📨 >> GET /user/1 ""
[2021-4-28 21:39:23] 💌 << 200 OK
[2021-4-28 21:39:23] 📨 >> GET /user/1 ""
[2021-4-28 21:39:23] 💌 << 200 OK
[2021-4-28 21:39:24] 📨 >> GET / ""
[2021-4-28 21:39:24] 💌 << 200 OK
[2021-4-28 21:39:24] 📨 >> GET /user/1 ""
[2021-4-28 21:39:24] 💌 << 200 OK
[2021-4-28 21:39:25] 📨 >> GET /category/1 ""
[2021-4-28 21:39:25] 💌 << 200 OK
[2021-4-28 21:39:25] 📨 >> GET /user/1 ""
[2021-4-28 21:39:25] 💌 << 200 OK
[2021-4-28 21:39:26] 📨 >> GET /post/1 ""
[2021-4-28 21:39:26] 💌 << 200 OK
[2021-4-28 21:39:26] 📨 >> GET /user/1 ""
[2021-4-28 21:39:26] 💌 << 200 OK
[2021-4-28 21:39:28] 📨 >> GET /user/1 ""
[2021-4-28 21:39:28] 💌 << 200 OK
[2021-4-28 21:39:28] 📨 >> GET /user/1 ""
[2021-4-28 21:39:28] 💌 << 200 OK
[2021-4-28 21:42:33] 📨 >> GET / ""
[2021-4-28 21:42:33] 💌 << 200 OK
[2021-4-28 21:42:33] 📨 >> GET /user/1 ""
[2021-4-28 21:42:33] 💌 << 200 OK
[2021-4-28 21:42:35] 📨 >> GET /auth/login ""
[2021-4-28 21:42:35] 💌 << 200 OK
[2021-4-28 21:42:35] 📨 >> GET /user/1 ""
[2021-4-28 21:42:35] 💌 << 200 OK
[2021-4-28 21:42:39] 📨 >> POST /auth/login {
	"email": "Grayce41@hotmail.com",
	"password": "tqwCw88z3kHAowM",
	"remember": "remember"
}
[2021-4-28 21:42:39] 💌 << 303 SEE_OTHER
[2021-4-28 21:42:39] 📨 >> GET /user/7 ""
[2021-4-28 21:42:39] 💌 << 200 OK
[2021-4-28 21:42:39] 📨 >> GET /user/1 ""
[2021-4-28 21:42:39] 💌 << 200 OK
[2021-4-28 21:42:41] 📨 >> GET / ""
[2021-4-28 21:42:41] 💌 << 200 OK
[2021-4-28 21:42:41] 📨 >> GET /user/1 ""
[2021-4-28 21:42:42] 💌 << 200 OK
[2021-4-28 21:42:43] 📨 >> GET /category/3 ""
[2021-4-28 21:42:43] 💌 << 200 OK
[2021-4-28 21:42:43] 📨 >> GET /user/1 ""
[2021-4-28 21:42:43] 💌 << 200 OK
[2021-4-28 21:42:46] 📨 >> GET /post/3 ""
[2021-4-28 21:42:46] 💌 << 200 OK
[2021-4-28 21:42:46] 📨 >> GET /user/1 ""
[2021-4-28 21:42:46] 💌 << 200 OK
[2021-4-28 21:42:48] 📨 >> GET /user/7 ""
[2021-4-28 21:42:48] 💌 << 200 OK
[2021-4-28 21:42:48] 📨 >> GET /user/1 ""
[2021-4-28 21:42:48] 💌 << 200 OK
[2021-4-28 21:44:22] 📨 >> GET / ""
[2021-4-28 21:44:22] 💌 << 200 OK
[2021-4-28 21:44:25] 📨 >> GET /user/1 ""
[2021-4-28 21:44:25] 💌 << 200 OK
[2021-4-28 21:44:38] 📨 >> GET /auth/register ""
[2021-4-28 21:44:38] 💌 << 200 OK
[2021-4-28 21:44:38] 📨 >> GET /user/1 ""
[2021-4-28 21:44:38] 💌 << 200 OK
[2021-4-28 21:44:46] 📨 >> POST /user {
	"username": "1831989",
	"email": "gjj085199@gmail.com",
	"password": "123"
}
[2021-4-28 21:44:46] 💌 << 303 SEE_OTHER
[2021-4-28 21:44:46] 📨 >> GET /auth/login ""
[2021-4-28 21:44:46] 💌 << 200 OK
[2021-4-28 21:44:46] 📨 >> GET /user/1 ""
[2021-4-28 21:44:46] 💌 << 200 OK
[2021-4-28 21:44:52] 📨 >> POST /auth/login {
	"email": "gjj085199@gmail.com",
	"password": "123",
	"remember": "remember"
}
[2021-4-28 21:44:52] 💌 << 303 SEE_OTHER
[2021-4-28 21:44:52] 📨 >> GET /user/13 ""
[2021-4-28 21:44:52] 💌 << 200 OK
[2021-4-28 21:44:52] 📨 >> GET /user/1 ""
[2021-4-28 21:44:52] 💌 << 200 OK
[2021-4-28 21:44:59] 📨 >> GET / ""
[2021-4-28 21:44:59] 💌 << 200 OK
[2021-4-28 21:44:59] 📨 >> GET /user/1 ""
[2021-4-28 21:44:59] 💌 << 200 OK
[2021-4-28 21:45:1] 📨 >> GET /category/4 ""
[2021-4-28 21:45:1] 💌 << 200 OK
[2021-4-28 21:45:1] 📨 >> GET /user/1 ""
[2021-4-28 21:45:2] 💌 << 200 OK
[2021-4-28 21:45:4] 📨 >> GET /post/4 ""
[2021-4-28 21:45:4] 💌 << 200 OK
[2021-4-28 21:45:4] 📨 >> GET /user/1 ""
[2021-4-28 21:45:4] 💌 << 200 OK
[2021-4-28 21:45:10] 📨 >> GET /user/13 ""
[2021-4-28 21:45:10] 💌 << 200 OK
[2021-4-28 21:45:10] 📨 >> GET /user/1 ""
[2021-4-28 21:45:10] 💌 << 200 OK
[2021-4-28 22:25:58] 📨 >> GET / ""
[2021-4-28 22:25:58] 💌 << 200 OK
[2021-4-28 22:25:58] 📨 >> GET /user/1 ""
[2021-4-28 22:25:59] 💌 << 200 OK
[2021-4-28 22:26:0] 📨 >> GET /auth/login ""
[2021-4-28 22:26:0] 💌 << 200 OK
[2021-4-28 22:26:1] 📨 >> GET /user/1 ""
[2021-4-28 22:26:1] 💌 << 200 OK
[2021-4-28 22:26:5] 📨 >> POST /auth/login {
	"email": "Lesley.Runolfsdottir41@gmail.com",
	"password": "GOi_NAvSysCE4dD",
	"remember": "remember"
}
[2021-4-28 22:26:5] 💌 << 303 SEE_OTHER
[2021-4-28 22:26:5] 📨 >> GET /user/14 ""
[2021-4-28 22:26:5] 💌 << 200 OK
[2021-4-28 22:26:5] 📨 >> GET /user/1 ""
[2021-4-28 22:26:5] 💌 << 200 OK
[2021-4-28 22:26:8] 📨 >> GET / ""
[2021-4-28 22:26:8] 💌 << 200 OK
[2021-4-28 22:26:8] 📨 >> GET /user/1 ""
[2021-4-28 22:26:8] 💌 << 200 OK
[2021-4-28 22:26:24] 📨 >> GET /category/5 ""
[2021-4-28 22:26:24] 💌 << 200 OK
[2021-4-28 22:26:24] 📨 >> GET /user/1 ""
[2021-4-28 22:26:24] 💌 << 200 OK
[2021-4-28 22:26:30] 📨 >> GET /post/5 ""
[2021-4-28 22:26:30] 💌 << 200 OK
[2021-4-28 22:26:30] 📨 >> GET /user/1 ""
[2021-4-28 22:26:31] 💌 << 200 OK
[2021-4-28 22:26:36] 📨 >> GET /user/14 ""
[2021-4-28 22:26:36] 💌 << 200 OK
[2021-4-28 22:26:36] 📨 >> GET /user/1 ""
[2021-4-28 22:26:36] 💌 << 200 OK
[2021-4-28 22:33:20] 📨 >> GET / ""
[2021-4-28 22:33:20] 💌 << 200 OK
[2021-4-28 22:33:20] 📨 >> GET /user/1 ""
[2021-4-28 22:33:20] 💌 << 200 OK
[2021-4-28 22:33:22] 📨 >> GET /auth/login ""
[2021-4-28 22:33:22] 💌 << 200 OK
[2021-4-28 22:33:22] 📨 >> GET /user/1 ""
[2021-4-28 22:33:22] 💌 << 200 OK
[2021-4-28 22:33:32] 📨 >> POST /auth/login {
	"email": "Marcia_Quitzon59@hotmail.com",
	"password": "BvtCHOOorbYZqMx",
	"remember": "remember"
}
[2021-4-28 22:33:32] 💌 << 303 SEE_OTHER
[2021-4-28 22:33:32] 📨 >> GET /user/20 ""
[2021-4-28 22:33:32] 💌 << 200 OK
[2021-4-28 22:33:32] 📨 >> GET /user/1 ""
[2021-4-28 22:33:32] 💌 << 200 OK
[2021-4-28 22:33:36] 📨 >> GET / ""
[2021-4-28 22:33:36] 💌 << 200 OK
[2021-4-28 22:33:36] 📨 >> GET /user/1 ""
[2021-4-28 22:33:36] 💌 << 200 OK
[2021-4-28 22:33:39] 📨 >> GET /category/7 ""
[2021-4-28 22:33:39] 💌 << 200 OK
[2021-4-28 22:33:39] 📨 >> GET /user/1 ""
[2021-4-28 22:33:39] 💌 << 200 OK
[2021-4-28 22:33:47] 📨 >> GET /post/7 ""
[2021-4-28 22:33:47] 💌 << 200 OK
[2021-4-28 22:33:47] 📨 >> GET /user/1 ""
[2021-4-28 22:33:47] 💌 << 200 OK
[2021-4-28 22:34:34] 📨 >> GET /user/20 ""
[2021-4-28 22:34:35] 💌 << 200 OK
[2021-4-28 22:34:35] 📨 >> GET /user/1 ""
[2021-4-28 22:34:35] 💌 << 200 OK
[2021-4-28 22:44:49] 📨 >> GET / ""
[2021-4-28 22:44:49] 💌 << 200 OK
[2021-4-28 22:44:49] 📨 >> GET /user/1 ""
[2021-4-28 22:44:49] 💌 << 200 OK
[2021-4-28 22:44:51] 📨 >> GET /auth/login ""
[2021-4-28 22:44:51] 💌 << 200 OK
[2021-4-28 22:44:51] 📨 >> GET /user/1 ""
[2021-4-28 22:44:51] 💌 << 200 OK
[2021-4-28 22:44:54] 📨 >> POST /auth/login {
	"email": "Juston_Deckow21@yahoo.com",
	"password": "JOU94vHer8ajtlh",
	"remember": "remember"
}
[2021-4-28 22:44:54] 💌 << 303 SEE_OTHER
[2021-4-28 22:44:54] 📨 >> GET /user/26 ""
[2021-4-28 22:44:54] 💌 << 200 OK
[2021-4-28 22:44:54] 📨 >> GET /user/1 ""
[2021-4-28 22:44:54] 💌 << 200 OK
[2021-4-28 22:44:58] 📨 >> GET / ""
[2021-4-28 22:44:58] 💌 << 200 OK
[2021-4-28 22:44:58] 📨 >> GET /user/1 ""
[2021-4-28 22:44:58] 💌 << 200 OK
[2021-4-28 22:44:59] 📨 >> GET /category/9 ""
[2021-4-28 22:44:59] 💌 << 200 OK
[2021-4-28 22:44:59] 📨 >> GET /user/1 ""
[2021-4-28 22:44:59] 💌 << 200 OK
[2021-4-28 22:45:0] 📨 >> GET /post/9 ""
[2021-4-28 22:45:0] 💌 << 200 OK
[2021-4-28 22:45:1] 📨 >> GET /user/1 ""
[2021-4-28 22:45:1] 💌 << 200 OK
[2021-4-28 22:45:7] 📨 >> GET /user/26 ""
[2021-4-28 22:45:7] 💌 << 200 OK
[2021-4-28 22:45:7] 📨 >> GET /user/1 ""
[2021-4-28 22:45:7] 💌 << 200 OK
[2021-4-28 22:54:23] 📨 >> GET / ""
[2021-4-28 22:54:23] 💌 << 200 OK
[2021-4-28 22:54:24] 📨 >> GET /user/1 ""
[2021-4-28 22:54:24] 💌 << 200 OK
[2021-4-28 22:54:27] 📨 >> GET /auth/login ""
[2021-4-28 22:54:27] 💌 << 200 OK
[2021-4-28 22:54:27] 📨 >> GET /user/1 ""
[2021-4-28 22:54:27] 💌 << 200 OK
[2021-4-28 22:54:32] 📨 >> POST /auth/login {
	"email": "Doris78@yahoo.com",
	"password": "Izbf7VXr_7E373b",
	"remember": "remember"
}
[2021-4-28 22:54:32] 💌 << 303 SEE_OTHER
[2021-4-28 22:54:32] 📨 >> GET /user/32 ""
[2021-4-28 22:54:32] 💌 << 200 OK
[2021-4-28 22:54:32] 📨 >> GET /user/1 ""
[2021-4-28 22:54:32] 💌 << 200 OK
[2021-4-28 22:54:35] 📨 >> GET / ""
[2021-4-28 22:54:36] 💌 << 200 OK
[2021-4-28 22:54:36] 📨 >> GET /user/1 ""
[2021-4-28 22:54:36] 💌 << 200 OK
[2021-4-28 22:54:38] 📨 >> GET /category/11 ""
[2021-4-28 22:54:38] 💌 << 200 OK
[2021-4-28 22:54:38] 📨 >> GET /user/1 ""
[2021-4-28 22:54:38] 💌 << 200 OK
[2021-4-28 22:54:40] 📨 >> GET /post/11 ""
[2021-4-28 22:54:41] 💌 << 200 OK
[2021-4-28 22:54:41] 📨 >> GET /user/1 ""
[2021-4-28 22:54:41] 💌 << 200 OK
[2021-4-28 22:54:47] 📨 >> GET /user/32 ""
[2021-4-28 22:54:47] 💌 << 200 OK
[2021-4-28 22:54:47] 📨 >> GET /user/1 ""
[2021-4-28 22:54:47] 💌 << 200 OK
[2021-4-28 23:3:19] 📨 >> GET /user/1 ""
[2021-4-28 23:3:19] 💌 << 200 OK
[2021-4-28 23:3:38] 📨 >> GET /user/13 ""
[2021-4-28 23:3:38] 💌 << 200 OK
[2021-4-28 23:3:38] 📨 >> GET /user/1 ""
[2021-4-28 23:3:38] 💌 << 200 OK
[2021-4-28 23:3:47] 📨 >> GET /user/13 ""
[2021-4-28 23:3:47] 💌 << 200 OK
[2021-4-28 23:3:47] 📨 >> GET /user/1 ""
[2021-4-28 23:3:47] 💌 << 200 OK
[2021-4-28 23:15:3] 📨 >> GET / ""
[2021-4-28 23:15:3] 💌 << 200 OK
[2021-4-28 23:15:3] 📨 >> GET /user/1 ""
[2021-4-28 23:15:3] 💌 << 200 OK
[2021-4-28 23:15:8] 📨 >> GET /auth/login ""
[2021-4-28 23:15:9] 💌 << 200 OK
[2021-4-28 23:15:9] 📨 >> GET /user/1 ""
[2021-4-28 23:15:9] 💌 << 200 OK
[2021-4-28 23:15:11] 📨 >> POST /auth/login {
	"email": "Sid45@hotmail.com",
	"password": "ZVlJKh1JpGqG31g",
	"remember": "remember"
}
[2021-4-28 23:15:11] 💌 << 303 SEE_OTHER
[2021-4-28 23:15:11] 📨 >> GET /user/38 ""
[2021-4-28 23:15:11] 💌 << 200 OK
[2021-4-28 23:15:11] 📨 >> GET /user/1 ""
[2021-4-28 23:15:11] 💌 << 200 OK
[2021-4-28 23:15:12] 📨 >> GET / ""
[2021-4-28 23:15:12] 💌 << 200 OK
[2021-4-28 23:15:12] 📨 >> GET /user/1 ""
[2021-4-28 23:15:12] 💌 << 200 OK
[2021-4-28 23:15:13] 📨 >> GET /category/13 ""
[2021-4-28 23:15:13] 💌 << 200 OK
[2021-4-28 23:15:13] 📨 >> GET /user/1 ""
[2021-4-28 23:15:13] 💌 << 200 OK
[2021-4-28 23:15:15] 📨 >> GET /post/13 ""
[2021-4-28 23:15:15] 💌 << 200 OK
[2021-4-28 23:15:15] 📨 >> GET /user/1 ""
[2021-4-28 23:15:15] 💌 << 200 OK
[2021-4-28 23:15:18] 📨 >> GET /user/38 ""
[2021-4-28 23:15:18] 💌 << 200 OK
[2021-4-28 23:15:18] 📨 >> GET /user/1 ""
[2021-4-28 23:15:18] 💌 << 200 OK
[2021-4-28 23:19:1] 📨 >> GET / ""
[2021-4-28 23:19:1] 💌 << 200 OK
[2021-4-28 23:19:1] 📨 >> GET /user/1 ""
[2021-4-28 23:19:1] 💌 << 200 OK
[2021-4-28 23:19:2] 📨 >> GET /auth/login ""
[2021-4-28 23:19:2] 💌 << 200 OK
[2021-4-28 23:19:2] 📨 >> GET /user/1 ""
[2021-4-28 23:19:2] 💌 << 200 OK
[2021-4-28 23:19:4] 📨 >> POST /auth/login {
	"email": "Kaylah_Parker@gmail.com",
	"password": "ml_HsCtdxXvLM9J",
	"remember": "remember"
}
[2021-4-28 23:19:4] 💌 << 303 SEE_OTHER
[2021-4-28 23:19:4] 📨 >> GET /user/44 ""
[2021-4-28 23:19:4] 💌 << 200 OK
[2021-4-28 23:19:4] 📨 >> GET /user/1 ""
[2021-4-28 23:19:4] 💌 << 200 OK
[2021-4-28 23:19:5] 📨 >> GET / ""
[2021-4-28 23:19:5] 💌 << 200 OK
[2021-4-28 23:19:5] 📨 >> GET /user/1 ""
[2021-4-28 23:19:5] 💌 << 200 OK
[2021-4-28 23:19:6] 📨 >> GET /category/15 ""
[2021-4-28 23:19:6] 💌 << 200 OK
[2021-4-28 23:19:6] 📨 >> GET /user/1 ""
[2021-4-28 23:19:6] 💌 << 200 OK
[2021-4-28 23:19:7] 📨 >> GET /post/15 ""
[2021-4-28 23:19:7] 💌 << 200 OK
[2021-4-28 23:19:7] 📨 >> GET /user/1 ""
[2021-4-28 23:19:7] 💌 << 200 OK
[2021-4-28 23:19:10] 📨 >> GET /user/44 ""
[2021-4-28 23:19:10] 💌 << 200 OK
[2021-4-28 23:19:10] 📨 >> GET /user/1 ""
[2021-4-28 23:19:10] 💌 << 200 OK
[2021-4-28 23:31:51] 📨 >> GET / ""
[2021-4-28 23:31:51] 💌 << 200 OK
[2021-4-28 23:31:51] 📨 >> GET /user/1 ""
[2021-4-28 23:31:51] 💌 << 200 OK
[2021-4-28 23:31:52] 📨 >> GET /auth/login ""
[2021-4-28 23:31:52] 💌 << 200 OK
[2021-4-28 23:31:52] 📨 >> GET /user/1 ""
[2021-4-28 23:31:52] 💌 << 200 OK
[2021-4-28 23:31:54] 📨 >> POST /auth/login {
	"email": "Nina44@hotmail.com",
	"password": "Aa7w9ezwgPzwaDd",
	"remember": "remember"
}
[2021-4-28 23:31:54] 💌 << 303 SEE_OTHER
[2021-4-28 23:31:54] 📨 >> GET /user/50 ""
[2021-4-28 23:31:54] 💌 << 200 OK
[2021-4-28 23:31:54] 📨 >> GET /user/1 ""
[2021-4-28 23:31:54] 💌 << 200 OK
[2021-4-28 23:31:56] 📨 >> GET / ""
[2021-4-28 23:31:56] 💌 << 200 OK
[2021-4-28 23:31:56] 📨 >> GET /user/1 ""
[2021-4-28 23:31:56] 💌 << 200 OK
[2021-4-28 23:31:57] 📨 >> GET /category/17 ""
[2021-4-28 23:31:57] 💌 << 200 OK
[2021-4-28 23:31:57] 📨 >> GET /user/1 ""
[2021-4-28 23:31:57] 💌 << 200 OK
[2021-4-28 23:32:0] 📨 >> GET /post/17 ""
[2021-4-28 23:32:0] 💌 << 200 OK
[2021-4-28 23:32:0] 📨 >> GET /user/1 ""
[2021-4-28 23:32:0] 💌 << 200 OK
[2021-4-28 23:32:5] 📨 >> GET /user/50 ""
[2021-4-28 23:32:5] 💌 << 200 OK
[2021-4-28 23:32:5] 📨 >> GET /user/1 ""
[2021-4-28 23:32:5] 💌 << 200 OK
[2021-4-28 23:32:50] 📨 >> GET / ""
[2021-4-28 23:32:50] 💌 << 200 OK
[2021-4-28 23:32:50] 📨 >> GET /user/1 ""
[2021-4-28 23:32:50] 💌 << 200 OK
[2021-4-28 23:32:51] 📨 >> GET /auth/login ""
[2021-4-28 23:32:51] 💌 << 200 OK
[2021-4-28 23:32:51] 📨 >> GET /user/1 ""
[2021-4-28 23:32:51] 💌 << 200 OK
[2021-4-28 23:32:54] 📨 >> POST /auth/login {
	"email": "Amiya.Hayes55@hotmail.com",
	"password": "fPQpk4APLLf2GmX",
	"remember": "remember"
}
[2021-4-28 23:32:54] 💌 << 303 SEE_OTHER
[2021-4-28 23:32:54] 📨 >> GET /user/56 ""
[2021-4-28 23:32:54] 💌 << 200 OK
[2021-4-28 23:32:54] 📨 >> GET /user/1 ""
[2021-4-28 23:32:54] 💌 << 200 OK
[2021-4-28 23:32:55] 📨 >> GET / ""
[2021-4-28 23:32:55] 💌 << 200 OK
[2021-4-28 23:32:55] 📨 >> GET /user/1 ""
[2021-4-28 23:32:55] 💌 << 200 OK
[2021-4-28 23:32:56] 📨 >> GET /category/19 ""
[2021-4-28 23:32:56] 💌 << 200 OK
[2021-4-28 23:32:56] 📨 >> GET /user/1 ""
[2021-4-28 23:32:56] 💌 << 200 OK
[2021-4-28 23:32:57] 📨 >> GET /post/19 ""
[2021-4-28 23:32:57] 💌 << 200 OK
[2021-4-28 23:32:57] 📨 >> GET /user/1 ""
[2021-4-28 23:32:57] 💌 << 200 OK
[2021-4-28 23:33:0] 📨 >> GET /user/56 ""
[2021-4-28 23:33:0] 💌 << 200 OK
[2021-4-28 23:33:0] 📨 >> GET /user/1 ""
[2021-4-28 23:33:0] 💌 << 200 OK
[2021-4-28 23:41:39] 📨 >> GET / ""
[2021-4-28 23:41:39] 💌 << 200 OK
[2021-4-28 23:41:39] 📨 >> GET /user/1 ""
[2021-4-28 23:41:39] 💌 << 200 OK
[2021-4-28 23:41:40] 📨 >> GET /auth/login ""
[2021-4-28 23:41:40] 💌 << 200 OK
[2021-4-28 23:41:40] 📨 >> GET /user/1 ""
[2021-4-28 23:41:40] 💌 << 200 OK
[2021-4-28 23:41:42] 📨 >> POST /auth/login {
	"email": "Enoch.Swaniawski91@yahoo.com",
	"password": "VDwVOQJ5O6QQ50O",
	"remember": "remember"
}
[2021-4-28 23:41:42] 💌 << 303 SEE_OTHER
[2021-4-28 23:41:42] 📨 >> GET /user/62 ""
[2021-4-28 23:41:42] 💌 << 200 OK
[2021-4-28 23:41:42] 📨 >> GET /user/1 ""
[2021-4-28 23:41:42] 💌 << 200 OK
[2021-4-28 23:41:43] 📨 >> GET / ""
[2021-4-28 23:41:43] 💌 << 200 OK
[2021-4-28 23:41:43] 📨 >> GET /user/1 ""
[2021-4-28 23:41:43] 💌 << 200 OK
[2021-4-28 23:41:44] 📨 >> GET /category/21 ""
[2021-4-28 23:41:44] 💌 << 200 OK
[2021-4-28 23:41:44] 📨 >> GET /user/1 ""
[2021-4-28 23:41:44] 💌 << 200 OK
[2021-4-28 23:41:45] 📨 >> GET /post/21 ""
[2021-4-28 23:41:45] 💌 << 200 OK
[2021-4-28 23:41:45] 📨 >> GET /user/1 ""
[2021-4-28 23:41:45] 💌 << 200 OK
[2021-4-28 23:41:46] 📨 >> GET /user/62 ""
[2021-4-28 23:41:46] 💌 << 200 OK
[2021-4-28 23:41:46] 📨 >> GET /user/1 ""
[2021-4-28 23:41:46] 💌 << 200 OK
[2021-4-28 23:47:41] 📨 >> GET / ""
[2021-4-28 23:47:41] 💌 << 200 OK
[2021-4-28 23:47:41] 📨 >> GET /user/1 ""
[2021-4-28 23:47:41] 💌 << 200 OK
[2021-4-28 23:47:42] 📨 >> GET /auth/login ""
[2021-4-28 23:47:42] 💌 << 200 OK
[2021-4-28 23:47:42] 📨 >> GET /user/1 ""
[2021-4-28 23:47:42] 💌 << 200 OK
[2021-4-28 23:47:44] 📨 >> POST /auth/login {
	"email": "Aiden.Marquardt7@gmail.com",
	"password": "nLHT9pJuJDkrEDc",
	"remember": "remember"
}
[2021-4-28 23:47:44] 💌 << 303 SEE_OTHER
[2021-4-28 23:47:44] 📨 >> GET /user/68 ""
[2021-4-28 23:47:44] 💌 << 200 OK
[2021-4-28 23:47:44] 📨 >> GET /user/1 ""
[2021-4-28 23:47:44] 💌 << 200 OK
[2021-4-28 23:47:45] 📨 >> GET / ""
[2021-4-28 23:47:45] 💌 << 200 OK
[2021-4-28 23:47:45] 📨 >> GET /user/1 ""
[2021-4-28 23:47:45] 💌 << 200 OK
[2021-4-28 23:47:46] 📨 >> GET /category/23 ""
[2021-4-28 23:47:46] 💌 << 200 OK
[2021-4-28 23:47:47] 📨 >> GET /user/1 ""
[2021-4-28 23:47:47] 💌 << 200 OK
[2021-4-28 23:47:47] 📨 >> GET /post/23 ""
[2021-4-28 23:47:48] 💌 << 200 OK
[2021-4-28 23:47:48] 📨 >> GET /user/1 ""
[2021-4-28 23:47:48] 💌 << 200 OK
[2021-4-28 23:47:49] 📨 >> GET /user/68 ""
[2021-4-28 23:47:49] 💌 << 200 OK
[2021-4-28 23:47:49] 📨 >> GET /user/1 ""
[2021-4-28 23:47:49] 💌 << 200 OK
[2021-4-28 23:50:13] 📨 >> GET / ""
[2021-4-28 23:50:14] 💌 << 200 OK
[2021-4-28 23:50:14] 📨 >> GET /user/1 ""
[2021-4-28 23:50:14] 💌 << 200 OK
[2021-4-28 23:50:14] 📨 >> GET /auth/login ""
[2021-4-28 23:50:15] 💌 << 200 OK
[2021-4-28 23:50:15] 📨 >> GET /user/1 ""
[2021-4-28 23:50:15] 💌 << 200 OK
[2021-4-28 23:50:17] 📨 >> POST /auth/login {
	"email": "Guido53@hotmail.com",
	"password": "QZlynk5D8rzPhky",
	"remember": "remember"
}
[2021-4-28 23:50:17] 💌 << 303 SEE_OTHER
[2021-4-28 23:50:17] 📨 >> GET /user/74 ""
[2021-4-28 23:50:17] 💌 << 200 OK
[2021-4-28 23:50:17] 📨 >> GET /user/1 ""
[2021-4-28 23:50:17] 💌 << 200 OK
[2021-4-28 23:50:18] 📨 >> GET / ""
[2021-4-28 23:50:18] 💌 << 200 OK
[2021-4-28 23:50:19] 📨 >> GET /user/1 ""
[2021-4-28 23:50:19] 💌 << 200 OK
[2021-4-28 23:50:20] 📨 >> GET /category/25 ""
[2021-4-28 23:50:20] 💌 << 200 OK
[2021-4-28 23:50:20] 📨 >> GET /user/1 ""
[2021-4-28 23:50:20] 💌 << 200 OK
[2021-4-28 23:50:21] 📨 >> GET /post/25 ""
[2021-4-28 23:50:21] 💌 << 200 OK
[2021-4-28 23:50:21] 📨 >> GET /user/1 ""
[2021-4-28 23:50:21] 💌 << 200 OK
[2021-4-28 23:50:23] 📨 >> GET /user/74 ""
[2021-4-28 23:50:23] 💌 << 200 OK
[2021-4-28 23:50:23] 📨 >> GET /user/1 ""
[2021-4-28 23:50:23] 💌 << 200 OK
[2021-4-28 23:51:59] 📨 >> GET / ""
[2021-4-28 23:52:0] 💌 << 200 OK
[2021-4-28 23:52:0] 📨 >> GET /user/1 ""
[2021-4-28 23:52:0] 💌 << 200 OK
[2021-4-28 23:52:1] 📨 >> GET /auth/login ""
[2021-4-28 23:52:1] 💌 << 200 OK
[2021-4-28 23:52:1] 📨 >> GET /user/1 ""
[2021-4-28 23:52:1] 💌 << 200 OK
[2021-4-28 23:52:3] 📨 >> POST /auth/login {
	"email": "Madisen.Wilderman@gmail.com",
	"password": "1SXbC7Og0HwWXYH",
	"remember": "remember"
}
[2021-4-28 23:52:3] 💌 << 303 SEE_OTHER
[2021-4-28 23:52:3] 📨 >> GET /user/80 ""
[2021-4-28 23:52:3] 💌 << 200 OK
[2021-4-28 23:53:21] 📨 >> GET / ""
[2021-4-28 23:53:21] 💌 << 200 OK
[2021-4-28 23:53:21] 📨 >> GET /user/1 ""
[2021-4-28 23:53:21] 💌 << 200 OK
[2021-4-28 23:53:22] 📨 >> GET /auth/login ""
[2021-4-28 23:53:22] 💌 << 200 OK
[2021-4-28 23:53:22] 📨 >> GET /user/1 ""
[2021-4-28 23:53:22] 💌 << 200 OK
[2021-4-28 23:53:24] 📨 >> POST /auth/login {
	"email": "Monica_Gutkowski@yahoo.com",
	"password": "JJHO6pXBM2acRCX",
	"remember": "remember"
}
[2021-4-28 23:53:24] 💌 << 303 SEE_OTHER
[2021-4-28 23:53:24] 📨 >> GET /user/86 ""
[2021-4-28 23:53:24] 💌 << 200 OK
[2021-4-28 23:53:24] 📨 >> GET /user/1 ""
[2021-4-28 23:53:24] 💌 << 200 OK
[2021-4-28 23:53:24] 📨 >> GET / ""
[2021-4-28 23:53:25] 💌 << 200 OK
[2021-4-28 23:53:25] 📨 >> GET /user/1 ""
[2021-4-28 23:53:25] 💌 << 200 OK
[2021-4-28 23:53:25] 📨 >> GET /category/29 ""
[2021-4-28 23:53:25] 💌 << 200 OK
[2021-4-28 23:53:25] 📨 >> GET /user/1 ""
[2021-4-28 23:53:25] 💌 << 200 OK
[2021-4-28 23:53:27] 📨 >> GET /post/29 ""
[2021-4-28 23:53:27] 💌 << 200 OK
[2021-4-28 23:53:27] 📨 >> GET /user/1 ""
[2021-4-28 23:53:27] 💌 << 200 OK
[2021-4-28 23:53:28] 📨 >> GET /user/86 ""
[2021-4-28 23:53:29] 💌 << 200 OK
[2021-4-28 23:53:29] 📨 >> GET /user/1 ""
[2021-4-28 23:53:29] 💌 << 200 OK
[2021-4-28 23:55:43] 📨 >> GET / ""
[2021-4-28 23:55:43] 💌 << 200 OK
[2021-4-28 23:55:44] 📨 >> GET /user/1 ""
[2021-4-28 23:55:53] 📨 >> GET /auth/login ""
[2021-4-28 23:55:53] 💌 << 200 OK
[2021-4-28 23:55:53] 💌 << 200 OK
[2021-4-28 23:55:53] 📨 >> GET /user/1 ""
[2021-4-28 23:55:55] 💌 << 200 OK
[2021-4-28 23:56:2] 📨 >> POST /auth/login {
	"email": "Carlo.Lesch@yahoo.com",
	"password": "dMhVppN74w8Y46b",
	"remember": "remember"
}
[2021-4-28 23:56:2] 💌 << 303 SEE_OTHER
[2021-4-28 23:56:2] 📨 >> GET /user/92 ""
[2021-4-28 23:56:58] 💌 << 200 OK
[2021-4-28 23:56:58] 📨 >> GET /user/1 ""
[2021-4-28 23:57:0] 💌 << 200 OK
