[2021-4-27 15:20:33] PostException: Cannot bookmark Post: You must be logged in.
    at PostController.bookmark (/home/gjj/web-ii/Assignments/assignment-5-gjj08519/src/controllers/PostController.js:62:19)
    at processTicksAndRejections (internal/process/task_queues.js:93:5)
    at Object.<anonymous> (/home/gjj/web-ii/Assignments/assignment-5-gjj08519/tests/controllers/bookmark.test.js:96:2)
    at _callCircusTest (/home/gjj/web-ii/Assignments/assignment-5-gjj08519/node_modules/jest-circus/build/run.js:212:5)
    at _runTest (/home/gjj/web-ii/Assignments/assignment-5-gjj08519/node_modules/jest-circus/build/run.js:149:3)
    at _runTestsForDescribeBlock (/home/gjj/web-ii/Assignments/assignment-5-gjj08519/node_modules/jest-circus/build/run.js:63:9)
    at run (/home/gjj/web-ii/Assignments/assignment-5-gjj08519/node_modules/jest-circus/build/run.js:25:3)
    at runAndTransformResultsToJestFormat (/home/gjj/web-ii/Assignments/assignment-5-gjj08519/node_modules/jest-circus/build/legacy-code-todo-rewrite/jestAdapterInit.js:176:21)
    at jestAdapter (/home/gjj/web-ii/Assignments/assignment-5-gjj08519/node_modules/jest-circus/build/legacy-code-todo-rewrite/jestAdapter.js:109:19)
    at runTestInternal (/home/gjj/web-ii/Assignments/assignment-5-gjj08519/node_modules/jest-runner/build/runTest.js:380:16)
[2021-4-27 15:22:26] PostException: Cannot unbookmark Post: You must be logged in.
    at PostController.unbookmark (/home/gjj/web-ii/Assignments/assignment-5-gjj08519/src/controllers/PostController.js:77:19)
    at processTicksAndRejections (internal/process/task_queues.js:93:5)
    at Object.<anonymous> (/home/gjj/web-ii/Assignments/assignment-5-gjj08519/tests/controllers/bookmark.test.js:108:2)
    at _callCircusTest (/home/gjj/web-ii/Assignments/assignment-5-gjj08519/node_modules/jest-circus/build/run.js:212:5)
    at _runTest (/home/gjj/web-ii/Assignments/assignment-5-gjj08519/node_modules/jest-circus/build/run.js:149:3)
    at _runTestsForDescribeBlock (/home/gjj/web-ii/Assignments/assignment-5-gjj08519/node_modules/jest-circus/build/run.js:63:9)
    at run (/home/gjj/web-ii/Assignments/assignment-5-gjj08519/node_modules/jest-circus/build/run.js:25:3)
    at runAndTransformResultsToJestFormat (/home/gjj/web-ii/Assignments/assignment-5-gjj08519/node_modules/jest-circus/build/legacy-code-todo-rewrite/jestAdapterInit.js:176:21)
    at jestAdapter (/home/gjj/web-ii/Assignments/assignment-5-gjj08519/node_modules/jest-circus/build/legacy-code-todo-rewrite/jestAdapter.js:109:19)
    at runTestInternal (/home/gjj/web-ii/Assignments/assignment-5-gjj08519/node_modules/jest-runner/build/runTest.js:380:16)
[2021-4-27 15:34:42] PostException: Cannot bookmark Post: You must be logged in.
    at PostController.bookmark (/home/gjj/web-ii/Assignments/assignment-5-gjj08519/src/controllers/PostController.js:62:19)
    at processTicksAndRejections (internal/process/task_queues.js:93:5)
    at Object.<anonymous> (/home/gjj/web-ii/Assignments/assignment-5-gjj08519/tests/controllers/bookmark.test.js:96:2)
    at _callCircusTest (/home/gjj/web-ii/Assignments/assignment-5-gjj08519/node_modules/jest-circus/build/run.js:212:5)
    at _runTest (/home/gjj/web-ii/Assignments/assignment-5-gjj08519/node_modules/jest-circus/build/run.js:149:3)
    at _runTestsForDescribeBlock (/home/gjj/web-ii/Assignments/assignment-5-gjj08519/node_modules/jest-circus/build/run.js:63:9)
    at run (/home/gjj/web-ii/Assignments/assignment-5-gjj08519/node_modules/jest-circus/build/run.js:25:3)
    at runAndTransformResultsToJestFormat (/home/gjj/web-ii/Assignments/assignment-5-gjj08519/node_modules/jest-circus/build/legacy-code-todo-rewrite/jestAdapterInit.js:176:21)
    at jestAdapter (/home/gjj/web-ii/Assignments/assignment-5-gjj08519/node_modules/jest-circus/build/legacy-code-todo-rewrite/jestAdapter.js:109:19)
    at runTestInternal (/home/gjj/web-ii/Assignments/assignment-5-gjj08519/node_modules/jest-runner/build/runTest.js:380:16)
[2021-4-27 15:34:45] PostException: Cannot unbookmark Post: You must be logged in.
    at PostController.unbookmark (/home/gjj/web-ii/Assignments/assignment-5-gjj08519/src/controllers/PostController.js:77:19)
    at runMicrotasks (<anonymous>)
    at processTicksAndRejections (internal/process/task_queues.js:93:5)
    at Object.<anonymous> (/home/gjj/web-ii/Assignments/assignment-5-gjj08519/tests/controllers/bookmark.test.js:108:2)
    at _callCircusTest (/home/gjj/web-ii/Assignments/assignment-5-gjj08519/node_modules/jest-circus/build/run.js:212:5)
    at _runTest (/home/gjj/web-ii/Assignments/assignment-5-gjj08519/node_modules/jest-circus/build/run.js:149:3)
    at _runTestsForDescribeBlock (/home/gjj/web-ii/Assignments/assignment-5-gjj08519/node_modules/jest-circus/build/run.js:63:9)
    at run (/home/gjj/web-ii/Assignments/assignment-5-gjj08519/node_modules/jest-circus/build/run.js:25:3)
    at runAndTransformResultsToJestFormat (/home/gjj/web-ii/Assignments/assignment-5-gjj08519/node_modules/jest-circus/build/legacy-code-todo-rewrite/jestAdapterInit.js:176:21)
    at jestAdapter (/home/gjj/web-ii/Assignments/assignment-5-gjj08519/node_modules/jest-circus/build/legacy-code-todo-rewrite/jestAdapter.js:109:19)
[2021-4-27 15:34:58] CommentException: Cannot bookmark Comment: You must be logged in.
    at CommentController.bookmark (/home/gjj/web-ii/Assignments/assignment-5-gjj08519/src/controllers/CommentController.js:58:19)
    at runMicrotasks (<anonymous>)
    at processTicksAndRejections (internal/process/task_queues.js:93:5)
    at Object.<anonymous> (/home/gjj/web-ii/Assignments/assignment-5-gjj08519/tests/controllers/bookmark.test.js:172:2)
    at _callCircusTest (/home/gjj/web-ii/Assignments/assignment-5-gjj08519/node_modules/jest-circus/build/run.js:212:5)
    at _runTest (/home/gjj/web-ii/Assignments/assignment-5-gjj08519/node_modules/jest-circus/build/run.js:149:3)
    at _runTestsForDescribeBlock (/home/gjj/web-ii/Assignments/assignment-5-gjj08519/node_modules/jest-circus/build/run.js:63:9)
    at run (/home/gjj/web-ii/Assignments/assignment-5-gjj08519/node_modules/jest-circus/build/run.js:25:3)
    at runAndTransformResultsToJestFormat (/home/gjj/web-ii/Assignments/assignment-5-gjj08519/node_modules/jest-circus/build/legacy-code-todo-rewrite/jestAdapterInit.js:176:21)
    at jestAdapter (/home/gjj/web-ii/Assignments/assignment-5-gjj08519/node_modules/jest-circus/build/legacy-code-todo-rewrite/jestAdapter.js:109:19)
[2021-4-27 15:35:2] CommentException: Cannot unbookmark Comment: You must be logged in.
    at CommentController.unbookmark (/home/gjj/web-ii/Assignments/assignment-5-gjj08519/src/controllers/CommentController.js:73:19)
    at runMicrotasks (<anonymous>)
    at processTicksAndRejections (internal/process/task_queues.js:93:5)
    at Object.<anonymous> (/home/gjj/web-ii/Assignments/assignment-5-gjj08519/tests/controllers/bookmark.test.js:184:2)
    at _callCircusTest (/home/gjj/web-ii/Assignments/assignment-5-gjj08519/node_modules/jest-circus/build/run.js:212:5)
    at _runTest (/home/gjj/web-ii/Assignments/assignment-5-gjj08519/node_modules/jest-circus/build/run.js:149:3)
    at _runTestsForDescribeBlock (/home/gjj/web-ii/Assignments/assignment-5-gjj08519/node_modules/jest-circus/build/run.js:63:9)
    at run (/home/gjj/web-ii/Assignments/assignment-5-gjj08519/node_modules/jest-circus/build/run.js:25:3)
    at runAndTransformResultsToJestFormat (/home/gjj/web-ii/Assignments/assignment-5-gjj08519/node_modules/jest-circus/build/legacy-code-todo-rewrite/jestAdapterInit.js:176:21)
    at jestAdapter (/home/gjj/web-ii/Assignments/assignment-5-gjj08519/node_modules/jest-circus/build/legacy-code-todo-rewrite/jestAdapter.js:109:19)
[2021-4-27 15:36:6] PostException: Cannot bookmark Post: You must be logged in.
    at PostController.bookmark (/home/gjj/web-ii/Assignments/assignment-5-gjj08519/src/controllers/PostController.js:62:19)
    at runMicrotasks (<anonymous>)
    at processTicksAndRejections (internal/process/task_queues.js:93:5)
    at Router.dispatch (/home/gjj/web-ii/Assignments/assignment-5-gjj08519/src/router/Router.js:40:23)
    at Object.<anonymous> (/home/gjj/web-ii/Assignments/assignment-5-gjj08519/tests/router/bookmark.test.js:91:19)
    at _callCircusTest (/home/gjj/web-ii/Assignments/assignment-5-gjj08519/node_modules/jest-circus/build/run.js:212:5)
    at _runTest (/home/gjj/web-ii/Assignments/assignment-5-gjj08519/node_modules/jest-circus/build/run.js:149:3)
    at _runTestsForDescribeBlock (/home/gjj/web-ii/Assignments/assignment-5-gjj08519/node_modules/jest-circus/build/run.js:63:9)
    at run (/home/gjj/web-ii/Assignments/assignment-5-gjj08519/node_modules/jest-circus/build/run.js:25:3)
    at runAndTransformResultsToJestFormat (/home/gjj/web-ii/Assignments/assignment-5-gjj08519/node_modules/jest-circus/build/legacy-code-todo-rewrite/jestAdapterInit.js:176:21)
[2021-4-27 15:36:10] PostException: Cannot unbookmark Post: You must be logged in.
    at PostController.unbookmark (/home/gjj/web-ii/Assignments/assignment-5-gjj08519/src/controllers/PostController.js:77:19)
    at runMicrotasks (<anonymous>)
    at processTicksAndRejections (internal/process/task_queues.js:93:5)
    at Router.dispatch (/home/gjj/web-ii/Assignments/assignment-5-gjj08519/src/router/Router.js:40:23)
    at Object.<anonymous> (/home/gjj/web-ii/Assignments/assignment-5-gjj08519/tests/router/bookmark.test.js:102:19)
    at _callCircusTest (/home/gjj/web-ii/Assignments/assignment-5-gjj08519/node_modules/jest-circus/build/run.js:212:5)
    at _runTest (/home/gjj/web-ii/Assignments/assignment-5-gjj08519/node_modules/jest-circus/build/run.js:149:3)
    at _runTestsForDescribeBlock (/home/gjj/web-ii/Assignments/assignment-5-gjj08519/node_modules/jest-circus/build/run.js:63:9)
    at run (/home/gjj/web-ii/Assignments/assignment-5-gjj08519/node_modules/jest-circus/build/run.js:25:3)
    at runAndTransformResultsToJestFormat (/home/gjj/web-ii/Assignments/assignment-5-gjj08519/node_modules/jest-circus/build/legacy-code-todo-rewrite/jestAdapterInit.js:176:21)
[2021-4-27 15:36:16] PostException: Cannot bookmark Post: Post has already been bookmarked.
    at Post.bookmark (/home/gjj/web-ii/Assignments/assignment-5-gjj08519/src/models/Post.js:47:19)
    at runMicrotasks (<anonymous>)
    at processTicksAndRejections (internal/process/task_queues.js:93:5)
    at PostController.bookmark (/home/gjj/web-ii/Assignments/assignment-5-gjj08519/src/controllers/PostController.js:65:7)
    at Router.dispatch (/home/gjj/web-ii/Assignments/assignment-5-gjj08519/src/router/Router.js:40:23)
    at Object.<anonymous> (/home/gjj/web-ii/Assignments/assignment-5-gjj08519/tests/router/bookmark.test.js:119:13)
    at _callCircusTest (/home/gjj/web-ii/Assignments/assignment-5-gjj08519/node_modules/jest-circus/build/run.js:212:5)
    at _runTest (/home/gjj/web-ii/Assignments/assignment-5-gjj08519/node_modules/jest-circus/build/run.js:149:3)
    at _runTestsForDescribeBlock (/home/gjj/web-ii/Assignments/assignment-5-gjj08519/node_modules/jest-circus/build/run.js:63:9)
    at run (/home/gjj/web-ii/Assignments/assignment-5-gjj08519/node_modules/jest-circus/build/run.js:25:3)
[2021-4-27 15:36:22] PostException: Cannot unbookmark Post: Post has not been bookmarked.
    at Post.unbookmark (/home/gjj/web-ii/Assignments/assignment-5-gjj08519/src/models/Post.js:90:19)
    at runMicrotasks (<anonymous>)
    at processTicksAndRejections (internal/process/task_queues.js:93:5)
    at PostController.unbookmark (/home/gjj/web-ii/Assignments/assignment-5-gjj08519/src/controllers/PostController.js:80:7)
    at Router.dispatch (/home/gjj/web-ii/Assignments/assignment-5-gjj08519/src/router/Router.js:40:23)
    at Object.<anonymous> (/home/gjj/web-ii/Assignments/assignment-5-gjj08519/tests/router/bookmark.test.js:137:13)
    at _callCircusTest (/home/gjj/web-ii/Assignments/assignment-5-gjj08519/node_modules/jest-circus/build/run.js:212:5)
    at _runTest (/home/gjj/web-ii/Assignments/assignment-5-gjj08519/node_modules/jest-circus/build/run.js:149:3)
    at _runTestsForDescribeBlock (/home/gjj/web-ii/Assignments/assignment-5-gjj08519/node_modules/jest-circus/build/run.js:63:9)
    at run (/home/gjj/web-ii/Assignments/assignment-5-gjj08519/node_modules/jest-circus/build/run.js:25:3)
[2021-4-27 15:36:27] PostException: Cannot unbookmark Post: Post has not been bookmarked.
    at Post.unbookmark (/home/gjj/web-ii/Assignments/assignment-5-gjj08519/src/models/Post.js:90:19)
    at processTicksAndRejections (internal/process/task_queues.js:93:5)
    at PostController.unbookmark (/home/gjj/web-ii/Assignments/assignment-5-gjj08519/src/controllers/PostController.js:80:7)
    at Router.dispatch (/home/gjj/web-ii/Assignments/assignment-5-gjj08519/src/router/Router.js:40:23)
    at Object.<anonymous> (/home/gjj/web-ii/Assignments/assignment-5-gjj08519/tests/router/bookmark.test.js:150:19)
    at _callCircusTest (/home/gjj/web-ii/Assignments/assignment-5-gjj08519/node_modules/jest-circus/build/run.js:212:5)
    at _runTest (/home/gjj/web-ii/Assignments/assignment-5-gjj08519/node_modules/jest-circus/build/run.js:149:3)
    at _runTestsForDescribeBlock (/home/gjj/web-ii/Assignments/assignment-5-gjj08519/node_modules/jest-circus/build/run.js:63:9)
    at run (/home/gjj/web-ii/Assignments/assignment-5-gjj08519/node_modules/jest-circus/build/run.js:25:3)
    at runAndTransformResultsToJestFormat (/home/gjj/web-ii/Assignments/assignment-5-gjj08519/node_modules/jest-circus/build/legacy-code-todo-rewrite/jestAdapterInit.js:176:21)
[2021-4-27 15:36:43] CommentException: Cannot bookmark Comment: You must be logged in.
    at CommentController.bookmark (/home/gjj/web-ii/Assignments/assignment-5-gjj08519/src/controllers/CommentController.js:58:19)
    at runMicrotasks (<anonymous>)
    at processTicksAndRejections (internal/process/task_queues.js:93:5)
    at Router.dispatch (/home/gjj/web-ii/Assignments/assignment-5-gjj08519/src/router/Router.js:40:23)
    at Object.<anonymous> (/home/gjj/web-ii/Assignments/assignment-5-gjj08519/tests/router/bookmark.test.js:208:19)
    at _callCircusTest (/home/gjj/web-ii/Assignments/assignment-5-gjj08519/node_modules/jest-circus/build/run.js:212:5)
    at _runTest (/home/gjj/web-ii/Assignments/assignment-5-gjj08519/node_modules/jest-circus/build/run.js:149:3)
    at _runTestsForDescribeBlock (/home/gjj/web-ii/Assignments/assignment-5-gjj08519/node_modules/jest-circus/build/run.js:63:9)
    at run (/home/gjj/web-ii/Assignments/assignment-5-gjj08519/node_modules/jest-circus/build/run.js:25:3)
    at runAndTransformResultsToJestFormat (/home/gjj/web-ii/Assignments/assignment-5-gjj08519/node_modules/jest-circus/build/legacy-code-todo-rewrite/jestAdapterInit.js:176:21)
[2021-4-27 15:36:48] CommentException: Cannot unbookmark Comment: You must be logged in.
    at CommentController.unbookmark (/home/gjj/web-ii/Assignments/assignment-5-gjj08519/src/controllers/CommentController.js:73:19)
    at runMicrotasks (<anonymous>)
    at processTicksAndRejections (internal/process/task_queues.js:93:5)
    at Router.dispatch (/home/gjj/web-ii/Assignments/assignment-5-gjj08519/src/router/Router.js:40:23)
    at Object.<anonymous> (/home/gjj/web-ii/Assignments/assignment-5-gjj08519/tests/router/bookmark.test.js:219:19)
    at _callCircusTest (/home/gjj/web-ii/Assignments/assignment-5-gjj08519/node_modules/jest-circus/build/run.js:212:5)
    at _runTest (/home/gjj/web-ii/Assignments/assignment-5-gjj08519/node_modules/jest-circus/build/run.js:149:3)
    at _runTestsForDescribeBlock (/home/gjj/web-ii/Assignments/assignment-5-gjj08519/node_modules/jest-circus/build/run.js:63:9)
    at run (/home/gjj/web-ii/Assignments/assignment-5-gjj08519/node_modules/jest-circus/build/run.js:25:3)
    at runAndTransformResultsToJestFormat (/home/gjj/web-ii/Assignments/assignment-5-gjj08519/node_modules/jest-circus/build/legacy-code-todo-rewrite/jestAdapterInit.js:176:21)
[2021-4-27 15:36:53] CommentException: Cannot bookmark Comment: Comment has already been bookmarked.
    at Comment.bookmark (/home/gjj/web-ii/Assignments/assignment-5-gjj08519/src/models/Comment.js:47:19)
    at runMicrotasks (<anonymous>)
    at processTicksAndRejections (internal/process/task_queues.js:93:5)
    at CommentController.bookmark (/home/gjj/web-ii/Assignments/assignment-5-gjj08519/src/controllers/CommentController.js:61:7)
    at Router.dispatch (/home/gjj/web-ii/Assignments/assignment-5-gjj08519/src/router/Router.js:40:23)
    at Object.<anonymous> (/home/gjj/web-ii/Assignments/assignment-5-gjj08519/tests/router/bookmark.test.js:236:13)
    at _callCircusTest (/home/gjj/web-ii/Assignments/assignment-5-gjj08519/node_modules/jest-circus/build/run.js:212:5)
    at _runTest (/home/gjj/web-ii/Assignments/assignment-5-gjj08519/node_modules/jest-circus/build/run.js:149:3)
    at _runTestsForDescribeBlock (/home/gjj/web-ii/Assignments/assignment-5-gjj08519/node_modules/jest-circus/build/run.js:63:9)
    at run (/home/gjj/web-ii/Assignments/assignment-5-gjj08519/node_modules/jest-circus/build/run.js:25:3)
[2021-4-27 15:36:59] CommentException: Cannot unbookmark Comment: Comment has not been bookmarked.
    at Comment.unbookmark (/home/gjj/web-ii/Assignments/assignment-5-gjj08519/src/models/Comment.js:90:19)
    at runMicrotasks (<anonymous>)
    at processTicksAndRejections (internal/process/task_queues.js:93:5)
    at CommentController.unbookmark (/home/gjj/web-ii/Assignments/assignment-5-gjj08519/src/controllers/CommentController.js:76:7)
    at Router.dispatch (/home/gjj/web-ii/Assignments/assignment-5-gjj08519/src/router/Router.js:40:23)
    at Object.<anonymous> (/home/gjj/web-ii/Assignments/assignment-5-gjj08519/tests/router/bookmark.test.js:254:13)
    at _callCircusTest (/home/gjj/web-ii/Assignments/assignment-5-gjj08519/node_modules/jest-circus/build/run.js:212:5)
    at _runTest (/home/gjj/web-ii/Assignments/assignment-5-gjj08519/node_modules/jest-circus/build/run.js:149:3)
    at _runTestsForDescribeBlock (/home/gjj/web-ii/Assignments/assignment-5-gjj08519/node_modules/jest-circus/build/run.js:63:9)
    at run (/home/gjj/web-ii/Assignments/assignment-5-gjj08519/node_modules/jest-circus/build/run.js:25:3)
[2021-4-27 15:37:4] CommentException: Cannot unbookmark Comment: Comment has not been bookmarked.
    at Comment.unbookmark (/home/gjj/web-ii/Assignments/assignment-5-gjj08519/src/models/Comment.js:90:19)
    at runMicrotasks (<anonymous>)
    at processTicksAndRejections (internal/process/task_queues.js:93:5)
    at CommentController.unbookmark (/home/gjj/web-ii/Assignments/assignment-5-gjj08519/src/controllers/CommentController.js:76:7)
    at Router.dispatch (/home/gjj/web-ii/Assignments/assignment-5-gjj08519/src/router/Router.js:40:23)
    at Object.<anonymous> (/home/gjj/web-ii/Assignments/assignment-5-gjj08519/tests/router/bookmark.test.js:267:19)
    at _callCircusTest (/home/gjj/web-ii/Assignments/assignment-5-gjj08519/node_modules/jest-circus/build/run.js:212:5)
    at _runTest (/home/gjj/web-ii/Assignments/assignment-5-gjj08519/node_modules/jest-circus/build/run.js:149:3)
    at _runTestsForDescribeBlock (/home/gjj/web-ii/Assignments/assignment-5-gjj08519/node_modules/jest-circus/build/run.js:63:9)
    at run (/home/gjj/web-ii/Assignments/assignment-5-gjj08519/node_modules/jest-circus/build/run.js:25:3)
[2021-4-27 15:37:46] 📨 >> POST /auth/login {
	"email": "Allen16@gmail.com",
	"password": "n8QmijevEEroizA"
}
[2021-4-27 15:37:46] 💌 << 200 OK
[2021-4-27 15:37:46] 📨 >> GET /post/1/bookmark {}
[2021-4-27 15:37:47] 💌 << 200 OK
[2021-4-27 15:37:47] 📨 >> GET /user/1/postbookmarks {}
[2021-4-27 15:37:47] 💌 << 200 OK
[2021-4-27 15:37:55] 📨 >> POST /auth/login {
	"email": "Rasheed47@yahoo.com",
	"password": "ZLsAYOopu5wKyou"
}
[2021-4-27 15:37:55] 💌 << 200 OK
[2021-4-27 15:37:55] 📨 >> GET /post/1/unbookmark {}
[2021-4-27 15:37:56] 💌 << 200 OK
[2021-4-27 15:37:56] 📨 >> GET /user/1/postbookmarks {}
[2021-4-27 15:37:56] 💌 << 200 OK
[2021-4-27 15:38:4] 📨 >> GET /post/1/bookmark {}
[2021-4-27 15:38:4] PostException: Cannot bookmark Post: You must be logged in.
    at PostController.bookmark (/home/gjj/web-ii/Assignments/assignment-5-gjj08519/src/controllers/PostController.js:62:19)
    at processTicksAndRejections (internal/process/task_queues.js:93:5)
    at async Router.dispatch (/home/gjj/web-ii/Assignments/assignment-5-gjj08519/src/router/Router.js:40:23)
    at async App.sendResponse (/home/gjj/web-ii/Assignments/assignment-5-gjj08519/src/App.js:43:20)
    at async Server.<anonymous> (/home/gjj/web-ii/Assignments/assignment-5-gjj08519/server.js:91:2)
[2021-4-27 15:38:4] 💌 << 401 UNAUTHORIZED
[2021-4-27 15:38:11] 📨 >> GET /post/1/unbookmark {}
[2021-4-27 15:38:12] PostException: Cannot unbookmark Post: You must be logged in.
    at PostController.unbookmark (/home/gjj/web-ii/Assignments/assignment-5-gjj08519/src/controllers/PostController.js:77:19)
    at processTicksAndRejections (internal/process/task_queues.js:93:5)
    at async Router.dispatch (/home/gjj/web-ii/Assignments/assignment-5-gjj08519/src/router/Router.js:40:23)
    at async App.sendResponse (/home/gjj/web-ii/Assignments/assignment-5-gjj08519/src/App.js:43:20)
    at async Server.<anonymous> (/home/gjj/web-ii/Assignments/assignment-5-gjj08519/server.js:91:2)
[2021-4-27 15:38:12] 💌 << 401 UNAUTHORIZED
[2021-4-27 15:38:17] 📨 >> POST /auth/login {
	"email": "Reece_Larkin@hotmail.com",
	"password": "4SqrnPKTDzoelKh"
}
[2021-4-27 15:38:17] 💌 << 200 OK
[2021-4-27 15:38:17] 📨 >> GET /post/1/bookmark {}
[2021-4-27 15:38:18] 💌 << 200 OK
[2021-4-27 15:38:18] 📨 >> GET /post/1/bookmark {}
[2021-4-27 15:38:18] PostException: Cannot bookmark Post: Post has already been bookmarked.
    at Post.bookmark (/home/gjj/web-ii/Assignments/assignment-5-gjj08519/src/models/Post.js:47:19)
    at processTicksAndRejections (internal/process/task_queues.js:93:5)
    at async PostController.bookmark (/home/gjj/web-ii/Assignments/assignment-5-gjj08519/src/controllers/PostController.js:65:7)
    at async Router.dispatch (/home/gjj/web-ii/Assignments/assignment-5-gjj08519/src/router/Router.js:40:23)
    at async App.sendResponse (/home/gjj/web-ii/Assignments/assignment-5-gjj08519/src/App.js:43:20)
    at async Server.<anonymous> (/home/gjj/web-ii/Assignments/assignment-5-gjj08519/server.js:91:2)
[2021-4-27 15:38:18] 💌 << 400 BAD_REQUEST
[2021-4-27 15:38:28] 📨 >> POST /auth/login {
	"email": "Hyman34@hotmail.com",
	"password": "UZoF7h_MRVx1lza"
}
[2021-4-27 15:38:28] 💌 << 200 OK
[2021-4-27 15:38:28] 📨 >> GET /post/1/unbookmark {}
[2021-4-27 15:38:28] 💌 << 200 OK
[2021-4-27 15:38:28] 📨 >> GET /post/1/unbookmark {}
[2021-4-27 15:38:28] PostException: Cannot unbookmark Post: Post has not been bookmarked.
    at Post.unbookmark (/home/gjj/web-ii/Assignments/assignment-5-gjj08519/src/models/Post.js:90:19)
    at processTicksAndRejections (internal/process/task_queues.js:93:5)
    at async PostController.unbookmark (/home/gjj/web-ii/Assignments/assignment-5-gjj08519/src/controllers/PostController.js:80:7)
    at async Router.dispatch (/home/gjj/web-ii/Assignments/assignment-5-gjj08519/src/router/Router.js:40:23)
    at async App.sendResponse (/home/gjj/web-ii/Assignments/assignment-5-gjj08519/src/App.js:43:20)
    at async Server.<anonymous> (/home/gjj/web-ii/Assignments/assignment-5-gjj08519/server.js:91:2)
[2021-4-27 15:38:28] 💌 << 400 BAD_REQUEST
[2021-4-27 15:38:34] 📨 >> POST /auth/login {
	"email": "Ryan94@yahoo.com",
	"password": "SbdnqehGj5pZ_wB"
}
[2021-4-27 15:38:35] 💌 << 200 OK
[2021-4-27 15:38:35] 📨 >> GET /post/1/unbookmark {}
[2021-4-27 15:38:35] PostException: Cannot unbookmark Post: Post has not been bookmarked.
    at Post.unbookmark (/home/gjj/web-ii/Assignments/assignment-5-gjj08519/src/models/Post.js:90:19)
    at processTicksAndRejections (internal/process/task_queues.js:93:5)
    at async PostController.unbookmark (/home/gjj/web-ii/Assignments/assignment-5-gjj08519/src/controllers/PostController.js:80:7)
    at async Router.dispatch (/home/gjj/web-ii/Assignments/assignment-5-gjj08519/src/router/Router.js:40:23)
    at async App.sendResponse (/home/gjj/web-ii/Assignments/assignment-5-gjj08519/src/App.js:43:20)
    at async Server.<anonymous> (/home/gjj/web-ii/Assignments/assignment-5-gjj08519/server.js:91:2)
[2021-4-27 15:38:35] 💌 << 400 BAD_REQUEST
[2021-4-27 15:38:42] 📨 >> POST /auth/login {
	"email": "Monique.Heathcote78@yahoo.com",
	"password": "3QwRUco4sHFNXZt"
}
[2021-4-27 15:38:42] 💌 << 200 OK
[2021-4-27 15:38:42] 📨 >> GET /comment/1/bookmark {}
[2021-4-27 15:38:42] 💌 << 200 OK
[2021-4-27 15:38:42] 📨 >> GET /user/1/commentbookmarks {}
[2021-4-27 15:38:42] 💌 << 200 OK
[2021-4-27 15:38:49] 📨 >> POST /auth/login {
	"email": "Zion73@hotmail.com",
	"password": "DdeH81mY8fESJWJ"
}
[2021-4-27 15:38:49] 💌 << 200 OK
[2021-4-27 15:38:49] 📨 >> GET /comment/1/unbookmark {}
[2021-4-27 15:38:49] 💌 << 200 OK
[2021-4-27 15:38:49] 📨 >> GET /user/1/commentbookmarks {}
[2021-4-27 15:38:49] 💌 << 200 OK
[2021-4-27 15:38:55] 📨 >> GET /comment/1/bookmark {}
[2021-4-27 15:38:55] CommentException: Cannot bookmark Comment: You must be logged in.
    at CommentController.bookmark (/home/gjj/web-ii/Assignments/assignment-5-gjj08519/src/controllers/CommentController.js:58:19)
    at processTicksAndRejections (internal/process/task_queues.js:93:5)
    at async Router.dispatch (/home/gjj/web-ii/Assignments/assignment-5-gjj08519/src/router/Router.js:40:23)
    at async App.sendResponse (/home/gjj/web-ii/Assignments/assignment-5-gjj08519/src/App.js:43:20)
    at async Server.<anonymous> (/home/gjj/web-ii/Assignments/assignment-5-gjj08519/server.js:91:2)
[2021-4-27 15:38:55] 💌 << 401 UNAUTHORIZED
[2021-4-27 15:39:0] 📨 >> GET /comment/1/unbookmark {}
[2021-4-27 15:39:0] CommentException: Cannot unbookmark Comment: You must be logged in.
    at CommentController.unbookmark (/home/gjj/web-ii/Assignments/assignment-5-gjj08519/src/controllers/CommentController.js:73:19)
    at processTicksAndRejections (internal/process/task_queues.js:93:5)
    at async Router.dispatch (/home/gjj/web-ii/Assignments/assignment-5-gjj08519/src/router/Router.js:40:23)
    at async App.sendResponse (/home/gjj/web-ii/Assignments/assignment-5-gjj08519/src/App.js:43:20)
    at async Server.<anonymous> (/home/gjj/web-ii/Assignments/assignment-5-gjj08519/server.js:91:2)
[2021-4-27 15:39:0] 💌 << 401 UNAUTHORIZED
[2021-4-27 15:39:6] 📨 >> POST /auth/login {
	"email": "Golda_Beahan98@gmail.com",
	"password": "dDQRGvLSb1kfsHU"
}
[2021-4-27 15:39:6] 💌 << 200 OK
[2021-4-27 15:39:6] 📨 >> GET /comment/1/bookmark {}
[2021-4-27 15:39:6] 💌 << 200 OK
[2021-4-27 15:39:6] 📨 >> GET /comment/1/bookmark {}
[2021-4-27 15:39:6] CommentException: Cannot bookmark Comment: Comment has already been bookmarked.
    at Comment.bookmark (/home/gjj/web-ii/Assignments/assignment-5-gjj08519/src/models/Comment.js:47:19)
    at runMicrotasks (<anonymous>)
    at processTicksAndRejections (internal/process/task_queues.js:93:5)
    at async CommentController.bookmark (/home/gjj/web-ii/Assignments/assignment-5-gjj08519/src/controllers/CommentController.js:61:7)
    at async Router.dispatch (/home/gjj/web-ii/Assignments/assignment-5-gjj08519/src/router/Router.js:40:23)
    at async App.sendResponse (/home/gjj/web-ii/Assignments/assignment-5-gjj08519/src/App.js:43:20)
    at async Server.<anonymous> (/home/gjj/web-ii/Assignments/assignment-5-gjj08519/server.js:91:2)
[2021-4-27 15:39:6] 💌 << 400 BAD_REQUEST
[2021-4-27 15:39:12] 📨 >> POST /auth/login {
	"email": "Freeda_Aufderhar37@gmail.com",
	"password": "z4sOvqVQ6ShJYLT"
}
[2021-4-27 15:39:12] 💌 << 200 OK
[2021-4-27 15:39:12] 📨 >> GET /comment/1/unbookmark {}
[2021-4-27 15:39:13] 💌 << 200 OK
[2021-4-27 15:39:13] 📨 >> GET /comment/1/unbookmark {}
[2021-4-27 15:39:13] CommentException: Cannot unbookmark Comment: Comment has not been bookmarked.
    at Comment.unbookmark (/home/gjj/web-ii/Assignments/assignment-5-gjj08519/src/models/Comment.js:90:19)
    at runMicrotasks (<anonymous>)
    at processTicksAndRejections (internal/process/task_queues.js:93:5)
    at async CommentController.unbookmark (/home/gjj/web-ii/Assignments/assignment-5-gjj08519/src/controllers/CommentController.js:76:7)
    at async Router.dispatch (/home/gjj/web-ii/Assignments/assignment-5-gjj08519/src/router/Router.js:40:23)
    at async App.sendResponse (/home/gjj/web-ii/Assignments/assignment-5-gjj08519/src/App.js:43:20)
    at async Server.<anonymous> (/home/gjj/web-ii/Assignments/assignment-5-gjj08519/server.js:91:2)
[2021-4-27 15:39:13] 💌 << 400 BAD_REQUEST
[2021-4-27 15:39:19] 📨 >> POST /auth/login {
	"email": "Crystal_Predovic22@gmail.com",
	"password": "6J5bCogEldiqoNz"
}
[2021-4-27 15:39:19] 💌 << 200 OK
[2021-4-27 15:39:19] 📨 >> GET /comment/1/unbookmark {}
[2021-4-27 15:39:19] CommentException: Cannot unbookmark Comment: Comment has not been bookmarked.
    at Comment.unbookmark (/home/gjj/web-ii/Assignments/assignment-5-gjj08519/src/models/Comment.js:90:19)
    at runMicrotasks (<anonymous>)
    at processTicksAndRejections (internal/process/task_queues.js:93:5)
    at async CommentController.unbookmark (/home/gjj/web-ii/Assignments/assignment-5-gjj08519/src/controllers/CommentController.js:76:7)
    at async Router.dispatch (/home/gjj/web-ii/Assignments/assignment-5-gjj08519/src/router/Router.js:40:23)
    at async App.sendResponse (/home/gjj/web-ii/Assignments/assignment-5-gjj08519/src/App.js:43:20)
    at async Server.<anonymous> (/home/gjj/web-ii/Assignments/assignment-5-gjj08519/server.js:91:2)
[2021-4-27 15:39:19] 💌 << 400 BAD_REQUEST
[2021-4-27 15:41:35] 📨 >> GET / ""
[2021-4-27 15:41:36] 💌 << 200 OK
[2021-4-27 15:41:36] 📨 >> GET /user/1 ""
[2021-4-27 15:41:36] 💌 << 200 OK
[2021-4-27 15:41:37] 📨 >> GET /auth/login ""
[2021-4-27 15:41:37] 💌 << 200 OK
[2021-4-27 15:41:37] 📨 >> GET /user/1 ""
[2021-4-27 15:41:37] 💌 << 200 OK
[2021-4-27 15:41:38] 📨 >> POST /auth/login {
	"email": "Melody_Herman@gmail.com",
	"password": "j4h1WDdZnBdZtSS",
	"remember": "remember"
}
[2021-4-27 15:41:38] 💌 << 303 SEE_OTHER
[2021-4-27 15:41:38] 📨 >> GET /user/1 ""
[2021-4-27 15:41:38] 💌 << 200 OK
[2021-4-27 15:41:38] 📨 >> GET /user/1 ""
[2021-4-27 15:41:38] 💌 << 200 OK
[2021-4-27 15:42:16] 📨 >> GET / ""
[2021-4-27 15:42:16] 💌 << 200 OK
[2021-4-27 15:42:16] 📨 >> GET /user/1 ""
[2021-4-27 15:42:16] 💌 << 200 OK
[2021-4-27 15:42:16] 📨 >> GET /auth/login ""
[2021-4-27 15:42:16] 💌 << 200 OK
[2021-4-27 15:42:16] 📨 >> GET /user/1 ""
[2021-4-27 15:42:16] 💌 << 200 OK
[2021-4-27 15:42:16] 📨 >> POST /auth/login {
	"email": "Cloyd.Kirlin@yahoo.com",
	"password": "eycZxB1ygYUGFos",
	"remember": "remember"
}
[2021-4-27 15:42:16] 💌 << 303 SEE_OTHER
[2021-4-27 15:42:16] 📨 >> GET /user/1 ""
[2021-4-27 15:42:16] 💌 << 200 OK
[2021-4-27 15:42:16] 📨 >> GET /user/1 ""
[2021-4-27 15:42:16] 💌 << 200 OK
[2021-4-27 15:42:54] 📨 >> GET / ""
[2021-4-27 15:42:54] 💌 << 200 OK
[2021-4-27 15:42:54] 📨 >> GET /user/1 ""
[2021-4-27 15:42:54] 💌 << 200 OK
[2021-4-27 15:42:54] 📨 >> GET /category/1 ""
[2021-4-27 15:42:54] 💌 << 200 OK
[2021-4-27 15:42:54] 📨 >> GET /user/1 ""
[2021-4-27 15:42:54] 💌 << 200 OK
[2021-4-27 15:42:54] 📨 >> GET /post/1 ""
[2021-4-27 15:42:54] 💌 << 200 OK
[2021-4-27 15:42:54] 📨 >> GET /user/1 ""
[2021-4-27 15:42:54] 💌 << 200 OK
[2021-4-27 15:43:0] 📨 >> GET / ""
[2021-4-27 15:43:0] 💌 << 200 OK
[2021-4-27 15:43:0] 📨 >> GET /user/1 ""
[2021-4-27 15:43:0] 💌 << 200 OK
[2021-4-27 15:43:0] 📨 >> GET /auth/login ""
[2021-4-27 15:43:0] 💌 << 200 OK
[2021-4-27 15:43:0] 📨 >> GET /user/1 ""
[2021-4-27 15:43:0] 💌 << 200 OK
[2021-4-27 15:43:0] 📨 >> POST /auth/login {
	"email": "Jerod32@yahoo.com",
	"password": "iCkOgifb_BY3Kc3",
	"remember": "remember"
}
[2021-4-27 15:43:0] 💌 << 303 SEE_OTHER
[2021-4-27 15:43:0] 📨 >> GET /user/7 ""
[2021-4-27 15:43:0] 💌 << 200 OK
[2021-4-27 15:43:0] 📨 >> GET /user/1 ""
[2021-4-27 15:43:0] 💌 << 200 OK
[2021-4-27 15:43:37] 📨 >> GET / ""
[2021-4-27 15:43:37] 💌 << 200 OK
[2021-4-27 15:43:37] 📨 >> GET /user/1 ""
[2021-4-27 15:43:37] 💌 << 200 OK
[2021-4-27 15:43:37] 📨 >> GET /auth/login ""
[2021-4-27 15:43:37] 💌 << 200 OK
[2021-4-27 15:43:37] 📨 >> GET /user/1 ""
[2021-4-27 15:43:37] 💌 << 200 OK
[2021-4-27 15:43:37] 📨 >> POST /auth/login {
	"email": "Amara19@yahoo.com",
	"password": "lZi7yimEhiyZyRJ",
	"remember": "remember"
}
[2021-4-27 15:43:37] 💌 << 303 SEE_OTHER
[2021-4-27 15:43:37] 📨 >> GET /user/1 ""
[2021-4-27 15:43:37] 💌 << 200 OK
[2021-4-27 15:43:37] 📨 >> GET /user/1 ""
[2021-4-27 15:43:37] 💌 << 200 OK
[2021-4-27 15:44:13] 📨 >> GET / ""
[2021-4-27 15:44:13] 💌 << 200 OK
[2021-4-27 15:44:13] 📨 >> GET /user/1 ""
[2021-4-27 15:44:13] 💌 << 200 OK
[2021-4-27 15:44:13] 📨 >> GET /auth/login ""
[2021-4-27 15:44:13] 💌 << 200 OK
[2021-4-27 15:44:13] 📨 >> GET /user/1 ""
[2021-4-27 15:44:13] 💌 << 200 OK
[2021-4-27 15:44:13] 📨 >> POST /auth/login {
	"email": "Pansy_Schowalter41@gmail.com",
	"password": "kctYGhuBQ0p7b_o",
	"remember": "remember"
}
[2021-4-27 15:44:13] 💌 << 303 SEE_OTHER
[2021-4-27 15:44:13] 📨 >> GET /user/1 ""
[2021-4-27 15:44:13] 💌 << 200 OK
[2021-4-27 15:44:14] 📨 >> GET /user/1 ""
[2021-4-27 15:44:14] 💌 << 200 OK
[2021-4-27 15:44:50] 📨 >> GET / ""
[2021-4-27 15:44:50] 💌 << 200 OK
[2021-4-27 15:44:50] 📨 >> GET /user/1 ""
[2021-4-27 15:44:50] 💌 << 200 OK
[2021-4-27 15:44:50] 📨 >> GET /category/1 ""
[2021-4-27 15:44:50] 💌 << 200 OK
[2021-4-27 15:44:50] 📨 >> GET /user/1 ""
[2021-4-27 15:44:50] 💌 << 200 OK
[2021-4-27 15:44:50] 📨 >> GET /post/1 ""
[2021-4-27 15:44:51] 💌 << 200 OK
[2021-4-27 15:44:51] 📨 >> GET /user/1 ""
[2021-4-27 15:44:51] 💌 << 200 OK
[2021-4-27 15:44:56] 📨 >> GET / ""
[2021-4-27 15:44:56] 💌 << 200 OK
[2021-4-27 15:44:56] 📨 >> GET /user/1 ""
[2021-4-27 15:44:56] 💌 << 200 OK
[2021-4-27 15:44:56] 📨 >> GET /auth/login ""
[2021-4-27 15:44:56] 💌 << 200 OK
[2021-4-27 15:44:56] 📨 >> GET /user/1 ""
[2021-4-27 15:44:56] 💌 << 200 OK
[2021-4-27 15:44:56] 📨 >> POST /auth/login {
	"email": "Kurt_Skiles@gmail.com",
	"password": "REAiP6RQ3gQdk4q",
	"remember": "remember"
}
[2021-4-27 15:44:56] 💌 << 303 SEE_OTHER
[2021-4-27 15:44:56] 📨 >> GET /user/7 ""
[2021-4-27 15:44:56] 💌 << 200 OK
[2021-4-27 15:44:56] 📨 >> GET /user/1 ""
[2021-4-27 15:44:56] 💌 << 200 OK
[2021-4-27 15:48:22] 📨 >> GET / ""
[2021-4-27 15:48:22] 💌 << 200 OK
[2021-4-27 15:48:22] 📨 >> GET /user/1 ""
[2021-4-27 15:48:22] 💌 << 200 OK
[2021-4-27 15:48:27] 📨 >> GET /auth/login ""
[2021-4-27 15:48:27] 💌 << 200 OK
[2021-4-27 15:48:27] 📨 >> GET /user/1 ""
[2021-4-27 15:48:27] 💌 << 200 OK
[2021-4-27 15:48:31] 📨 >> POST /auth/login {
	"email": "Maritza.Bailey32@hotmail.com",
	"password": "XTb39FYMSI24iWK",
	"remember": "remember"
}
[2021-4-27 15:48:31] 💌 << 303 SEE_OTHER
[2021-4-27 15:48:31] 📨 >> GET /user/1 ""
[2021-4-27 15:48:31] 💌 << 200 OK
[2021-4-27 15:48:32] 📨 >> GET /user/1 ""
[2021-4-27 15:48:32] 💌 << 200 OK
[2021-4-27 15:49:45] 📨 >> GET /auth/login ""
[2021-4-27 15:49:45] 💌 << 200 OK
[2021-4-27 15:51:35] 📨 >> GET / ""
[2021-4-27 15:51:35] 💌 << 200 OK
[2021-4-27 15:51:35] 📨 >> GET /user/1 ""
[2021-4-27 15:51:35] 💌 << 200 OK
[2021-4-27 15:51:45] 📨 >> GET /auth/login ""
[2021-4-27 15:51:45] 💌 << 200 OK
[2021-4-27 15:51:45] 📨 >> GET /user/1 ""
[2021-4-27 15:51:45] 💌 << 200 OK
[2021-4-27 15:51:53] 📨 >> POST /auth/login {
	"email": "Jennie_Jerde@yahoo.com",
	"password": "Hlg0U0JJyPkhQr3",
	"remember": "remember"
}
[2021-4-27 15:51:53] 💌 << 303 SEE_OTHER
[2021-4-27 15:51:53] 📨 >> GET /user/7 ""
[2021-4-27 15:51:53] 💌 << 200 OK
[2021-4-27 15:51:53] 📨 >> GET /user/1 ""
[2021-4-27 15:51:53] 💌 << 200 OK
[2021-4-27 15:54:24] 📨 >> GET / ""
[2021-4-27 15:54:24] 💌 << 200 OK
[2021-4-27 15:54:24] 📨 >> GET /user/1 ""
[2021-4-27 15:54:24] 💌 << 200 OK
[2021-4-27 15:58:13] 📨 >> GET / ""
[2021-4-27 15:58:13] 💌 << 200 OK
[2021-4-27 15:58:13] 📨 >> GET /user/1 ""
[2021-4-27 15:58:13] 💌 << 200 OK
[2021-4-27 15:58:14] 📨 >> GET /auth/login ""
[2021-4-27 15:58:14] 💌 << 200 OK
[2021-4-27 15:58:14] 📨 >> GET /user/1 ""
[2021-4-27 15:58:14] 💌 << 200 OK
[2021-4-27 15:58:18] 📨 >> POST /auth/login {
	"email": "Kory_Schulist21@hotmail.com",
	"password": "PbObPguM10jMUFV",
	"remember": "remember"
}
[2021-4-27 15:58:18] 💌 << 303 SEE_OTHER
[2021-4-27 15:58:18] 📨 >> GET /user/19 ""
[2021-4-27 15:58:18] 💌 << 200 OK
[2021-4-27 15:58:18] 📨 >> GET /user/1 ""
[2021-4-27 15:58:18] 💌 << 200 OK
[2021-4-27 15:58:22] 📨 >> GET / ""
[2021-4-27 15:58:22] 💌 << 200 OK
[2021-4-27 15:58:22] 📨 >> GET /user/1 ""
[2021-4-27 15:58:22] 💌 << 200 OK
[2021-4-27 15:58:27] 📨 >> GET /category/7 ""
[2021-4-27 15:58:27] 💌 << 200 OK
[2021-4-27 15:58:27] 📨 >> GET /user/1 ""
[2021-4-27 15:58:27] 💌 << 200 OK
[2021-4-27 15:58:30] 📨 >> GET /post/7 ""
[2021-4-27 15:58:30] 💌 << 200 OK
[2021-4-27 15:58:30] 📨 >> GET /user/1 ""
[2021-4-27 15:58:30] 💌 << 200 OK
[2021-4-27 16:6:11] 📨 >> GET / ""
[2021-4-27 16:6:11] 💌 << 200 OK
[2021-4-27 16:6:11] 📨 >> GET /user/1 ""
[2021-4-27 16:6:11] 💌 << 200 OK
[2021-4-27 16:6:12] 📨 >> GET /auth/login ""
[2021-4-27 16:6:12] 💌 << 200 OK
[2021-4-27 16:6:13] 📨 >> GET /user/1 ""
[2021-4-27 16:6:13] 💌 << 200 OK
[2021-4-27 16:6:15] 📨 >> POST /auth/login {
	"email": "Lazaro77@hotmail.com",
	"password": "_OoK5_QtPRYPcTQ",
	"remember": "remember"
}
[2021-4-27 16:6:15] 💌 << 303 SEE_OTHER
[2021-4-27 16:6:15] 📨 >> GET /user/25 ""
[2021-4-27 16:6:15] 💌 << 200 OK
[2021-4-27 16:6:15] 📨 >> GET /user/1 ""
[2021-4-27 16:6:15] 💌 << 200 OK
[2021-4-27 16:6:17] 📨 >> GET / ""
[2021-4-27 16:6:17] 💌 << 200 OK
[2021-4-27 16:6:17] 📨 >> GET /user/1 ""
[2021-4-27 16:6:17] 💌 << 200 OK
[2021-4-27 16:6:20] 📨 >> GET /category/9 ""
[2021-4-27 16:6:20] 💌 << 200 OK
[2021-4-27 16:6:20] 📨 >> GET /user/1 ""
[2021-4-27 16:6:20] 💌 << 200 OK
[2021-4-27 16:6:23] 📨 >> GET /post/9 ""
[2021-4-27 16:6:23] 💌 << 200 OK
[2021-4-27 16:6:23] 📨 >> GET /user/1 ""
[2021-4-27 16:6:23] 💌 << 200 OK
[2021-4-27 16:6:38] 📨 >> GET /user/9/edit ""
[2021-4-27 16:6:38] 💌 << 200 OK
[2021-4-27 16:6:38] 📨 >> GET /user/1 ""
[2021-4-27 16:6:38] 💌 << 200 OK
[2021-4-27 17:23:43] 📨 >> GET / ""
[2021-4-27 17:23:43] 💌 << 200 OK
[2021-4-27 17:23:44] 📨 >> GET /user/1 ""
[2021-4-27 17:23:44] 💌 << 200 OK
[2021-4-27 17:23:50] 📨 >> GET /auth/login ""
[2021-4-27 17:23:50] 💌 << 200 OK
[2021-4-27 17:23:50] 📨 >> GET /user/1 ""
[2021-4-27 17:23:50] 💌 << 200 OK
[2021-4-27 17:23:54] 📨 >> POST /auth/login {
	"email": "Tara_Predovic@yahoo.com",
	"password": "FhLR1r3TyjDtS9z",
	"remember": "remember"
}
[2021-4-27 17:23:54] 💌 << 303 SEE_OTHER
[2021-4-27 17:23:54] 📨 >> GET /user/31 ""
[2021-4-27 17:23:54] 💌 << 200 OK
[2021-4-27 17:23:54] 📨 >> GET /user/1 ""
[2021-4-27 17:23:54] 💌 << 200 OK
[2021-4-27 17:23:57] 📨 >> GET / ""
[2021-4-27 17:23:57] 💌 << 200 OK
[2021-4-27 17:23:57] 📨 >> GET /user/1 ""
[2021-4-27 17:23:57] 💌 << 200 OK
[2021-4-27 17:23:58] 📨 >> GET /category/11 ""
[2021-4-27 17:23:58] 💌 << 200 OK
[2021-4-27 17:23:58] 📨 >> GET /user/1 ""
[2021-4-27 17:23:58] 💌 << 200 OK
[2021-4-27 17:24:1] 📨 >> GET /post/11 ""
[2021-4-27 17:24:1] 💌 << 200 OK
[2021-4-27 17:24:1] 📨 >> GET /user/1 ""
[2021-4-27 17:24:1] 💌 << 200 OK
[2021-4-27 17:26:4] 📨 >> GET / ""
[2021-4-27 17:26:4] 💌 << 200 OK
[2021-4-27 17:26:4] 📨 >> GET /user/1 ""
[2021-4-27 17:26:4] 💌 << 200 OK
[2021-4-27 17:26:6] 📨 >> GET /auth/login ""
[2021-4-27 17:26:6] 💌 << 200 OK
[2021-4-27 17:26:6] 📨 >> GET /user/1 ""
[2021-4-27 17:26:6] 💌 << 200 OK
[2021-4-27 17:26:9] 📨 >> POST /auth/login {
	"email": "Melba_Bahringer95@yahoo.com",
	"password": "s410mHpWBwkvSmt",
	"remember": "remember"
}
[2021-4-27 17:26:9] 💌 << 303 SEE_OTHER
[2021-4-27 17:26:9] 📨 >> GET /user/1 ""
[2021-4-27 17:26:9] 💌 << 200 OK
[2021-4-27 17:26:9] 📨 >> GET /user/1 ""
[2021-4-27 17:26:9] 💌 << 200 OK
[2021-4-27 17:26:10] 📨 >> GET / ""
[2021-4-27 17:26:10] 💌 << 200 OK
[2021-4-27 17:26:10] 📨 >> GET /user/1 ""
[2021-4-27 17:26:10] 💌 << 200 OK
[2021-4-27 17:26:11] 📨 >> GET /category/1 ""
[2021-4-27 17:26:11] 💌 << 200 OK
[2021-4-27 17:26:11] 📨 >> GET /user/1 ""
[2021-4-27 17:26:11] 💌 << 200 OK
[2021-4-27 17:26:13] 📨 >> GET /post/1 ""
[2021-4-27 17:26:13] 💌 << 200 OK
[2021-4-27 17:26:13] 📨 >> GET /user/1 ""
[2021-4-27 17:26:13] 💌 << 200 OK
[2021-4-27 17:26:16] 📨 >> GET /user/1 ""
[2021-4-27 17:26:16] 💌 << 200 OK
[2021-4-27 17:26:16] 📨 >> GET /user/1 ""
[2021-4-27 17:26:16] 💌 << 200 OK
[2021-4-27 17:47:5] 📨 >> GET / ""
[2021-4-27 17:47:5] 💌 << 200 OK
[2021-4-27 17:47:5] 📨 >> GET /user/1 ""
[2021-4-27 17:47:5] 💌 << 200 OK
[2021-4-27 17:47:7] 📨 >> GET /auth/login ""
[2021-4-27 17:47:7] 💌 << 200 OK
[2021-4-27 17:47:7] 📨 >> GET /user/1 ""
[2021-4-27 17:47:7] 💌 << 200 OK
[2021-4-27 17:47:10] 📨 >> POST /auth/login {
	"email": "Ambrose.Yundt97@yahoo.com",
	"password": "NGT0ck3gqVTyLH2",
	"remember": "remember"
}
[2021-4-27 17:47:10] 💌 << 303 SEE_OTHER
[2021-4-27 17:47:10] 📨 >> GET /user/1 ""
[2021-4-27 17:47:10] 💌 << 200 OK
[2021-4-27 17:47:10] 📨 >> GET /user/1 ""
[2021-4-27 17:47:10] 💌 << 200 OK
[2021-4-27 17:47:13] 📨 >> GET / ""
[2021-4-27 17:47:13] 💌 << 200 OK
[2021-4-27 17:47:13] 📨 >> GET /user/1 ""
[2021-4-27 17:47:13] 💌 << 200 OK
[2021-4-27 17:47:14] 📨 >> GET /category/1 ""
[2021-4-27 17:47:14] 💌 << 200 OK
[2021-4-27 17:47:15] 📨 >> GET /user/1 ""
[2021-4-27 17:47:15] 💌 << 200 OK
[2021-4-27 17:47:16] 📨 >> GET /post/1 ""
[2021-4-27 17:47:17] 💌 << 200 OK
[2021-4-27 17:47:17] 📨 >> GET /user/1 ""
[2021-4-27 17:47:17] 💌 << 200 OK
[2021-4-27 17:47:19] 📨 >> GET /user/1 ""
[2021-4-27 17:47:19] 💌 << 200 OK
[2021-4-27 17:47:19] 📨 >> GET /user/1 ""
[2021-4-27 17:47:19] 💌 << 200 OK
[2021-4-27 17:48:8] 📨 >> GET /user/1 ""
[2021-4-27 17:48:8] 💌 << 200 OK
[2021-4-27 17:48:8] 📨 >> GET /user/1 ""
[2021-4-27 17:48:8] 💌 << 200 OK
[2021-4-27 17:52:26] 📨 >> GET / ""
[2021-4-27 17:52:26] 💌 << 200 OK
[2021-4-27 17:52:30] 📨 >> GET /user/1 ""
[2021-4-27 17:52:30] 💌 << 200 OK
[2021-4-27 17:52:32] 📨 >> GET /auth/login ""
[2021-4-27 17:52:32] 💌 << 200 OK
[2021-4-27 17:52:32] 📨 >> GET /user/1 ""
[2021-4-27 17:52:32] 💌 << 200 OK
[2021-4-27 17:52:37] 📨 >> POST /auth/login {
	"email": "gjj085199@gmail.com",
	"password": "123",
	"remember": "remember"
}
[2021-4-27 17:52:37] AuthException: Cannot log in: Invalid credentials.
    at AuthController.login (/home/gjj/web-ii/Assignments/assignment-5-gjj08519/src/controllers/AuthController.js:59:19)
    at processTicksAndRejections (internal/process/task_queues.js:93:5)
    at async Router.dispatch (/home/gjj/web-ii/Assignments/assignment-5-gjj08519/src/router/Router.js:40:23)
    at async App.sendResponse (/home/gjj/web-ii/Assignments/assignment-5-gjj08519/src/App.js:43:20)
    at async Server.<anonymous> (/home/gjj/web-ii/Assignments/assignment-5-gjj08519/server.js:91:2)
[2021-4-27 17:52:37] 💌 << 400 BAD_REQUEST
[2021-4-27 17:52:45] 📨 >> POST /auth/login {
	"email": "gjj085199@gmail.com",
	"password": "123",
	"remember": "remember"
}
[2021-4-27 17:52:45] AuthException: Cannot log in: Invalid credentials.
    at AuthController.login (/home/gjj/web-ii/Assignments/assignment-5-gjj08519/src/controllers/AuthController.js:59:19)
    at processTicksAndRejections (internal/process/task_queues.js:93:5)
    at async Router.dispatch (/home/gjj/web-ii/Assignments/assignment-5-gjj08519/src/router/Router.js:40:23)
    at async App.sendResponse (/home/gjj/web-ii/Assignments/assignment-5-gjj08519/src/App.js:43:20)
    at async Server.<anonymous> (/home/gjj/web-ii/Assignments/assignment-5-gjj08519/server.js:91:2)
[2021-4-27 17:52:45] 💌 << 400 BAD_REQUEST
[2021-4-27 17:53:2] 📨 >> GET / ""
[2021-4-27 17:53:2] 💌 << 200 OK
[2021-4-27 17:53:2] 📨 >> GET /user/1 ""
[2021-4-27 17:53:2] 💌 << 200 OK
[2021-4-27 17:53:6] 📨 >> GET /auth/login ""
[2021-4-27 17:53:6] 💌 << 200 OK
[2021-4-27 17:53:6] 📨 >> GET /user/1 ""
[2021-4-27 17:53:6] 💌 << 200 OK
[2021-4-27 17:53:19] 📨 >> POST /auth/login {
	"email": "gjj08519911@gmail.com",
	"password": "1111",
	"remember": "remember"
}
[2021-4-27 17:53:19] AuthException: Cannot log in: Invalid credentials.
    at AuthController.login (/home/gjj/web-ii/Assignments/assignment-5-gjj08519/src/controllers/AuthController.js:59:19)
    at processTicksAndRejections (internal/process/task_queues.js:93:5)
    at async Router.dispatch (/home/gjj/web-ii/Assignments/assignment-5-gjj08519/src/router/Router.js:40:23)
    at async App.sendResponse (/home/gjj/web-ii/Assignments/assignment-5-gjj08519/src/App.js:43:20)
    at async Server.<anonymous> (/home/gjj/web-ii/Assignments/assignment-5-gjj08519/server.js:91:2)
[2021-4-27 17:53:19] 💌 << 400 BAD_REQUEST
[2021-4-27 17:53:31] 📨 >> GET /auth/register ""
[2021-4-27 17:53:31] 💌 << 200 OK
[2021-4-27 17:53:31] 📨 >> GET /user/1 ""
[2021-4-27 17:53:31] 💌 << 200 OK
[2021-4-27 17:53:51] 📨 >> POST /user {
	"username": "1831989",
	"email": "gjj08519911@gmail.com",
	"password": "123"
}
[2021-4-27 17:53:52] 💌 << 303 SEE_OTHER
[2021-4-27 17:53:52] 📨 >> GET /auth/login ""
[2021-4-27 17:53:52] 💌 << 200 OK
[2021-4-27 17:53:52] 📨 >> GET /user/1 ""
[2021-4-27 17:53:52] 💌 << 200 OK
[2021-4-27 17:53:57] 📨 >> POST /auth/login {
	"email": "gjj08519911@gmail.com",
	"password": "123",
	"remember": "remember"
}
[2021-4-27 17:53:57] 💌 << 303 SEE_OTHER
[2021-4-27 17:53:57] 📨 >> GET /user/7 ""
[2021-4-27 17:53:57] 💌 << 200 OK
[2021-4-27 17:53:57] 📨 >> GET /user/1 ""
[2021-4-27 17:53:57] 💌 << 200 OK
[2021-4-27 17:54:20] 📨 >> GET /auth/login ""
[2021-4-27 17:54:20] 💌 << 200 OK
[2021-4-27 17:54:31] 📨 >> GET /category/2 ""
[2021-4-27 17:54:31] 💌 << 200 OK
[2021-4-27 17:54:31] 📨 >> GET /user/1 ""
[2021-4-27 17:54:31] 💌 << 200 OK
[2021-4-27 17:54:34] 📨 >> GET /post/2 ""
[2021-4-27 17:54:34] 💌 << 200 OK
[2021-4-27 17:54:34] 📨 >> GET /user/1 ""
[2021-4-27 17:54:34] 💌 << 200 OK
[2021-4-27 17:55:2] 📨 >> GET /user/7 ""
[2021-4-27 17:55:2] 💌 << 200 OK
[2021-4-27 17:55:2] 📨 >> GET /user/1 ""
[2021-4-27 17:55:2] 💌 << 200 OK
[2021-4-27 18:0:5] 📨 >> GET /user/7 ""
[2021-4-27 18:0:5] 💌 << 200 OK
[2021-4-27 18:0:5] 📨 >> GET /user/1 ""
[2021-4-27 18:0:5] 💌 << 200 OK
[2021-4-27 18:0:8] 📨 >> GET /user/7 ""
[2021-4-27 18:0:8] 💌 << 200 OK
[2021-4-27 18:0:8] 📨 >> GET /user/1 ""
[2021-4-27 18:0:8] 💌 << 200 OK
[2021-4-27 18:0:23] 📨 >> GET /user/7 ""
[2021-4-27 18:0:23] 💌 << 200 OK
[2021-4-27 18:0:23] 📨 >> GET /user/1 ""
[2021-4-27 18:0:23] 💌 << 200 OK
[2021-4-27 18:0:29] 📨 >> GET / ""
[2021-4-27 18:0:29] 💌 << 200 OK
[2021-4-27 18:0:29] 📨 >> GET /user/1 ""
[2021-4-27 18:0:29] 💌 << 200 OK
[2021-4-27 18:0:34] 📨 >> GET /category/2 ""
[2021-4-27 18:0:34] 💌 << 200 OK
[2021-4-27 18:0:34] 📨 >> GET /user/1 ""
[2021-4-27 18:0:34] 💌 << 200 OK
[2021-4-27 18:0:36] 📨 >> GET /post/2 ""
[2021-4-27 18:0:36] 💌 << 200 OK
[2021-4-27 18:0:37] 📨 >> GET /user/1 ""
[2021-4-27 18:0:37] 💌 << 200 OK
[2021-4-27 18:0:46] 📨 >> GET /auth/login ""
[2021-4-27 18:0:46] 💌 << 200 OK
[2021-4-27 18:0:46] 📨 >> GET /user/1 ""
[2021-4-27 18:0:46] 💌 << 200 OK
[2021-4-27 18:0:50] 📨 >> POST /auth/login {
	"email": "gjj08519911@gmail.com",
	"password": "123",
	"remember": "remember"
}
[2021-4-27 18:0:50] 💌 << 303 SEE_OTHER
[2021-4-27 18:0:50] 📨 >> GET /user/7 ""
[2021-4-27 18:0:50] 💌 << 200 OK
[2021-4-27 18:0:50] 📨 >> GET /user/1 ""
[2021-4-27 18:0:50] 💌 << 200 OK
[2021-4-27 18:0:56] 📨 >> GET / ""
[2021-4-27 18:0:56] 💌 << 200 OK
[2021-4-27 18:0:56] 📨 >> GET /user/1 ""
[2021-4-27 18:0:57] 💌 << 200 OK
[2021-4-27 18:0:59] 📨 >> GET /category/2 ""
[2021-4-27 18:0:59] 💌 << 200 OK
[2021-4-27 18:0:59] 📨 >> GET /user/1 ""
[2021-4-27 18:0:59] 💌 << 200 OK
[2021-4-27 18:1:2] 📨 >> GET /post/2 ""
[2021-4-27 18:1:2] 💌 << 200 OK
[2021-4-27 18:1:2] 📨 >> GET /user/1 ""
[2021-4-27 18:1:2] 💌 << 200 OK
[2021-4-27 18:1:24] 📨 >> GET /user/7 ""
[2021-4-27 18:1:24] 💌 << 200 OK
[2021-4-27 18:1:24] 📨 >> GET /user/1 ""
[2021-4-27 18:1:24] 💌 << 200 OK
[2021-4-27 18:3:20] 📨 >> GET /user/7 ""
[2021-4-27 18:3:20] 💌 << 200 OK
[2021-4-27 18:3:20] 📨 >> GET /user/1 ""
[2021-4-27 18:3:20] 💌 << 200 OK
[2021-4-27 18:3:22] 📨 >> GET /user/7 ""
[2021-4-27 18:3:22] 💌 << 200 OK
[2021-4-27 18:3:22] 📨 >> GET /user/1 ""
[2021-4-27 18:3:22] 💌 << 200 OK
[2021-4-27 18:3:23] 📨 >> GET /user/7 ""
[2021-4-27 18:3:23] 💌 << 200 OK
[2021-4-27 18:3:23] 📨 >> GET /user/1 ""
[2021-4-27 18:3:23] 💌 << 200 OK
[2021-4-27 18:3:24] 📨 >> GET /user/7 ""
[2021-4-27 18:3:24] 💌 << 200 OK
[2021-4-27 18:3:24] 📨 >> GET /user/1 ""
[2021-4-27 18:3:24] 💌 << 200 OK
[2021-4-27 18:3:34] 📨 >> GET / ""
[2021-4-27 18:3:34] 💌 << 200 OK
[2021-4-27 18:3:34] 📨 >> GET /user/1 ""
[2021-4-27 18:3:34] 💌 << 200 OK
[2021-4-27 18:3:36] 📨 >> GET /category/2 ""
[2021-4-27 18:3:36] 💌 << 200 OK
[2021-4-27 18:3:36] 📨 >> GET /user/1 ""
[2021-4-27 18:3:36] 💌 << 200 OK
[2021-4-27 18:3:42] 📨 >> GET /post/2 ""
[2021-4-27 18:3:42] 💌 << 200 OK
[2021-4-27 18:3:42] 📨 >> GET /user/1 ""
[2021-4-27 18:3:42] 💌 << 200 OK
[2021-4-27 18:3:48] 📨 >> GET /auth/login ""
[2021-4-27 18:3:48] 💌 << 200 OK
[2021-4-27 18:3:48] 📨 >> GET /user/1 ""
[2021-4-27 18:3:49] 💌 << 200 OK
[2021-4-27 18:3:55] 📨 >> POST /auth/login {
	"email": "gjj08519911@gmail.com",
	"password": "123",
	"remember": "remember"
}
[2021-4-27 18:3:55] 💌 << 303 SEE_OTHER
[2021-4-27 18:3:55] 📨 >> GET /user/7 ""
[2021-4-27 18:3:55] 💌 << 200 OK
[2021-4-27 18:3:55] 📨 >> GET /user/1 ""
[2021-4-27 18:3:55] 💌 << 200 OK
[2021-4-27 18:4:5] 📨 >> GET / ""
[2021-4-27 18:4:5] 💌 << 200 OK
[2021-4-27 18:4:5] 📨 >> GET /user/1 ""
[2021-4-27 18:4:5] 💌 << 200 OK
[2021-4-27 18:4:8] 📨 >> GET /category/2 ""
[2021-4-27 18:4:8] 💌 << 200 OK
[2021-4-27 18:4:8] 📨 >> GET /user/1 ""
[2021-4-27 18:4:8] 💌 << 200 OK
[2021-4-27 18:4:13] 📨 >> GET /post/2 ""
[2021-4-27 18:4:13] 💌 << 200 OK
[2021-4-27 18:4:13] 📨 >> GET /user/1 ""
[2021-4-27 18:4:13] 💌 << 200 OK
[2021-4-27 18:4:22] 📨 >> GET /user/7 ""
[2021-4-27 18:4:22] 💌 << 200 OK
[2021-4-27 18:4:22] 📨 >> GET /user/1 ""
[2021-4-27 18:4:22] 💌 << 200 OK
[2021-4-27 18:8:35] 📨 >> GET /user/7 ""
[2021-4-27 18:8:35] 💌 << 200 OK
[2021-4-27 18:8:35] 📨 >> GET /user/1 ""
[2021-4-27 18:8:35] 💌 << 200 OK
[2021-4-27 18:8:44] 📨 >> GET / ""
[2021-4-27 18:8:44] 💌 << 200 OK
[2021-4-27 18:8:44] 📨 >> GET /user/1 ""
[2021-4-27 18:8:44] 💌 << 200 OK
[2021-4-27 18:8:47] 📨 >> GET /auth/login ""
[2021-4-27 18:8:48] 💌 << 200 OK
[2021-4-27 18:8:48] 📨 >> GET /user/1 ""
[2021-4-27 18:8:48] 💌 << 200 OK
[2021-4-27 18:8:50] 📨 >> POST /auth/login {
	"email": "gjj08519911@gmail.com",
	"password": "123",
	"remember": "remember"
}
[2021-4-27 18:8:50] 💌 << 303 SEE_OTHER
[2021-4-27 18:8:50] 📨 >> GET /user/7 ""
[2021-4-27 18:8:50] 💌 << 200 OK
[2021-4-27 18:8:51] 📨 >> GET /user/1 ""
[2021-4-27 18:8:51] 💌 << 200 OK
[2021-4-27 18:8:57] 📨 >> GET / ""
[2021-4-27 18:8:57] 💌 << 200 OK
[2021-4-27 18:8:57] 📨 >> GET /user/1 ""
[2021-4-27 18:8:57] 💌 << 200 OK
[2021-4-27 18:8:58] 📨 >> GET /category/2 ""
[2021-4-27 18:8:59] 💌 << 200 OK
[2021-4-27 18:8:59] 📨 >> GET /user/1 ""
[2021-4-27 18:8:59] 💌 << 200 OK
[2021-4-27 18:9:1] 📨 >> GET /post/2 ""
[2021-4-27 18:9:1] 💌 << 200 OK
[2021-4-27 18:9:1] 📨 >> GET /user/1 ""
[2021-4-27 18:9:1] 💌 << 200 OK
[2021-4-27 18:9:3] 📨 >> GET /user/7 ""
[2021-4-27 18:9:3] 💌 << 200 OK
[2021-4-27 18:9:3] 📨 >> GET /user/1 ""
[2021-4-27 18:9:3] 💌 << 200 OK
[2021-4-27 18:9:46] 📨 >> GET / ""
[2021-4-27 18:9:46] 💌 << 200 OK
[2021-4-27 18:9:46] 📨 >> GET /user/1 ""
[2021-4-27 18:9:46] 💌 << 200 OK
[2021-4-27 18:9:47] 📨 >> GET /auth/login ""
[2021-4-27 18:9:47] 💌 << 200 OK
[2021-4-27 18:9:47] 📨 >> GET /user/1 ""
[2021-4-27 18:9:47] 💌 << 200 OK
[2021-4-27 18:9:49] 📨 >> POST /auth/login {
	"email": "Monty91@hotmail.com",
	"password": "Yx7FIFZ0zrz1Tf8",
	"remember": "remember"
}
[2021-4-27 18:9:49] 💌 << 303 SEE_OTHER
[2021-4-27 18:9:49] 📨 >> GET /user/8 ""
[2021-4-27 18:9:49] 💌 << 200 OK
[2021-4-27 18:9:49] 📨 >> GET /user/1 ""
[2021-4-27 18:9:49] 💌 << 200 OK
[2021-4-27 18:9:51] 📨 >> GET / ""
[2021-4-27 18:9:51] 💌 << 200 OK
[2021-4-27 18:9:51] 📨 >> GET /user/1 ""
[2021-4-27 18:9:51] 💌 << 200 OK
[2021-4-27 18:9:53] 📨 >> GET /category/3 ""
[2021-4-27 18:9:53] 💌 << 200 OK
[2021-4-27 18:9:53] 📨 >> GET /user/1 ""
[2021-4-27 18:9:53] 💌 << 200 OK
[2021-4-27 18:9:55] 📨 >> GET /post/3 ""
[2021-4-27 18:9:55] 💌 << 200 OK
[2021-4-27 18:9:55] 📨 >> GET /user/1 ""
[2021-4-27 18:9:55] 💌 << 200 OK
[2021-4-27 18:9:56] 📨 >> GET /user/8 ""
[2021-4-27 18:9:56] 💌 << 200 OK
[2021-4-27 18:9:57] 📨 >> GET /user/1 ""
[2021-4-27 18:9:57] 💌 << 200 OK
[2021-4-27 18:12:48] 📨 >> GET / ""
[2021-4-27 18:12:48] 💌 << 200 OK
[2021-4-27 18:12:48] 📨 >> GET /user/1 ""
[2021-4-27 18:12:49] 💌 << 200 OK
[2021-4-27 18:12:49] 📨 >> GET /auth/login ""
[2021-4-27 18:12:49] 💌 << 200 OK
[2021-4-27 18:12:49] 📨 >> GET /user/1 ""
[2021-4-27 18:12:49] 💌 << 200 OK
[2021-4-27 18:12:52] 📨 >> POST /auth/login {
	"email": "Alicia_Stanton@yahoo.com",
	"password": "tbCL2ptUrxoyN37",
	"remember": "remember"
}
[2021-4-27 18:12:52] 💌 << 303 SEE_OTHER
[2021-4-27 18:12:52] 📨 >> GET /user/14 ""
[2021-4-27 18:12:52] 💌 << 200 OK
[2021-4-27 18:12:52] 📨 >> GET /user/1 ""
[2021-4-27 18:12:52] 💌 << 200 OK
[2021-4-27 18:12:53] 📨 >> GET / ""
[2021-4-27 18:12:53] 💌 << 200 OK
[2021-4-27 18:12:53] 📨 >> GET /user/1 ""
[2021-4-27 18:12:53] 💌 << 200 OK
[2021-4-27 18:12:54] 📨 >> GET /category/5 ""
[2021-4-27 18:12:54] 💌 << 200 OK
[2021-4-27 18:12:55] 📨 >> GET /user/1 ""
[2021-4-27 18:12:55] 💌 << 200 OK
[2021-4-27 18:12:56] 📨 >> GET /post/5 ""
[2021-4-27 18:12:56] 💌 << 200 OK
[2021-4-27 18:12:56] 📨 >> GET /user/1 ""
[2021-4-27 18:12:56] 💌 << 200 OK
[2021-4-27 18:12:58] 📨 >> GET /user/14 ""
[2021-4-27 18:12:58] 💌 << 200 OK
[2021-4-27 18:12:58] 📨 >> GET /user/1 ""
[2021-4-27 18:12:58] 💌 << 200 OK
[2021-4-27 18:14:57] 📨 >> GET / ""
[2021-4-27 18:14:57] 💌 << 200 OK
[2021-4-27 18:14:57] 📨 >> GET /user/1 ""
[2021-4-27 18:14:57] 💌 << 200 OK
[2021-4-27 18:14:59] 📨 >> GET /auth/login ""
[2021-4-27 18:14:59] 💌 << 200 OK
[2021-4-27 18:14:59] 📨 >> GET /user/1 ""
[2021-4-27 18:14:59] 💌 << 200 OK
[2021-4-27 18:15:1] 📨 >> POST /auth/login {
	"email": "Federico.Gorczany57@gmail.com",
	"password": "fCcZs9HrZiDwSp6",
	"remember": "remember"
}
[2021-4-27 18:15:1] 💌 << 303 SEE_OTHER
[2021-4-27 18:15:1] 📨 >> GET /user/20 ""
[2021-4-27 18:15:1] 💌 << 200 OK
[2021-4-27 18:15:1] 📨 >> GET /user/1 ""
[2021-4-27 18:15:1] 💌 << 200 OK
[2021-4-27 18:15:2] 📨 >> GET / ""
[2021-4-27 18:15:2] 💌 << 200 OK
[2021-4-27 18:15:2] 📨 >> GET /user/1 ""
[2021-4-27 18:15:2] 💌 << 200 OK
[2021-4-27 18:15:3] 📨 >> GET /category/7 ""
[2021-4-27 18:15:3] 💌 << 200 OK
[2021-4-27 18:15:3] 📨 >> GET /user/1 ""
[2021-4-27 18:15:3] 💌 << 200 OK
[2021-4-27 18:15:5] 📨 >> GET /post/7 ""
[2021-4-27 18:15:5] 💌 << 200 OK
[2021-4-27 18:15:5] 📨 >> GET /user/1 ""
[2021-4-27 18:15:5] 💌 << 200 OK
[2021-4-27 18:15:7] 📨 >> GET /user/20 ""
[2021-4-27 18:15:7] 💌 << 200 OK
[2021-4-27 18:15:7] 📨 >> GET /user/1 ""
[2021-4-27 18:15:7] 💌 << 200 OK
[2021-4-27 18:16:7] 📨 >> GET / ""
[2021-4-27 18:16:7] 💌 << 200 OK
[2021-4-27 18:16:7] 📨 >> GET /user/1 ""
[2021-4-27 18:16:7] 💌 << 200 OK
[2021-4-27 18:16:9] 📨 >> GET /auth/login ""
[2021-4-27 18:16:9] 💌 << 200 OK
[2021-4-27 18:16:9] 📨 >> GET /user/1 ""
[2021-4-27 18:16:9] 💌 << 200 OK
[2021-4-27 18:16:13] 📨 >> POST /auth/login {
	"email": "Jonathan46@hotmail.com",
	"password": "mW_e1X7Cjj1d0wy",
	"remember": "remember"
}
[2021-4-27 18:16:13] 💌 << 303 SEE_OTHER
[2021-4-27 18:16:13] 📨 >> GET /user/26 ""
[2021-4-27 18:16:13] 💌 << 200 OK
[2021-4-27 18:16:13] 📨 >> GET /user/1 ""
[2021-4-27 18:16:13] 💌 << 200 OK
[2021-4-27 18:16:17] 📨 >> GET / ""
[2021-4-27 18:16:17] 💌 << 200 OK
[2021-4-27 18:16:17] 📨 >> GET /user/1 ""
[2021-4-27 18:16:17] 💌 << 200 OK
[2021-4-27 18:16:19] 📨 >> GET /category/9 ""
[2021-4-27 18:16:19] 💌 << 200 OK
[2021-4-27 18:16:19] 📨 >> GET /user/1 ""
[2021-4-27 18:16:19] 💌 << 200 OK
[2021-4-27 18:16:21] 📨 >> GET /post/9 ""
[2021-4-27 18:16:21] 💌 << 200 OK
[2021-4-27 18:16:22] 📨 >> GET /user/1 ""
[2021-4-27 18:16:22] 💌 << 200 OK
[2021-4-27 18:16:32] 📨 >> GET /user/26 ""
[2021-4-27 18:16:32] 💌 << 200 OK
[2021-4-27 18:16:32] 📨 >> GET /user/1 ""
[2021-4-27 18:16:32] 💌 << 200 OK
[2021-4-27 18:38:18] 📨 >> GET / ""
[2021-4-27 18:38:19] 💌 << 200 OK
[2021-4-27 18:38:19] 📨 >> GET /user/1 ""
[2021-4-27 18:38:19] 💌 << 200 OK
[2021-4-27 18:38:21] 📨 >> GET /auth/login ""
[2021-4-27 18:38:21] 💌 << 200 OK
[2021-4-27 18:38:21] 📨 >> GET /user/1 ""
[2021-4-27 18:38:21] 💌 << 200 OK
[2021-4-27 18:38:24] 📨 >> POST /auth/login {
	"email": "Santino38@hotmail.com",
	"password": "B5u9nONjmi5YUDV",
	"remember": "remember"
}
[2021-4-27 18:38:24] 💌 << 303 SEE_OTHER
[2021-4-27 18:38:24] 📨 >> GET /user/32 ""
[2021-4-27 18:38:24] 💌 << 200 OK
[2021-4-27 18:38:24] 📨 >> GET /user/1 ""
[2021-4-27 18:38:24] 💌 << 200 OK
[2021-4-27 18:38:27] 📨 >> GET / ""
[2021-4-27 18:38:27] 💌 << 200 OK
[2021-4-27 18:38:27] 📨 >> GET /user/1 ""
[2021-4-27 18:38:27] 💌 << 200 OK
[2021-4-27 18:38:28] 📨 >> GET /category/11 ""
[2021-4-27 18:38:28] 💌 << 200 OK
[2021-4-27 18:38:28] 📨 >> GET /user/1 ""
[2021-4-27 18:38:28] 💌 << 200 OK
[2021-4-27 18:38:30] 📨 >> GET /post/11 ""
[2021-4-27 18:38:30] 💌 << 200 OK
[2021-4-27 18:38:30] 📨 >> GET /user/1 ""
[2021-4-27 18:38:30] 💌 << 200 OK
[2021-4-27 18:38:36] 📨 >> GET /user/32 ""
[2021-4-27 18:38:36] 💌 << 200 OK
[2021-4-27 18:38:36] 📨 >> GET /user/1 ""
[2021-4-27 18:38:36] 💌 << 200 OK
[2021-4-27 18:47:3] 📨 >> GET / ""
[2021-4-27 18:47:3] 💌 << 200 OK
[2021-4-27 18:47:3] 📨 >> GET /user/1 ""
[2021-4-27 18:47:3] 💌 << 200 OK
[2021-4-27 18:47:4] 📨 >> GET /auth/login ""
[2021-4-27 18:47:4] 💌 << 200 OK
[2021-4-27 18:47:4] 📨 >> GET /user/1 ""
[2021-4-27 18:47:4] 💌 << 200 OK
[2021-4-27 18:47:5] 📨 >> POST /auth/login {
	"email": "Zoila59@yahoo.com",
	"password": "kipPrUx6OdxS4AF",
	"remember": "remember"
}
[2021-4-27 18:47:5] 💌 << 303 SEE_OTHER
[2021-4-27 18:47:5] 📨 >> GET /user/1 ""
[2021-4-27 18:47:6] 💌 << undefined undefined
[2021-4-27 18:48:15] 📨 >> GET / ""
[2021-4-27 18:48:16] 💌 << 200 OK
[2021-4-27 18:48:16] 📨 >> GET /user/1 ""
[2021-4-27 18:48:16] 💌 << 200 OK
[2021-4-27 18:48:22] 📨 >> GET /auth/login ""
[2021-4-27 18:48:22] 💌 << 200 OK
[2021-4-27 18:48:22] 📨 >> GET /user/1 ""
[2021-4-27 18:48:22] 💌 << 200 OK
[2021-4-27 18:48:34] 📨 >> POST /auth/login {
	"email": "Eleanora_Roob@gmail.com",
	"password": "IxOOeZhArlvrNDQ",
	"remember": "remember"
}
[2021-4-27 18:48:34] 💌 << 303 SEE_OTHER
[2021-4-27 18:48:34] 📨 >> GET /user/7 ""
[2021-4-27 18:48:34] 💌 << undefined undefined
[2021-4-27 18:49:46] 📨 >> GET / ""
[2021-4-27 18:49:46] 💌 << 200 OK
[2021-4-27 18:49:46] 📨 >> GET /user/1 ""
[2021-4-27 18:49:46] 💌 << 200 OK
[2021-4-27 18:49:50] 📨 >> GET /category/3 ""
[2021-4-27 18:49:50] 💌 << 200 OK
[2021-4-27 18:49:50] 📨 >> GET /user/1 ""
[2021-4-27 18:49:50] 💌 << 200 OK
[2021-4-27 18:49:52] 📨 >> GET /post/3 ""
[2021-4-27 18:49:52] 💌 << 200 OK
[2021-4-27 18:49:52] 📨 >> GET /user/1 ""
[2021-4-27 18:49:52] 💌 << 200 OK
[2021-4-27 18:50:24] 📨 >> GET / ""
[2021-4-27 18:50:24] 💌 << 200 OK
[2021-4-27 18:50:24] 📨 >> GET /user/1 ""
[2021-4-27 18:50:24] 💌 << 200 OK
[2021-4-27 18:50:26] 📨 >> GET /auth/login ""
[2021-4-27 18:50:26] 💌 << 200 OK
[2021-4-27 18:50:26] 📨 >> GET /user/1 ""
[2021-4-27 18:50:26] 💌 << 200 OK
[2021-4-27 18:50:34] 📨 >> POST /auth/login {
	"email": "Karley.Heaney@hotmail.com",
	"password": "BH7fnTiKhLCwAJD",
	"remember": "remember"
}
[2021-4-27 18:50:34] 💌 << 303 SEE_OTHER
[2021-4-27 18:50:34] 📨 >> GET /user/13 ""
[2021-4-27 18:50:34] 💌 << 200 OK
[2021-4-27 18:50:34] 📨 >> GET /user/1 ""
[2021-4-27 18:50:34] 💌 << 200 OK
[2021-4-27 18:50:37] 📨 >> GET / ""
[2021-4-27 18:50:37] 💌 << 200 OK
[2021-4-27 18:50:37] 📨 >> GET /user/1 ""
[2021-4-27 18:50:37] 💌 << 200 OK
[2021-4-27 18:50:41] 📨 >> GET /category/5 ""
[2021-4-27 18:50:41] 💌 << 200 OK
[2021-4-27 18:50:41] 📨 >> GET /user/1 ""
[2021-4-27 18:50:41] 💌 << 200 OK
[2021-4-27 18:50:43] 📨 >> GET /post/5 ""
[2021-4-27 18:50:43] 💌 << 200 OK
[2021-4-27 18:50:43] 📨 >> GET /user/1 ""
[2021-4-27 18:50:43] 💌 << 200 OK
[2021-4-27 18:50:49] 📨 >> GET /user/13 ""
[2021-4-27 18:50:49] 💌 << 200 OK
[2021-4-27 18:50:49] 📨 >> GET /user/1 ""
[2021-4-27 18:50:49] 💌 << 200 OK
[2021-4-27 18:53:59] 📨 >> GET / ""
[2021-4-27 18:53:59] 💌 << 200 OK
[2021-4-27 18:54:0] 📨 >> GET /user/1 ""
[2021-4-27 18:54:0] 💌 << 200 OK
[2021-4-27 18:54:2] 📨 >> GET /auth/login ""
[2021-4-27 18:54:2] 💌 << 200 OK
[2021-4-27 18:54:2] 📨 >> GET /user/1 ""
[2021-4-27 18:54:2] 💌 << 200 OK
[2021-4-27 18:54:7] 📨 >> POST /auth/login {
	"email": "Tressa86@hotmail.com",
	"password": "q8wrPEBLMwbKbmW",
	"remember": "remember"
}
[2021-4-27 18:54:7] 💌 << 303 SEE_OTHER
[2021-4-27 18:54:7] 📨 >> GET /user/7 ""
[2021-4-27 18:54:7] 💌 << 200 OK
[2021-4-27 18:54:7] 📨 >> GET /user/1 ""
[2021-4-27 18:54:7] 💌 << 200 OK
[2021-4-27 18:54:9] 📨 >> GET / ""
[2021-4-27 18:54:9] 💌 << 200 OK
[2021-4-27 18:54:9] 📨 >> GET /user/1 ""
[2021-4-27 18:54:9] 💌 << 200 OK
[2021-4-27 18:54:11] 📨 >> GET /category/3 ""
[2021-4-27 18:54:11] 💌 << 200 OK
[2021-4-27 18:54:11] 📨 >> GET /user/1 ""
[2021-4-27 18:54:11] 💌 << 200 OK
[2021-4-27 18:54:13] 📨 >> GET /post/3 ""
[2021-4-27 18:54:13] 💌 << 200 OK
[2021-4-27 18:54:13] 📨 >> GET /user/1 ""
[2021-4-27 18:54:13] 💌 << 200 OK
[2021-4-27 18:54:18] 📨 >> GET /user/7 ""
[2021-4-27 18:54:18] 💌 << 200 OK
[2021-4-27 18:54:18] 📨 >> GET /user/1 ""
[2021-4-27 18:54:18] 💌 << 200 OK
[2021-4-27 18:55:44] 📨 >> GET / ""
[2021-4-27 18:55:44] 💌 << 200 OK
[2021-4-27 18:55:45] 📨 >> GET /user/1 ""
[2021-4-27 18:55:45] 💌 << 200 OK
[2021-4-27 18:55:46] 📨 >> GET /auth/login ""
[2021-4-27 18:55:46] 💌 << 200 OK
[2021-4-27 18:55:46] 📨 >> GET /user/1 ""
[2021-4-27 18:55:46] 💌 << 200 OK
[2021-4-27 18:55:51] 📨 >> POST /auth/login {
	"email": "David.Lang59@gmail.com",
	"password": "t6g2hbpGmYW7AYM",
	"remember": "remember"
}
[2021-4-27 18:55:51] 💌 << 303 SEE_OTHER
[2021-4-27 18:55:51] 📨 >> GET /user/13 ""
[2021-4-27 18:55:51] 💌 << 200 OK
[2021-4-27 18:55:52] 📨 >> GET /user/1 ""
[2021-4-27 18:55:52] 💌 << 200 OK
[2021-4-27 18:55:53] 📨 >> GET / ""
[2021-4-27 18:55:53] 💌 << 200 OK
[2021-4-27 18:55:53] 📨 >> GET /user/1 ""
[2021-4-27 18:55:53] 💌 << 200 OK
[2021-4-27 18:55:55] 📨 >> GET /category/5 ""
[2021-4-27 18:55:55] 💌 << 200 OK
[2021-4-27 18:55:55] 📨 >> GET /user/1 ""
[2021-4-27 18:55:55] 💌 << 200 OK
[2021-4-27 18:55:57] 📨 >> GET /post/5 ""
[2021-4-27 18:55:58] 💌 << 200 OK
[2021-4-27 18:55:58] 📨 >> GET /user/1 ""
[2021-4-27 18:55:58] 💌 << 200 OK
[2021-4-27 18:56:2] 📨 >> GET /user/13 ""
[2021-4-27 18:56:2] 💌 << 200 OK
[2021-4-27 18:56:2] 📨 >> GET /user/1 ""
[2021-4-27 18:56:2] 💌 << 200 OK
[2021-4-27 18:57:36] 📨 >> GET / ""
[2021-4-27 18:57:36] 💌 << 200 OK
[2021-4-27 18:57:36] 📨 >> GET /user/1 ""
[2021-4-27 18:57:36] 💌 << 200 OK
[2021-4-27 18:57:38] 📨 >> GET /auth/login ""
[2021-4-27 18:57:38] 💌 << 200 OK
[2021-4-27 18:57:38] 📨 >> GET /user/1 ""
[2021-4-27 18:57:38] 💌 << 200 OK
[2021-4-27 18:57:42] 📨 >> POST /auth/login {
	"email": "Albina_Predovic14@gmail.com",
	"password": "QG5eG4jRmVZSCPq",
	"remember": "remember"
}
[2021-4-27 18:57:42] 💌 << 303 SEE_OTHER
[2021-4-27 18:57:42] 📨 >> GET /user/1 ""
[2021-4-27 18:57:42] 💌 << 200 OK
[2021-4-27 18:57:42] 📨 >> GET /user/1 ""
[2021-4-27 18:57:42] 💌 << 200 OK
[2021-4-27 18:57:45] 📨 >> GET / ""
[2021-4-27 18:57:45] 💌 << 200 OK
[2021-4-27 18:57:45] 📨 >> GET /user/1 ""
[2021-4-27 18:57:45] 💌 << 200 OK
[2021-4-27 18:57:46] 📨 >> GET /category/1 ""
[2021-4-27 18:57:47] 💌 << 200 OK
[2021-4-27 18:57:47] 📨 >> GET /user/1 ""
[2021-4-27 18:57:47] 💌 << 200 OK
[2021-4-27 18:57:48] 📨 >> GET /post/1 ""
[2021-4-27 18:57:48] 💌 << 200 OK
[2021-4-27 18:57:48] 📨 >> GET /user/1 ""
[2021-4-27 18:57:48] 💌 << 200 OK
[2021-4-27 18:57:52] 📨 >> GET /user/1 ""
[2021-4-27 18:57:52] 💌 << 200 OK
[2021-4-27 18:57:52] 📨 >> GET /user/1 ""
[2021-4-27 18:57:52] 💌 << 200 OK
[2021-4-27 18:58:16] 📨 >> GET /user/1 ""
[2021-4-27 18:58:16] 💌 << 200 OK
[2021-4-27 18:58:16] 📨 >> GET /user/1 ""
[2021-4-27 18:58:16] 💌 << 200 OK
[2021-4-27 19:0:23] 📨 >> GET / ""
[2021-4-27 19:0:23] 💌 << 200 OK
[2021-4-27 19:0:24] 📨 >> GET /user/1 ""
[2021-4-27 19:0:24] 💌 << 200 OK
[2021-4-27 19:0:25] 📨 >> GET /auth/login ""
[2021-4-27 19:0:25] 💌 << 200 OK
[2021-4-27 19:0:25] 📨 >> GET /user/1 ""
[2021-4-27 19:0:25] 💌 << 200 OK
[2021-4-27 19:0:28] 📨 >> POST /auth/login {
	"email": "Blanche.Medhurst@hotmail.com",
	"password": "JtmFo9NVDTauAQm",
	"remember": "remember"
}
[2021-4-27 19:0:28] 💌 << 303 SEE_OTHER
[2021-4-27 19:0:28] 📨 >> GET /user/7 ""
[2021-4-27 19:0:28] 💌 << 200 OK
[2021-4-27 19:0:28] 📨 >> GET /user/1 ""
[2021-4-27 19:0:28] 💌 << 200 OK
[2021-4-27 19:0:29] 📨 >> GET / ""
[2021-4-27 19:0:29] 💌 << 200 OK
[2021-4-27 19:0:29] 📨 >> GET /user/1 ""
[2021-4-27 19:0:29] 💌 << 200 OK
[2021-4-27 19:0:30] 📨 >> GET /category/3 ""
[2021-4-27 19:0:30] 💌 << 200 OK
[2021-4-27 19:0:30] 📨 >> GET /user/1 ""
[2021-4-27 19:0:30] 💌 << 200 OK
[2021-4-27 19:0:31] 📨 >> GET /post/3 ""
[2021-4-27 19:0:32] 💌 << 200 OK
[2021-4-27 19:0:32] 📨 >> GET /user/1 ""
[2021-4-27 19:0:32] 💌 << 200 OK
[2021-4-27 19:0:39] 📨 >> GET /user/7 ""
[2021-4-27 19:0:39] 💌 << 200 OK
[2021-4-27 19:0:39] 📨 >> GET /user/1 ""
[2021-4-27 19:0:39] 💌 << 200 OK
[2021-4-27 19:37:59] 📨 >> GET / ""
[2021-4-27 19:37:59] 💌 << 200 OK
[2021-4-27 19:37:59] 📨 >> GET /user/1 ""
[2021-4-27 19:38:0] 💌 << 200 OK
[2021-4-27 19:38:4] 📨 >> GET /auth/login ""
[2021-4-27 19:38:4] 💌 << 200 OK
[2021-4-27 19:38:4] 📨 >> GET /user/1 ""
[2021-4-27 19:38:4] 💌 << 200 OK
[2021-4-27 19:38:10] 📨 >> POST /auth/login {
	"email": "Jewel9@hotmail.com",
	"password": "8cRlrsAVCYjwAa1",
	"remember": "remember"
}
[2021-4-27 19:38:10] 💌 << 303 SEE_OTHER
[2021-4-27 19:38:10] 📨 >> GET /user/1 ""
[2021-4-27 19:38:10] 💌 << undefined undefined
[2021-4-27 19:39:54] 📨 >> GET / ""
[2021-4-27 19:39:54] 💌 << 200 OK
[2021-4-27 19:39:54] 📨 >> GET /user/1 ""
[2021-4-27 19:39:54] 💌 << 200 OK
[2021-4-27 19:39:55] 📨 >> GET /auth/login ""
[2021-4-27 19:39:55] 💌 << 200 OK
[2021-4-27 19:39:55] 📨 >> GET /user/1 ""
[2021-4-27 19:39:55] 💌 << 200 OK
[2021-4-27 19:40:2] 📨 >> POST /auth/login {
	"email": "Yoshiko63@yahoo.com",
	"password": "uS3nfvI6aDwIWS9",
	"remember": "remember"
}
[2021-4-27 19:41:30] 💌 << 303 SEE_OTHER
[2021-4-27 19:41:59] 📨 >> GET /user/7 ""
[2021-4-27 19:41:59] 💌 << undefined undefined
[2021-4-27 19:44:27] 📨 >> GET / ""
[2021-4-27 19:44:27] 💌 << 200 OK
[2021-4-27 19:44:27] 📨 >> GET /user/1 ""
[2021-4-27 19:44:27] 💌 << 200 OK
[2021-4-27 19:44:29] 📨 >> GET /category/3 ""
[2021-4-27 19:44:29] 💌 << 200 OK
[2021-4-27 19:44:30] 📨 >> GET /user/1 ""
[2021-4-27 19:44:30] 💌 << 200 OK
[2021-4-27 19:44:30] 📨 >> GET /post/3 ""
[2021-4-27 19:44:31] 💌 << 200 OK
[2021-4-27 19:44:31] 📨 >> GET /user/1 ""
[2021-4-27 19:44:31] 💌 << 200 OK
[2021-4-27 19:45:2] 📨 >> GET / ""
[2021-4-27 19:45:2] 💌 << 200 OK
[2021-4-27 19:45:2] 📨 >> GET /user/1 ""
[2021-4-27 19:45:2] 💌 << 200 OK
[2021-4-27 19:45:5] 📨 >> GET /auth/login ""
[2021-4-27 19:45:5] 💌 << 200 OK
[2021-4-27 19:45:5] 📨 >> GET /user/1 ""
[2021-4-27 19:45:5] 💌 << 200 OK
[2021-4-27 19:45:12] 📨 >> POST /auth/login {
	"email": "Santa7@hotmail.com",
	"password": "yq_yn1K5VTwBAt1",
	"remember": "remember"
}
[2021-4-27 19:45:23] 💌 << 303 SEE_OTHER
[2021-4-27 19:45:23] 📨 >> GET /user/13 ""
[2021-4-27 19:45:23] 💌 << undefined undefined
[2021-4-27 19:47:4] 📨 >> GET / ""
[2021-4-27 19:47:4] 💌 << 200 OK
[2021-4-27 19:47:4] 📨 >> GET /user/1 ""
[2021-4-27 19:47:4] 💌 << 200 OK
[2021-4-27 19:47:6] 📨 >> GET /auth/login ""
[2021-4-27 19:47:6] 💌 << 200 OK
[2021-4-27 19:47:6] 📨 >> GET /user/1 ""
[2021-4-27 19:47:6] 💌 << 200 OK
[2021-4-27 19:47:12] 📨 >> POST /auth/login {
	"email": "Dejuan.Pacocha@hotmail.com",
	"password": "IwvqqMH92vZ8Dd5",
	"remember": "remember"
}
[2021-4-27 19:47:12] 💌 << 303 SEE_OTHER
[2021-4-27 19:47:12] 📨 >> GET /user/19 ""
[2021-4-27 19:47:12] 💌 << undefined undefined
[2021-4-27 19:48:20] 📨 >> GET / ""
[2021-4-27 19:48:20] 💌 << 200 OK
[2021-4-27 19:48:20] 📨 >> GET /user/1 ""
[2021-4-27 19:48:20] 💌 << 200 OK
[2021-4-27 19:48:21] 📨 >> GET /auth/login ""
[2021-4-27 19:48:21] 💌 << 200 OK
[2021-4-27 19:48:21] 📨 >> GET /user/1 ""
[2021-4-27 19:48:21] 💌 << 200 OK
[2021-4-27 19:48:24] 📨 >> POST /auth/login {
	"email": "Isobel23@hotmail.com",
	"password": "rbZMD0FF906Cc9b",
	"remember": "remember"
}
[2021-4-27 19:48:24] 💌 << 303 SEE_OTHER
[2021-4-27 19:48:24] 📨 >> GET /user/25 ""
[2021-4-27 19:48:24] 💌 << 200 OK
[2021-4-27 19:51:19] 📨 >> GET / ""
[2021-4-27 19:51:19] 💌 << 200 OK
[2021-4-27 19:51:19] 📨 >> GET /user/1 ""
[2021-4-27 19:51:20] 💌 << 200 OK
[2021-4-27 19:51:21] 📨 >> GET /auth/login ""
[2021-4-27 19:51:21] 💌 << 200 OK
[2021-4-27 19:51:21] 📨 >> GET /user/1 ""
[2021-4-27 19:51:21] 💌 << 200 OK
[2021-4-27 19:51:23] 📨 >> POST /auth/login {
	"email": "Myriam_Nikolaus52@yahoo.com",
	"password": "X1MeqmGYhWofac8",
	"remember": "remember"
}
[2021-4-27 19:51:23] 💌 << 303 SEE_OTHER
[2021-4-27 19:51:23] 📨 >> GET /user/31 ""
[2021-4-27 19:51:23] 💌 << 200 OK
[2021-4-27 19:53:37] 📨 >> GET / ""
[2021-4-27 19:53:38] 💌 << 200 OK
[2021-4-27 19:53:38] 📨 >> GET /user/1 ""
[2021-4-27 19:53:38] 💌 << 200 OK
[2021-4-27 19:53:39] 📨 >> GET /auth/login ""
[2021-4-27 19:53:39] 💌 << 200 OK
[2021-4-27 19:53:39] 📨 >> GET /user/1 ""
[2021-4-27 19:53:39] 💌 << 200 OK
[2021-4-27 19:53:43] 📨 >> POST /auth/login {
	"email": "Marjolaine_Sipes@hotmail.com",
	"password": "bIWECOqSWIXSiiF",
	"remember": "remember"
}
[2021-4-27 19:53:43] 💌 << 303 SEE_OTHER
[2021-4-27 19:53:43] 📨 >> GET /user/37 ""
[2021-4-27 19:53:43] 💌 << undefined undefined
[2021-4-27 19:54:44] 📨 >> GET / ""
[2021-4-27 19:54:45] 💌 << 200 OK
[2021-4-27 19:54:45] 📨 >> GET /user/1 ""
[2021-4-27 19:54:45] 💌 << 200 OK
[2021-4-27 19:54:52] 📨 >> GET /auth/login ""
[2021-4-27 19:54:52] 💌 << 200 OK
[2021-4-27 19:54:53] 📨 >> GET /user/1 ""
[2021-4-27 19:54:53] 💌 << 200 OK
[2021-4-27 19:54:59] 📨 >> POST /auth/login {
	"email": "Carli.Kertzmann38@hotmail.com",
	"password": "fMGlAMw1Z7dV8tW",
	"remember": "remember"
}
[2021-4-27 19:54:59] 💌 << 303 SEE_OTHER
[2021-4-27 19:54:59] 📨 >> GET /user/43 ""
[2021-4-27 19:54:59] 💌 << 200 OK
[2021-4-27 19:59:4] 📨 >> GET / ""
[2021-4-27 19:59:5] 💌 << 200 OK
[2021-4-27 19:59:5] 📨 >> GET /user/1 ""
[2021-4-27 19:59:5] 💌 << 200 OK
[2021-4-27 19:59:8] 📨 >> GET /auth/login ""
[2021-4-27 19:59:8] 💌 << 200 OK
[2021-4-27 19:59:8] 📨 >> GET /user/1 ""
[2021-4-27 19:59:8] 💌 << 200 OK
[2021-4-27 19:59:16] 📨 >> POST /auth/login {
	"email": "Ernest_OKeefe@yahoo.com",
	"password": "NH2M5OxmUqOIrJX",
	"remember": "remember"
}
[2021-4-27 19:59:16] 💌 << 303 SEE_OTHER
[2021-4-27 19:59:16] 📨 >> GET /user/55 ""
[2021-4-27 19:59:16] 💌 << undefined undefined
[2021-4-27 20:0:30] 📨 >> GET / ""
[2021-4-27 20:0:30] 💌 << 200 OK
[2021-4-27 20:0:31] 📨 >> GET /user/1 ""
[2021-4-27 20:0:31] 💌 << 200 OK
[2021-4-27 20:0:34] 📨 >> GET /auth/login ""
[2021-4-27 20:0:34] 💌 << 200 OK
[2021-4-27 20:0:34] 📨 >> GET /user/1 ""
[2021-4-27 20:0:34] 💌 << 200 OK
[2021-4-27 20:0:40] 📨 >> POST /auth/login {
	"email": "Mozelle_Lindgren@hotmail.com",
	"password": "eeWwXMMliscZElT",
	"remember": "remember"
}
[2021-4-27 20:3:13] 💌 << 303 SEE_OTHER
[2021-4-27 20:4:6] 📨 >> GET /user/61 ""
[2021-4-27 20:4:7] 💌 << undefined undefined
[2021-4-27 20:5:2] 📨 >> GET / ""
[2021-4-27 20:5:2] 💌 << 200 OK
[2021-4-27 20:5:2] 📨 >> GET /user/1 ""
[2021-4-27 20:5:8] 💌 << 200 OK
[2021-4-27 20:5:11] 📨 >> GET /auth/login ""
[2021-4-27 20:5:11] 💌 << 200 OK
[2021-4-27 20:5:12] 📨 >> GET /user/1 ""
[2021-4-27 20:5:12] 💌 << 200 OK
[2021-4-27 20:5:19] 📨 >> POST /auth/login {
	"email": "Providenci.Treutel59@yahoo.com",
	"password": "nqeRkknDYeBBiQw",
	"remember": "remember"
}
[2021-4-27 20:5:28] 💌 << 303 SEE_OTHER
[2021-4-27 20:5:28] 📨 >> GET /user/67 ""
[2021-4-27 20:5:28] 💌 << 200 OK
[2021-4-27 20:8:6] 📨 >> GET / ""
[2021-4-27 20:8:6] 💌 << 200 OK
[2021-4-27 20:8:6] 📨 >> GET /user/1 ""
[2021-4-27 20:8:6] 💌 << 200 OK
[2021-4-27 20:8:9] 📨 >> GET /auth/login ""
[2021-4-27 20:8:9] 💌 << 200 OK
[2021-4-27 20:8:9] 📨 >> GET /user/1 ""
[2021-4-27 20:8:9] 💌 << 200 OK
[2021-4-27 20:8:15] 📨 >> POST /auth/login {
	"email": "Will_Schowalter50@hotmail.com",
	"password": "PC_qJXOVwNPWGwn",
	"remember": "remember"
}
[2021-4-27 20:8:29] 💌 << 303 SEE_OTHER
[2021-4-27 20:8:29] 📨 >> GET /user/73 ""
[2021-4-27 20:8:29] 💌 << 200 OK
[2021-4-27 20:17:1] 📨 >> GET / ""
[2021-4-27 20:17:3] 💌 << 200 OK
[2021-4-27 20:17:4] 📨 >> GET /user/1 ""
[2021-4-27 20:17:4] 💌 << 200 OK
[2021-4-27 20:17:6] 📨 >> GET /auth/login ""
[2021-4-27 20:17:6] 💌 << 200 OK
[2021-4-27 20:17:7] 📨 >> GET /user/1 ""
[2021-4-27 20:17:8] 💌 << 200 OK
[2021-4-27 20:17:13] 📨 >> POST /auth/login {
	"email": "Kyla4@gmail.com",
	"password": "NDJO02XTbQdCsMN",
	"remember": "remember"
}
[2021-4-27 20:17:13] 💌 << 303 SEE_OTHER
[2021-4-27 20:17:13] 📨 >> GET /user/79 ""
[2021-4-27 20:17:13] 💌 << 200 OK
[2021-4-27 20:24:38] 📨 >> GET / ""
[2021-4-27 20:24:38] 💌 << 200 OK
[2021-4-27 20:24:38] 📨 >> GET /user/1 ""
[2021-4-27 20:24:38] 💌 << 200 OK
[2021-4-27 20:24:41] 📨 >> GET /auth/login ""
[2021-4-27 20:24:41] 💌 << 200 OK
[2021-4-27 20:24:41] 📨 >> GET /user/1 ""
[2021-4-27 20:24:41] 💌 << 200 OK
[2021-4-27 20:24:48] 📨 >> POST /auth/login {
	"email": "Pearlie.Dooley71@gmail.com",
	"password": "VcrbfiUFruL6qim",
	"remember": "remember"
}
[2021-4-27 20:24:48] 💌 << 303 SEE_OTHER
[2021-4-27 20:24:48] 📨 >> GET /user/1 ""
[2021-4-27 20:24:48] 💌 << 200 OK
[2021-4-27 20:26:22] 📨 >> GET / ""
[2021-4-27 20:26:23] 💌 << 200 OK
[2021-4-27 20:26:23] 📨 >> GET /user/1 ""
[2021-4-27 20:26:23] 💌 << 200 OK
[2021-4-27 20:26:24] 📨 >> GET /auth/login ""
[2021-4-27 20:26:24] 💌 << 200 OK
[2021-4-27 20:26:24] 📨 >> GET /user/1 ""
[2021-4-27 20:26:24] 💌 << 200 OK
[2021-4-27 20:26:26] 📨 >> POST /auth/login {
	"email": "Elise_Bednar79@gmail.com",
	"password": "ChCxVJe_HnAgpFc",
	"remember": "remember"
}
[2021-4-27 20:26:26] 💌 << 303 SEE_OTHER
[2021-4-27 20:26:26] 📨 >> GET /user/7 ""
[2021-4-27 20:26:26] 💌 << 200 OK
[2021-4-27 20:27:43] 📨 >> GET / ""
[2021-4-27 20:27:43] 💌 << 200 OK
[2021-4-27 20:27:43] 📨 >> GET /user/1 ""
[2021-4-27 20:27:43] 💌 << 200 OK
[2021-4-27 20:27:44] 📨 >> GET /auth/login ""
[2021-4-27 20:27:44] 💌 << 200 OK
[2021-4-27 20:27:44] 📨 >> GET /user/1 ""
[2021-4-27 20:27:44] 💌 << 200 OK
[2021-4-27 20:27:47] 📨 >> POST /auth/login {
	"email": "Jaydon.Balistreri@gmail.com",
	"password": "ZziPo1nhRe1BfeI",
	"remember": "remember"
}
[2021-4-27 20:27:47] 💌 << 303 SEE_OTHER
[2021-4-27 20:27:47] 📨 >> GET /user/13 ""
[2021-4-27 20:27:47] 💌 << 200 OK
[2021-4-27 20:31:25] 📨 >> GET / ""
[2021-4-27 20:31:25] 💌 << 200 OK
[2021-4-27 20:31:25] 📨 >> GET /user/1 ""
[2021-4-27 20:31:25] 💌 << 200 OK
[2021-4-27 20:31:26] 📨 >> GET /auth/login ""
[2021-4-27 20:31:26] 💌 << 200 OK
[2021-4-27 20:31:26] 📨 >> GET /user/1 ""
[2021-4-27 20:31:26] 💌 << 200 OK
[2021-4-27 20:31:30] 📨 >> POST /auth/login {
	"email": "Frederic.Walsh@hotmail.com",
	"password": "hGJIPN3RGG8zi3u",
	"remember": "remember"
}
[2021-4-27 20:31:30] 💌 << 303 SEE_OTHER
[2021-4-27 20:31:30] 📨 >> GET /user/19 ""
[2021-4-27 20:31:30] 💌 << 200 OK
[2021-4-27 20:36:39] 📨 >> GET / ""
[2021-4-27 20:36:39] 💌 << 200 OK
[2021-4-27 20:36:39] 📨 >> GET /user/1 ""
[2021-4-27 20:36:39] 💌 << 200 OK
[2021-4-27 20:36:40] 📨 >> GET /auth/login ""
[2021-4-27 20:36:41] 💌 << 200 OK
[2021-4-27 20:36:41] 📨 >> GET /user/1 ""
[2021-4-27 20:36:41] 💌 << 200 OK
[2021-4-27 20:36:43] 📨 >> POST /auth/login {
	"email": "Mike26@gmail.com",
	"password": "YlP0ypfXoehUHhB",
	"remember": "remember"
}
[2021-4-27 20:36:43] 💌 << 303 SEE_OTHER
[2021-4-27 20:36:43] 📨 >> GET /user/25 ""
[2021-4-27 20:36:43] 💌 << 200 OK
[2021-4-27 20:38:23] 📨 >> GET / ""
[2021-4-27 20:38:23] 💌 << 200 OK
[2021-4-27 20:38:23] 📨 >> GET /user/1 ""
[2021-4-27 20:38:23] 💌 << 200 OK
[2021-4-27 20:38:25] 📨 >> GET /auth/login ""
[2021-4-27 20:38:25] 💌 << 200 OK
[2021-4-27 20:38:26] 📨 >> GET /user/1 ""
[2021-4-27 20:38:26] 💌 << 200 OK
[2021-4-27 20:38:32] 📨 >> POST /auth/login {
	"email": "Wilbert60@gmail.com",
	"password": "HJvqu4EMuFozXGC",
	"remember": "remember"
}
[2021-4-27 20:38:32] 💌 << 303 SEE_OTHER
[2021-4-27 20:38:32] 📨 >> GET /user/31 ""
[2021-4-27 20:38:32] 💌 << 200 OK
[2021-4-27 20:40:1] 📨 >> GET /user/1 ""
[2021-4-27 20:40:1] 💌 << 200 OK
[2021-4-27 20:40:6] 📨 >> GET / ""
[2021-4-27 20:40:6] 💌 << 200 OK
[2021-4-27 20:40:7] 📨 >> GET /user/1 ""
[2021-4-27 20:40:7] 💌 << 200 OK
[2021-4-27 20:40:10] 📨 >> GET /auth/login ""
[2021-4-27 20:40:10] 💌 << 200 OK
[2021-4-27 20:40:10] 📨 >> GET /user/1 ""
[2021-4-27 20:40:10] 💌 << 200 OK
[2021-4-27 20:40:15] 📨 >> GET /auth/register ""
[2021-4-27 20:40:15] 💌 << 200 OK
[2021-4-27 20:40:15] 📨 >> GET /user/1 ""
[2021-4-27 20:40:15] 💌 << 200 OK
[2021-4-27 20:40:24] 📨 >> POST /user {
	"username": "1831989",
	"email": "gjj085199@gmail.com",
	"password": "123"
}
[2021-4-27 20:40:24] 💌 << 303 SEE_OTHER
[2021-4-27 20:40:24] 📨 >> GET /auth/login ""
[2021-4-27 20:40:24] 💌 << 200 OK
[2021-4-27 20:40:24] 📨 >> GET /user/1 ""
[2021-4-27 20:40:24] 💌 << 200 OK
[2021-4-27 20:40:32] 📨 >> POST /auth/login {
	"email": "gjj085199@gmail.com",
	"password": "123",
	"remember": "remember"
}
[2021-4-27 20:40:32] 💌 << 303 SEE_OTHER
[2021-4-27 20:40:32] 📨 >> GET /user/37 ""
[2021-4-27 20:40:32] 💌 << 200 OK
[2021-4-27 21:4:57] 📨 >> GET / ""
[2021-4-27 21:4:57] 💌 << 200 OK
[2021-4-27 21:4:57] 📨 >> GET /user/1 ""
[2021-4-27 21:4:57] 💌 << 200 OK
[2021-4-27 21:4:58] 📨 >> GET /auth/login ""
[2021-4-27 21:4:58] 💌 << 200 OK
[2021-4-27 21:4:58] 📨 >> GET /user/1 ""
[2021-4-27 21:4:58] 💌 << 200 OK
[2021-4-27 21:5:2] 📨 >> POST /auth/login {
	"email": "Garland.Gusikowski34@gmail.com",
	"password": "QRNvhUNhjkSRisk",
	"remember": "remember"
}
[2021-4-27 21:5:2] 💌 << 303 SEE_OTHER
[2021-4-27 21:5:2] 📨 >> GET /user/38 ""
[2021-4-27 21:5:2] 💌 << undefined undefined
[2021-4-27 21:11:26] 📨 >> GET / ""
[2021-4-27 21:11:26] 💌 << 200 OK
[2021-4-27 21:11:26] 📨 >> GET /user/1 ""
[2021-4-27 21:11:26] 💌 << 200 OK
[2021-4-27 21:11:26] 📨 >> GET /auth/login ""
[2021-4-27 21:11:26] 💌 << 200 OK
[2021-4-27 21:11:26] 📨 >> GET /user/1 ""
[2021-4-27 21:11:26] 💌 << 200 OK
[2021-4-27 21:11:26] 📨 >> POST /auth/login {
	"email": "Leslie.Bradtke30@hotmail.com",
	"password": "gVi3UIoPRwv2vYu",
	"remember": "remember"
}
[2021-4-27 21:13:0] 💌 << 303 SEE_OTHER
[2021-4-27 21:13:0] 📨 >> GET / ""
[2021-4-27 21:13:0] 📨 >> GET / ""
[2021-4-27 21:13:0] 💌 << 200 OK
[2021-4-27 21:13:0] 💌 << 200 OK
[2021-4-27 21:13:1] 📨 >> GET /user/1 ""
[2021-4-27 21:13:1] 💌 << 200 OK
[2021-4-27 21:13:1] 📨 >> GET /category/1 ""
[2021-4-27 21:13:1] 💌 << 200 OK
[2021-4-27 21:13:1] 📨 >> GET /user/1 ""
[2021-4-27 21:13:1] 💌 << 200 OK
[2021-4-27 21:13:1] 📨 >> GET /post/1 ""
[2021-4-27 21:13:1] 💌 << 200 OK
[2021-4-27 21:13:1] 📨 >> GET /user/1 ""
[2021-4-27 21:13:1] 💌 << 200 OK
[2021-4-27 21:13:7] 📨 >> GET / ""
[2021-4-27 21:13:7] 💌 << 200 OK
[2021-4-27 21:13:7] 📨 >> GET /user/1 ""
[2021-4-27 21:13:7] 💌 << 200 OK
[2021-4-27 21:13:7] 📨 >> GET /auth/login ""
[2021-4-27 21:13:7] 💌 << 200 OK
[2021-4-27 21:13:7] 📨 >> GET /user/1 ""
[2021-4-27 21:13:7] 💌 << 200 OK
[2021-4-27 21:13:7] 📨 >> POST /auth/login {
	"email": "Adan.Moen@hotmail.com",
	"password": "k0jk2pV54kp1bhl",
	"remember": "remember"
}
[2021-4-27 21:13:7] 💌 << 303 SEE_OTHER
[2021-4-27 21:13:7] 📨 >> GET /user/7 ""
[2021-4-27 21:13:7] 💌 << undefined undefined
[2021-4-27 21:13:42] 📨 >> GET / ""
[2021-4-27 21:13:42] 💌 << 200 OK
[2021-4-27 21:13:43] 📨 >> GET /user/1 ""
[2021-4-27 21:13:43] 💌 << 200 OK
[2021-4-27 21:13:43] 📨 >> GET /auth/login ""
[2021-4-27 21:13:43] 💌 << 200 OK
[2021-4-27 21:13:43] 📨 >> GET /user/1 ""
[2021-4-27 21:13:43] 💌 << 200 OK
[2021-4-27 21:13:43] 📨 >> POST /auth/login {
	"email": "Chance.Bailey92@gmail.com",
	"password": "mCw4lyBUzjCLZZG",
	"remember": "remember"
}
[2021-4-27 21:13:43] 💌 << 303 SEE_OTHER
[2021-4-27 21:13:43] 📨 >> GET /user/1 ""
[2021-4-27 21:13:43] 💌 << undefined undefined
[2021-4-27 21:14:18] 📨 >> GET / ""
[2021-4-27 21:14:19] 💌 << 200 OK
[2021-4-27 21:14:19] 📨 >> GET /user/1 ""
[2021-4-27 21:14:19] 💌 << 200 OK
[2021-4-27 21:14:19] 📨 >> GET /auth/login ""
[2021-4-27 21:14:19] 💌 << 200 OK
[2021-4-27 21:14:19] 📨 >> GET /user/1 ""
[2021-4-27 21:14:19] 💌 << 200 OK
[2021-4-27 21:14:19] 📨 >> POST /auth/login {
	"email": "Rachael_Funk57@hotmail.com",
	"password": "8R2iu8llofagxrW",
	"remember": "remember"
}
[2021-4-27 21:14:19] 💌 << 303 SEE_OTHER
[2021-4-27 21:14:19] 📨 >> GET /user/1 ""
[2021-4-27 21:14:19] 💌 << undefined undefined
[2021-4-27 21:14:55] 📨 >> GET / ""
[2021-4-27 21:14:55] 💌 << 200 OK
[2021-4-27 21:14:55] 📨 >> GET /user/1 ""
[2021-4-27 21:14:55] 💌 << 200 OK
[2021-4-27 21:14:55] 📨 >> GET /category/1 ""
[2021-4-27 21:14:55] 💌 << 200 OK
[2021-4-27 21:14:55] 📨 >> GET /user/1 ""
[2021-4-27 21:14:55] 💌 << 200 OK
[2021-4-27 21:14:55] 📨 >> GET /post/1 ""
[2021-4-27 21:14:56] 💌 << 200 OK
[2021-4-27 21:14:56] 📨 >> GET /user/1 ""
[2021-4-27 21:14:56] 💌 << 200 OK
[2021-4-27 21:15:1] 📨 >> GET / ""
[2021-4-27 21:15:1] 💌 << 200 OK
[2021-4-27 21:15:1] 📨 >> GET /user/1 ""
[2021-4-27 21:15:1] 💌 << 200 OK
[2021-4-27 21:15:1] 📨 >> GET /auth/login ""
[2021-4-27 21:15:1] 💌 << 200 OK
[2021-4-27 21:15:1] 📨 >> GET /user/1 ""
[2021-4-27 21:15:1] 💌 << 200 OK
[2021-4-27 21:15:2] 📨 >> POST /auth/login {
	"email": "Gussie20@gmail.com",
	"password": "CN9p0a6uuxfbhPF",
	"remember": "remember"
}
[2021-4-27 21:15:2] 💌 << 303 SEE_OTHER
[2021-4-27 21:15:2] 📨 >> GET /user/7 ""
[2021-4-27 21:15:2] 💌 << undefined undefined
[2021-4-27 22:17:42] 📨 >> GET / ""
[2021-4-27 22:17:42] 💌 << 200 OK
[2021-4-27 22:17:42] 📨 >> GET /user/1 ""
[2021-4-27 22:17:42] 💌 << 200 OK
[2021-4-27 22:17:42] 📨 >> GET /auth/login ""
[2021-4-27 22:17:42] 💌 << 200 OK
[2021-4-27 22:17:42] 📨 >> GET /user/1 ""
[2021-4-27 22:17:42] 💌 << 200 OK
[2021-4-27 22:17:42] 📨 >> POST /auth/login {
	"email": "Maximillian65@gmail.com",
	"password": "ArSaYAQuH5hfYrs",
	"remember": "remember"
}
[2021-4-27 22:17:43] 💌 << 303 SEE_OTHER
[2021-4-27 22:17:43] 📨 >> GET /user/1 ""
[2021-4-27 22:17:43] 💌 << undefined undefined
[2021-4-27 22:22:13] 📨 >> GET / ""
[2021-4-27 22:22:13] 💌 << 200 OK
[2021-4-27 22:22:13] 📨 >> GET /user/1 ""
[2021-4-27 22:22:13] 💌 << 200 OK
[2021-4-27 22:22:13] 📨 >> GET /auth/login ""
[2021-4-27 22:22:13] 💌 << 200 OK
[2021-4-27 22:22:13] 📨 >> GET /user/1 ""
[2021-4-27 22:22:13] 💌 << 200 OK
[2021-4-27 22:22:13] 📨 >> POST /auth/login {
	"email": "Soledad78@gmail.com",
	"password": "5eikfbp1qBaGRNT",
	"remember": "remember"
}
[2021-4-27 22:22:13] 💌 << 303 SEE_OTHER
[2021-4-27 22:22:13] 📨 >> GET /user/1 ""
[2021-4-27 22:22:13] 💌 << undefined undefined
[2021-4-27 22:50:27] 📨 >> GET / ""
[2021-4-27 22:50:27] 💌 << 200 OK
[2021-4-27 22:50:29] 📨 >> GET /user/1 ""
[2021-4-27 22:50:29] 💌 << 200 OK
[2021-4-27 22:50:31] 📨 >> GET /auth/register ""
[2021-4-27 22:50:31] 💌 << 200 OK
[2021-4-27 22:50:31] 📨 >> GET /user/1 ""
[2021-4-27 22:50:31] 💌 << 200 OK
[2021-4-27 22:50:44] 📨 >> POST /user {
	"username": "yaoyu.wang",
	"email": "gjj08519911@gmail.com",
	"password": "123"
}
[2021-4-27 22:50:45] 💌 << 303 SEE_OTHER
[2021-4-27 22:50:45] 📨 >> GET /auth/login ""
[2021-4-27 22:50:45] 💌 << 200 OK
[2021-4-27 22:50:45] 📨 >> GET /user/1 ""
[2021-4-27 22:50:45] 💌 << 200 OK
[2021-4-27 22:50:51] 📨 >> POST /auth/login {
	"email": "gjj08519911@gmail.com",
	"password": "123",
	"remember": "remember"
}
[2021-4-27 22:53:16] 💌 << 303 SEE_OTHER
[2021-4-27 22:53:16] 📨 >> GET /user/1 ""
[2021-4-27 22:53:16] 💌 << undefined undefined
[2021-4-27 22:53:52] 📨 >> GET /user/1 ""
[2021-4-27 22:53:52] 💌 << undefined undefined
[2021-4-27 22:54:1] 📨 >> GET /auth/login ""
[2021-4-27 22:54:1] 💌 << 200 OK
[2021-4-27 22:54:1] 📨 >> GET /user/1 ""
[2021-4-27 22:54:1] 💌 << 200 OK
[2021-4-27 22:54:3] 📨 >> GET /auth/login ""
[2021-4-27 22:54:3] 💌 << 200 OK
[2021-4-27 22:54:3] 📨 >> GET /user/1 ""
[2021-4-27 22:54:3] 💌 << 200 OK
[2021-4-27 22:54:5] 📨 >> GET /auth/login ""
[2021-4-27 22:54:5] 💌 << 200 OK
[2021-4-27 22:54:5] 📨 >> GET /user/1 ""
[2021-4-27 22:54:5] 💌 << 200 OK
[2021-4-27 22:54:10] 📨 >> POST /auth/login {
	"email": "gjj08519911@gmail.com",
	"password": "123",
	"remember": "remember"
}
[2021-4-27 22:54:25] 💌 << 303 SEE_OTHER
[2021-4-27 22:55:57] 📨 >> GET /user/1 ""
[2021-4-27 22:56:1] 💌 << undefined undefined
[2021-4-27 23:13:31] 📨 >> GET / ""
[2021-4-27 23:13:31] 💌 << 200 OK
[2021-4-27 23:13:31] 📨 >> GET /user/1 ""
[2021-4-27 23:13:31] 💌 << 200 OK
[2021-4-27 23:13:31] 📨 >> GET /auth/login ""
[2021-4-27 23:13:31] 💌 << 200 OK
[2021-4-27 23:13:31] 📨 >> GET /user/1 ""
[2021-4-27 23:13:31] 💌 << 200 OK
[2021-4-27 23:13:31] 📨 >> POST /auth/login {
	"email": "Linnea.Collier@hotmail.com",
	"password": "EH_4SdtEsjc_55F",
	"remember": "remember"
}
[2021-4-27 23:13:31] 💌 << undefined undefined
