[2021-5-9 17:41:16] 📨 >> GET / ""
[2021-5-9 17:41:17] 💌 << 200 OK
[2021-5-9 17:41:18] 📨 >> GET /auth/login ""
[2021-5-9 17:41:18] 💌 << 200 OK
[2021-5-9 17:41:21] 📨 >> POST /auth/login {
	"email": "Dahlia.Weber75@hotmail.com",
	"password": "vq4pzxo4z3ywR47",
	"remember": "remember"
}
[2021-5-9 17:41:21] 💌 << 303 SEE_OTHER
[2021-5-9 17:41:21] 📨 >> GET /user/1 ""
[2021-5-9 17:41:21] 💌 << 200 OK
[2021-5-9 17:41:22] 📨 >> GET / ""
[2021-5-9 17:41:22] 💌 << 200 OK
[2021-5-9 17:41:23] 📨 >> GET /category/1 ""
[2021-5-9 17:41:23] 💌 << 200 OK
[2021-5-9 17:41:25] 📨 >> GET /post/1 ""
[2021-5-9 17:41:25] 💌 << 200 OK
[2021-5-9 17:41:27] 📨 >> GET /post/1/upvote ""
[2021-5-9 17:41:27] 💌 << 200 OK
[2021-5-9 17:41:29] 📨 >> GET /user/1 ""
[2021-5-9 17:41:29] 💌 << 200 OK
[2021-5-9 17:41:31] 📨 >> GET /user/1/postvotes ""
[2021-5-9 17:41:31] 💌 << 200 OK
[2021-5-9 17:42:13] 📨 >> GET / ""
[2021-5-9 17:42:13] 💌 << 200 OK
[2021-5-9 17:42:13] 📨 >> GET /auth/login ""
[2021-5-9 17:42:13] 💌 << 200 OK
[2021-5-9 17:42:13] 📨 >> POST /auth/login {
	"email": "Maybelle_Hirthe@hotmail.com",
	"password": "Fd2yllhC_JbW39r",
	"remember": "remember"
}
[2021-5-9 17:42:13] 💌 << 303 SEE_OTHER
[2021-5-9 17:42:13] 📨 >> GET /user/1 ""
[2021-5-9 17:42:13] 💌 << 200 OK
[2021-5-9 17:42:13] 📨 >> GET / ""
[2021-5-9 17:42:13] 💌 << 200 OK
[2021-5-9 17:42:14] 📨 >> GET /category/1 ""
[2021-5-9 17:42:14] 💌 << 200 OK
[2021-5-9 17:42:14] 📨 >> GET /post/1/upvote ""
[2021-5-9 17:42:14] 📨 >> GET /user/1 ""
[2021-5-9 17:42:14] 💌 << 200 OK
[2021-5-9 17:42:14] 📨 >> GET /user/1/postvotes ""
[2021-5-9 17:42:14] 💌 << 200 OK
[2021-5-9 17:42:15] 💌 << 200 OK
[2021-5-9 17:42:28] 📨 >> GET / ""
[2021-5-9 17:42:28] 💌 << 200 OK
[2021-5-9 17:42:29] 📨 >> GET /auth/login ""
[2021-5-9 17:42:29] 💌 << 200 OK
[2021-5-9 17:42:29] 📨 >> POST /auth/login {
	"email": "Franz54@gmail.com",
	"password": "qBVeajYWC8UnUDc",
	"remember": "remember"
}
[2021-5-9 17:42:29] 💌 << 303 SEE_OTHER
[2021-5-9 17:42:29] 📨 >> GET /user/1 ""
[2021-5-9 17:42:29] 💌 << 200 OK
[2021-5-9 17:42:29] 📨 >> GET / ""
[2021-5-9 17:42:29] 💌 << 200 OK
[2021-5-9 17:42:29] 📨 >> GET /category/1 ""
[2021-5-9 17:42:29] 💌 << 200 OK
[2021-5-9 17:42:29] 📨 >> GET /post/1 ""
[2021-5-9 17:42:29] 💌 << 200 OK
[2021-5-9 17:42:29] 📨 >> GET /post/1/upvote ""
[2021-5-9 17:42:30] 📨 >> GET /user/1 ""
[2021-5-9 17:42:30] 💌 << 200 OK
[2021-5-9 17:42:30] 📨 >> GET /user/1/postvotes ""
[2021-5-9 17:42:30] 💌 << 200 OK
[2021-5-9 17:42:30] 💌 << 200 OK
[2021-5-9 17:42:44] 📨 >> GET / ""
[2021-5-9 17:42:44] 💌 << 200 OK
[2021-5-9 17:42:44] 📨 >> GET /auth/login ""
[2021-5-9 17:42:44] 💌 << 200 OK
[2021-5-9 17:42:44] 📨 >> POST /auth/login {
	"email": "Americo_Brown@gmail.com",
	"password": "Fe45l14UgWaR9CB",
	"remember": "remember"
}
[2021-5-9 17:42:44] 💌 << 303 SEE_OTHER
[2021-5-9 17:42:44] 📨 >> GET /user/1 ""
[2021-5-9 17:42:44] 💌 << 200 OK
[2021-5-9 17:42:44] 📨 >> GET / ""
[2021-5-9 17:42:44] 💌 << 200 OK
[2021-5-9 17:42:44] 📨 >> GET /category/1 ""
[2021-5-9 17:42:44] 💌 << 200 OK
[2021-5-9 17:42:45] 📨 >> GET /post/1/downvote ""
[2021-5-9 17:42:45] 📨 >> GET /user/1 ""
[2021-5-9 17:42:45] 💌 << 200 OK
[2021-5-9 17:42:45] 📨 >> GET /user/1/postvotes ""
[2021-5-9 17:42:45] 💌 << 200 OK
[2021-5-9 17:42:45] 💌 << 200 OK
[2021-5-9 17:42:56] 📨 >> GET / ""
[2021-5-9 17:42:56] 💌 << 200 OK
[2021-5-9 17:42:57] 📨 >> GET /auth/login ""
[2021-5-9 17:42:57] 💌 << 200 OK
[2021-5-9 17:42:57] 📨 >> POST /auth/login {
	"email": "Oran_Fisher@hotmail.com",
	"password": "uLmFyhIogWf8oOm",
	"remember": "remember"
}
[2021-5-9 17:42:57] 💌 << 303 SEE_OTHER
[2021-5-9 17:42:57] 📨 >> GET /user/1 ""
[2021-5-9 17:42:57] 💌 << 200 OK
[2021-5-9 17:42:57] 📨 >> GET / ""
[2021-5-9 17:42:57] 💌 << 200 OK
[2021-5-9 17:42:57] 📨 >> GET /category/1 ""
[2021-5-9 17:42:57] 💌 << 200 OK
[2021-5-9 17:42:57] 📨 >> GET /post/1 ""
[2021-5-9 17:42:57] 💌 << 200 OK
[2021-5-9 17:42:58] 📨 >> GET /post/1/downvote ""
[2021-5-9 17:42:58] 📨 >> GET /user/1 ""
[2021-5-9 17:42:58] 💌 << 200 OK
[2021-5-9 17:42:58] 📨 >> GET /user/1/postvotes ""
[2021-5-9 17:42:58] 💌 << 200 OK
[2021-5-9 17:42:58] 💌 << 200 OK
[2021-5-9 17:43:18] 📨 >> GET / ""
[2021-5-9 17:43:18] 💌 << 200 OK
[2021-5-9 17:43:19] 📨 >> GET /category/1 ""
[2021-5-9 17:43:19] 💌 << 200 OK
[2021-5-9 17:43:35] 📨 >> GET / ""
[2021-5-9 17:43:35] 💌 << 200 OK
[2021-5-9 17:43:36] 📨 >> GET /category/1 ""
[2021-5-9 17:43:36] 💌 << 200 OK
[2021-5-9 17:43:36] 📨 >> GET /post/1 ""
[2021-5-9 17:43:36] 💌 << 200 OK
[2021-5-9 17:43:52] 📨 >> GET / ""
[2021-5-9 17:43:52] 💌 << 200 OK
[2021-5-9 17:43:53] 📨 >> GET /auth/login ""
[2021-5-9 17:43:53] 💌 << 200 OK
[2021-5-9 17:43:53] 📨 >> POST /auth/login {
	"email": "Stephanie_Buckridge@gmail.com",
	"password": "QK0BgVoelpVVDrh",
	"remember": "remember"
}
[2021-5-9 17:43:53] 💌 << 303 SEE_OTHER
[2021-5-9 17:43:53] 📨 >> GET /user/1 ""
[2021-5-9 17:43:53] 💌 << 200 OK
[2021-5-9 17:43:53] 📨 >> GET / ""
[2021-5-9 17:43:53] 💌 << 200 OK
[2021-5-9 17:43:53] 📨 >> GET /category/1 ""
[2021-5-9 17:43:53] 💌 << 200 OK
[2021-5-9 17:43:53] 📨 >> GET /post/1/upvote ""
[2021-5-9 17:43:53] 📨 >> GET /post/1/downvote ""
[2021-5-9 17:43:54] 💌 << 200 OK
[2021-5-9 17:43:54] 💌 << 200 OK
[2021-5-9 17:43:59] 📨 >> GET / ""
[2021-5-9 17:43:59] 💌 << 200 OK
[2021-5-9 17:44:0] 📨 >> GET /auth/login ""
[2021-5-9 17:44:0] 💌 << 200 OK
[2021-5-9 17:44:0] 📨 >> POST /auth/login {
	"email": "Darrel53@gmail.com",
	"password": "R8WPcw4n2Nmm65k",
	"remember": "remember"
}
[2021-5-9 17:44:0] 💌 << 303 SEE_OTHER
[2021-5-9 17:44:0] 📨 >> GET /user/1 ""
[2021-5-9 17:44:0] 💌 << 200 OK
[2021-5-9 17:44:0] 📨 >> GET / ""
[2021-5-9 17:44:0] 💌 << 200 OK
[2021-5-9 17:44:0] 📨 >> GET /category/1 ""
[2021-5-9 17:44:0] 💌 << 200 OK
[2021-5-9 17:44:0] 📨 >> GET /post/1 ""
[2021-5-9 17:44:0] 💌 << 200 OK
[2021-5-9 17:44:0] 📨 >> GET /post/1/upvote ""
[2021-5-9 17:44:0] 📨 >> GET /post/1/downvote ""
[2021-5-9 17:44:1] 💌 << 200 OK
[2021-5-9 17:44:1] 💌 << 200 OK
[2021-5-9 17:44:6] 📨 >> GET / ""
[2021-5-9 17:44:6] 💌 << 200 OK
[2021-5-9 17:44:6] 📨 >> GET /auth/login ""
[2021-5-9 17:44:6] 💌 << 200 OK
[2021-5-9 17:44:6] 📨 >> POST /auth/login {
	"email": "Tyreek70@hotmail.com",
	"password": "k48pZSPDMAVOnI2",
	"remember": "remember"
}
[2021-5-9 17:44:6] 💌 << 303 SEE_OTHER
[2021-5-9 17:44:6] 📨 >> GET /user/1 ""
[2021-5-9 17:44:6] 💌 << 200 OK
[2021-5-9 17:44:6] 📨 >> GET / ""
[2021-5-9 17:44:6] 💌 << 200 OK
[2021-5-9 17:44:7] 📨 >> GET /category/1 ""
[2021-5-9 17:44:7] 💌 << 200 OK
[2021-5-9 17:44:7] 📨 >> GET /post/1/downvote ""
[2021-5-9 17:44:7] 📨 >> GET /post/1/upvote ""
[2021-5-9 17:44:7] 💌 << 200 OK
[2021-5-9 17:44:7] 💌 << 200 OK
[2021-5-9 17:44:12] 📨 >> GET / ""
[2021-5-9 17:44:12] 💌 << 200 OK
[2021-5-9 17:44:12] 📨 >> GET /auth/login ""
[2021-5-9 17:44:12] 💌 << 200 OK
[2021-5-9 17:44:12] 📨 >> POST /auth/login {
	"email": "Mckenna_Roob93@gmail.com",
	"password": "0XykapIqBKqrjWq",
	"remember": "remember"
}
[2021-5-9 17:44:12] 💌 << 303 SEE_OTHER
[2021-5-9 17:44:12] 📨 >> GET /user/1 ""
[2021-5-9 17:44:12] 💌 << 200 OK
[2021-5-9 17:44:12] 📨 >> GET / ""
[2021-5-9 17:44:12] 💌 << 200 OK
[2021-5-9 17:44:13] 📨 >> GET /category/1 ""
[2021-5-9 17:44:13] 💌 << 200 OK
[2021-5-9 17:44:13] 📨 >> GET /post/1 ""
[2021-5-9 17:44:13] 💌 << 200 OK
[2021-5-9 17:44:13] 📨 >> GET /post/1/downvote ""
[2021-5-9 17:44:13] 📨 >> GET /post/1/upvote ""
[2021-5-9 17:44:13] 💌 << 200 OK
[2021-5-9 17:44:13] 💌 << 200 OK
[2021-5-9 17:44:23] 📨 >> GET / ""
[2021-5-9 17:44:23] 💌 << 200 OK
[2021-5-9 17:44:23] 📨 >> GET /auth/login ""
[2021-5-9 17:44:23] 💌 << 200 OK
[2021-5-9 17:44:23] 📨 >> POST /auth/login {
	"email": "Jefferey.Jacobson@yahoo.com",
	"password": "M2ZQ3_G1cV1L44P",
	"remember": "remember"
}
[2021-5-9 17:44:23] 💌 << 303 SEE_OTHER
[2021-5-9 17:44:23] 📨 >> GET /user/1 ""
[2021-5-9 17:44:23] 💌 << 200 OK
[2021-5-9 17:44:24] 📨 >> GET / ""
[2021-5-9 17:44:24] 💌 << 200 OK
[2021-5-9 17:44:24] 📨 >> GET /category/1 ""
[2021-5-9 17:44:24] 💌 << 200 OK
[2021-5-9 17:44:24] 📨 >> GET /post/1/upvote ""
[2021-5-9 17:48:2] 📨 >> GET / ""
[2021-5-9 17:48:2] 💌 << 200 OK
[2021-5-9 17:48:3] 📨 >> GET /auth/login ""
[2021-5-9 17:48:3] 💌 << 200 OK
[2021-5-9 17:48:5] 📨 >> POST /auth/login {
	"email": "Arch_OHara@hotmail.com",
	"password": "e8WvQeU9qWroQYI",
	"remember": "remember"
}
[2021-5-9 17:48:5] 💌 << 303 SEE_OTHER
[2021-5-9 17:48:5] 📨 >> GET /user/7 ""
[2021-5-9 17:48:6] 💌 << 200 OK
[2021-5-9 17:48:6] 📨 >> GET / ""
[2021-5-9 17:48:6] 💌 << 200 OK
[2021-5-9 17:48:7] 📨 >> GET /category/3 ""
[2021-5-9 17:48:7] 💌 << 200 OK
[2021-5-9 17:48:10] 📨 >> GET /post/3/downvote ""
[2021-5-9 17:48:11] 💌 << 200 OK
[2021-5-9 17:48:12] 📨 >> GET /user/7 ""
[2021-5-9 17:48:13] 💌 << 200 OK
[2021-5-9 17:48:13] 📨 >> GET /user/7/postvotes ""
[2021-5-9 17:48:14] 💌 << 200 OK
[2021-5-9 17:48:59] 📨 >> GET / ""
[2021-5-9 17:48:59] 💌 << 200 OK
[2021-5-9 17:49:2] 📨 >> GET /auth/login ""
[2021-5-9 17:49:2] 💌 << 200 OK
[2021-5-9 17:49:4] 📨 >> POST /auth/login {
	"email": "Catherine_Wunsch66@gmail.com",
	"password": "lOhCQiybr_Ty5CY",
	"remember": "remember"
}
[2021-5-9 17:49:4] 💌 << 303 SEE_OTHER
[2021-5-9 17:49:4] 📨 >> GET /user/1 ""
[2021-5-9 17:49:5] 💌 << 200 OK
[2021-5-9 17:49:5] 📨 >> GET / ""
[2021-5-9 17:49:5] 💌 << 200 OK
[2021-5-9 17:49:9] 📨 >> GET /category/1 ""
[2021-5-9 17:49:9] 💌 << 200 OK
[2021-5-9 17:49:10] 📨 >> GET /post/1 ""
[2021-5-9 17:49:10] 💌 << 200 OK
[2021-5-9 17:49:12] 📨 >> GET /post/1/downvote ""
[2021-5-9 17:49:12] 💌 << 200 OK
[2021-5-9 17:49:14] 📨 >> GET /user/1 ""
[2021-5-9 17:49:14] 💌 << 200 OK
[2021-5-9 17:49:15] 📨 >> GET /user/1/postvotes ""
[2021-5-9 17:49:15] 💌 << 200 OK
[2021-5-9 17:49:59] 📨 >> GET / ""
[2021-5-9 17:49:59] 💌 << 200 OK
[2021-5-9 17:50:3] 📨 >> GET /category/1 ""
[2021-5-9 17:50:3] 💌 << 200 OK
[2021-5-9 17:50:54] 📨 >> GET / ""
[2021-5-9 17:50:54] 💌 << 200 OK
[2021-5-9 17:50:56] 📨 >> GET /category/1 ""
[2021-5-9 17:50:57] 💌 << 200 OK
[2021-5-9 17:50:58] 📨 >> GET /post/1 ""
[2021-5-9 17:50:58] 💌 << 200 OK
[2021-5-9 17:51:57] 📨 >> GET / ""
[2021-5-9 17:51:57] 💌 << 200 OK
[2021-5-9 17:52:1] 📨 >> GET /auth/login ""
[2021-5-9 17:52:1] 💌 << 200 OK
[2021-5-9 17:52:3] 📨 >> POST /auth/login {
	"email": "Lazaro72@gmail.com",
	"password": "cA9poAE6bVZlSIB",
	"remember": "remember"
}
[2021-5-9 17:52:3] 💌 << 303 SEE_OTHER
[2021-5-9 17:52:3] 📨 >> GET /user/1 ""
[2021-5-9 17:52:3] 💌 << 200 OK
[2021-5-9 17:52:4] 📨 >> GET / ""
[2021-5-9 17:52:4] 💌 << 200 OK
[2021-5-9 17:52:5] 📨 >> GET /category/1 ""
[2021-5-9 17:52:5] 💌 << 200 OK
[2021-5-9 17:52:7] 📨 >> GET /post/1/upvote ""
[2021-5-9 17:52:7] 💌 << 200 OK
[2021-5-9 17:52:8] 📨 >> GET /post/1/downvote ""
[2021-5-9 17:52:9] 💌 << 200 OK
[2021-5-9 17:52:59] 📨 >> GET / ""
[2021-5-9 17:52:59] 💌 << 200 OK
[2021-5-9 17:53:0] 📨 >> GET /auth/login ""
[2021-5-9 17:53:0] 💌 << 200 OK
[2021-5-9 17:53:2] 📨 >> POST /auth/login {
	"email": "Gregg_Weimann@hotmail.com",
	"password": "hW6rBvq7i97ubsa",
	"remember": "remember"
}
[2021-5-9 17:53:2] 💌 << 303 SEE_OTHER
[2021-5-9 17:53:2] 📨 >> GET /user/1 ""
[2021-5-9 17:53:2] 💌 << 200 OK
[2021-5-9 17:53:3] 📨 >> GET / ""
[2021-5-9 17:53:3] 💌 << 200 OK
[2021-5-9 17:53:5] 📨 >> GET /category/1 ""
[2021-5-9 17:53:5] 💌 << 200 OK
[2021-5-9 17:53:7] 📨 >> GET /post/1 ""
[2021-5-9 17:53:7] 💌 << 200 OK
[2021-5-9 17:53:9] 📨 >> GET /post/1/upvote ""
[2021-5-9 17:53:9] 💌 << 200 OK
[2021-5-9 17:53:11] 📨 >> GET /post/1/downvote ""
[2021-5-9 17:53:11] 💌 << 200 OK
[2021-5-9 17:53:54] 📨 >> GET / ""
[2021-5-9 17:53:54] 💌 << 200 OK
[2021-5-9 17:53:59] 📨 >> GET /auth/login ""
[2021-5-9 17:53:59] 💌 << 200 OK
[2021-5-9 17:54:1] 📨 >> POST /auth/login {
	"email": "Ellie48@yahoo.com",
	"password": "HEHP8eZzOChCa6l",
	"remember": "remember"
}
[2021-5-9 17:54:1] 💌 << 303 SEE_OTHER
[2021-5-9 17:54:1] 📨 >> GET /user/1 ""
[2021-5-9 17:54:1] 💌 << 200 OK
[2021-5-9 17:54:4] 📨 >> GET / ""
[2021-5-9 17:54:4] 💌 << 200 OK
[2021-5-9 17:54:5] 📨 >> GET /category/1 ""
[2021-5-9 17:54:5] 💌 << 200 OK
[2021-5-9 17:54:6] 📨 >> GET /post/1/downvote ""
[2021-5-9 17:54:7] 💌 << 200 OK
[2021-5-9 17:54:10] 📨 >> GET /post/1/upvote ""
[2021-5-9 17:54:10] 💌 << 200 OK
[2021-5-9 17:54:57] 📨 >> GET / ""
[2021-5-9 17:54:57] 💌 << 200 OK
[2021-5-9 17:54:59] 📨 >> GET /auth/login ""
[2021-5-9 17:54:59] 💌 << 200 OK
[2021-5-9 17:55:1] 📨 >> POST /auth/login {
	"email": "Alessandra85@gmail.com",
	"password": "QiwjeT9P73O3sUb",
	"remember": "remember"
}
[2021-5-9 17:55:1] 💌 << 303 SEE_OTHER
[2021-5-9 17:55:1] 📨 >> GET /user/1 ""
[2021-5-9 17:55:1] 💌 << 200 OK
[2021-5-9 17:55:8] 📨 >> GET / ""
[2021-5-9 17:55:8] 💌 << 200 OK
[2021-5-9 17:55:9] 📨 >> GET /category/1 ""
[2021-5-9 17:55:9] 💌 << 200 OK
[2021-5-9 17:55:11] 📨 >> GET /post/1 ""
[2021-5-9 17:55:11] 💌 << 200 OK
[2021-5-9 17:55:12] 📨 >> GET /post/1/downvote ""
[2021-5-9 17:55:13] 💌 << 200 OK
[2021-5-9 17:55:14] 📨 >> GET /post/1/upvote ""
[2021-5-9 17:55:14] 💌 << 200 OK
[2021-5-9 17:55:57] 📨 >> GET / ""
[2021-5-9 17:55:57] 💌 << 200 OK
[2021-5-9 17:55:59] 📨 >> GET /auth/login ""
[2021-5-9 17:55:59] 💌 << 200 OK
[2021-5-9 17:56:2] 📨 >> POST /auth/login {
	"email": "Arnaldo85@gmail.com",
	"password": "qLS7ODHKp179Qzg",
	"remember": "remember"
}
[2021-5-9 17:56:2] 💌 << 303 SEE_OTHER
[2021-5-9 17:56:2] 📨 >> GET /user/1 ""
[2021-5-9 17:56:2] 💌 << 200 OK
[2021-5-9 17:56:3] 📨 >> GET / ""
[2021-5-9 17:56:3] 💌 << 200 OK
[2021-5-9 17:56:4] 📨 >> GET /category/1 ""
[2021-5-9 17:56:4] 💌 << 200 OK
[2021-5-9 17:56:6] 📨 >> GET /post/1/upvote ""
[2021-5-9 17:56:6] 💌 << 200 OK
[2021-5-9 17:58:11] 📨 >> GET / ""
[2021-5-9 17:58:11] 💌 << 200 OK
[2021-5-9 17:58:12] 📨 >> GET /auth/login ""
[2021-5-9 17:58:12] 💌 << 200 OK
[2021-5-9 17:58:15] 📨 >> POST /auth/login {
	"email": "Margarita_Funk@yahoo.com",
	"password": "aibtgmStVGbcoHY",
	"remember": "remember"
}
[2021-5-9 17:58:15] 💌 << 303 SEE_OTHER
[2021-5-9 17:58:15] 📨 >> GET /user/1 ""
[2021-5-9 17:58:15] 💌 << 200 OK
[2021-5-9 17:58:16] 📨 >> GET / ""
[2021-5-9 17:58:16] 💌 << 200 OK
[2021-5-9 17:58:18] 📨 >> GET /category/1 ""
[2021-5-9 17:58:18] 💌 << 200 OK
[2021-5-9 17:58:20] 📨 >> GET /post/1/upvote ""
[2021-5-9 17:58:20] 💌 << 200 OK
