[2021-5-13 0:0:46] 📨 >> GET /post/6 ""
[2021-5-13 0:0:46] PostException: Cannot retrieve Post: Post does not exist with ID 6.
    at PostController.show (/home/gjj/web-ii/Assignments/assignment-5-gjj08519/src/controllers/PostController.js:157:19)
    at processTicksAndRejections (internal/process/task_queues.js:93:5)
    at async Router.dispatch (/home/gjj/web-ii/Assignments/assignment-5-gjj08519/src/router/Router.js:40:23)
    at async App.sendResponse (/home/gjj/web-ii/Assignments/assignment-5-gjj08519/src/App.js:43:20)
    at async Server.<anonymous> (/home/gjj/web-ii/Assignments/assignment-5-gjj08519/server.js:91:2)
[2021-5-13 0:0:46] 💌 << 400 BAD_REQUEST
[2021-5-13 0:0:55] 📨 >> GET / ""
[2021-5-13 0:0:55] 💌 << 200 OK
[2021-5-13 0:0:59] 📨 >> GET /auth/register ""
[2021-5-13 0:0:59] 💌 << 200 OK
[2021-5-13 0:1:10] 📨 >> POST /user {
	"username": "33",
	"email": "33",
	"password": "33"
}
[2021-5-13 0:1:10] 💌 << 303 SEE_OTHER
[2021-5-13 0:1:10] 📨 >> GET /auth/login ""
[2021-5-13 0:1:10] 💌 << 200 OK
[2021-5-13 0:1:17] 📨 >> POST /auth/login {
	"email": "33",
	"password": "33",
	"remember": "remember"
}
[2021-5-13 0:1:17] 💌 << 303 SEE_OTHER
[2021-5-13 0:1:17] 📨 >> GET /user/1 ""
[2021-5-13 0:1:17] 💌 << 200 OK
[2021-5-13 0:1:24] 📨 >> GET / ""
[2021-5-13 0:1:24] 💌 << 200 OK
[2021-5-13 0:1:31] 📨 >> POST /category {
	"userId": "1",
	"title": "title1",
	"description": "qq"
}
[2021-5-13 0:1:31] 💌 << 303 SEE_OTHER
[2021-5-13 0:1:31] 📨 >> GET // ""
[2021-5-13 0:1:31] 💌 << 200 OK
[2021-5-13 0:1:32] 📨 >> GET /category/1 ""
[2021-5-13 0:1:32] 💌 << 200 OK
[2021-5-13 0:1:41] 📨 >> POST /post {
	"userId": "1",
	"categoryId": "1",
	"title": "title1",
	"type": "Text",
	"content": "111111111111"
}
[2021-5-13 0:1:41] 💌 << 303 SEE_OTHER
[2021-5-13 0:1:41] 📨 >> GET /category/1 ""
[2021-5-13 0:1:41] 💌 << 200 OK
[2021-5-13 0:1:43] 📨 >> GET /post/1 ""
[2021-5-13 0:1:43] 💌 << 200 OK
[2021-5-13 0:1:49] 📨 >> POST /comment {
	"userId": "1",
	"postId": "1",
	"postTitle": "title1",
	"content": "1111111111111111"
}
[2021-5-13 0:1:49] 💌 << 303 SEE_OTHER
[2021-5-13 0:1:49] 📨 >> GET /post/1 ""
[2021-5-13 0:1:49] 💌 << 200 OK
[2021-5-13 0:4:44] 📨 >> GET /post/1 ""
[2021-5-13 0:4:44] 💌 << 200 OK
[2021-5-13 0:4:54] 📨 >> GET /auth/login ""
[2021-5-13 0:4:54] 💌 << 200 OK
[2021-5-13 0:4:57] 📨 >> POST /auth/login {
	"email": "33",
	"password": "33",
	"remember": "remember"
}
[2021-5-13 0:4:57] 💌 << 303 SEE_OTHER
[2021-5-13 0:4:57] 📨 >> GET /user/1 ""
[2021-5-13 0:4:58] 💌 << 200 OK
[2021-5-13 0:5:7] 📨 >> GET / ""
[2021-5-13 0:5:7] 💌 << 200 OK
[2021-5-13 0:5:10] 📨 >> GET /category/1 ""
[2021-5-13 0:5:10] 💌 << 200 OK
[2021-5-13 0:5:11] 📨 >> GET /post/1 ""
[2021-5-13 0:5:12] 💌 << 200 OK
[2021-5-13 0:7:12] 📨 >> GET /post/1 ""
[2021-5-13 0:7:12] 💌 << 200 OK
[2021-5-13 0:7:15] 📨 >> GET /comment/1 ""
[2021-5-13 0:7:15] 💌 << 200 OK
[2021-5-13 0:7:23] 📨 >> GET / ""
[2021-5-13 0:7:23] 💌 << 200 OK
[2021-5-13 0:7:25] 📨 >> GET /auth/login ""
[2021-5-13 0:7:25] 💌 << 200 OK
[2021-5-13 0:7:30] 📨 >> POST /auth/login {
	"email": "33",
	"password": "33",
	"remember": "remember"
}
[2021-5-13 0:7:30] 💌 << 303 SEE_OTHER
[2021-5-13 0:7:30] 📨 >> GET /user/1 ""
[2021-5-13 0:7:30] 💌 << 200 OK
[2021-5-13 0:7:37] 📨 >> GET / ""
[2021-5-13 0:7:37] 💌 << 200 OK
[2021-5-13 0:7:39] 📨 >> GET /category/1 ""
[2021-5-13 0:7:39] 💌 << 200 OK
[2021-5-13 0:7:41] 📨 >> GET /post/1 ""
[2021-5-13 0:7:41] 💌 << 200 OK
[2021-5-13 0:7:44] 📨 >> GET /comment/1/bookmark ""
[2021-5-13 0:7:44] 💌 << 200 OK
[2021-5-13 0:7:49] 📨 >> GET /comment/1/unbookmark ""
[2021-5-13 0:8:2] 📨 >> GET /comment/1/bookmark ""
[2021-5-13 0:8:3] CommentException: Cannot bookmark Comment: Comment has already been bookmarked.
    at Comment.bookmark (/home/gjj/web-ii/Assignments/assignment-5-gjj08519/src/models/Comment.js:248:19)
    at processTicksAndRejections (internal/process/task_queues.js:93:5)
    at async CommentController.bookmark (/home/gjj/web-ii/Assignments/assignment-5-gjj08519/src/controllers/CommentController.js:104:7)
    at async Router.dispatch (/home/gjj/web-ii/Assignments/assignment-5-gjj08519/src/router/Router.js:40:23)
    at async App.sendResponse (/home/gjj/web-ii/Assignments/assignment-5-gjj08519/src/App.js:43:20)
    at async Server.<anonymous> (/home/gjj/web-ii/Assignments/assignment-5-gjj08519/server.js:91:2)
[2021-5-13 0:8:3] 💌 << 400 BAD_REQUEST
[2021-5-13 0:8:3] 📨 >> GET /comment/1/bookmark ""
[2021-5-13 0:8:3] 💌 << 200 OK
[2021-5-13 0:8:3] 📨 >> GET /comment/1/unbookmark ""
[2021-5-13 0:8:4] 💌 << 200 OK
[2021-5-13 0:8:4] 📨 >> GET /comment/1/bookmark ""
[2021-5-13 0:8:5] CommentException: Cannot bookmark Comment: Comment has already been bookmarked.
    at Comment.bookmark (/home/gjj/web-ii/Assignments/assignment-5-gjj08519/src/models/Comment.js:248:19)
    at processTicksAndRejections (internal/process/task_queues.js:93:5)
    at async CommentController.bookmark (/home/gjj/web-ii/Assignments/assignment-5-gjj08519/src/controllers/CommentController.js:104:7)
    at async Router.dispatch (/home/gjj/web-ii/Assignments/assignment-5-gjj08519/src/router/Router.js:40:23)
    at async App.sendResponse (/home/gjj/web-ii/Assignments/assignment-5-gjj08519/src/App.js:43:20)
    at async Server.<anonymous> (/home/gjj/web-ii/Assignments/assignment-5-gjj08519/server.js:91:2)
[2021-5-13 0:8:5] 💌 << 400 BAD_REQUEST
[2021-5-13 0:8:5] 💌 << 200 OK
[2021-5-13 0:8:5] 📨 >> GET /comment/1/unbookmark ""
[2021-5-13 0:8:36] 📨 >> GET / ""
[2021-5-13 0:8:36] 💌 << 200 OK
[2021-5-13 0:8:37] 📨 >> GET /auth/login ""
[2021-5-13 0:8:37] 💌 << 200 OK
[2021-5-13 0:8:40] 📨 >> POST /auth/login {
	"email": "Jason19@gmail.com",
	"password": "NY1IABYcpksYQ72",
	"remember": "remember"
}
[2021-5-13 0:8:40] 💌 << 303 SEE_OTHER
[2021-5-13 0:8:40] 📨 >> GET /user/2 ""
[2021-5-13 0:8:40] 💌 << 200 OK
[2021-5-13 0:8:41] 📨 >> GET / ""
[2021-5-13 0:8:41] 💌 << 200 OK
[2021-5-13 0:8:42] 📨 >> GET /category/3 ""
[2021-5-13 0:8:42] 💌 << 200 OK
[2021-5-13 0:8:43] 📨 >> GET /post/3 ""
[2021-5-13 0:8:43] 💌 << 200 OK
[2021-5-13 0:15:34] 📨 >> GET / ""
[2021-5-13 0:15:34] 💌 << 200 OK
[2021-5-13 0:15:35] 📨 >> GET /auth/login ""
[2021-5-13 0:15:35] 💌 << 200 OK
[2021-5-13 0:15:37] 📨 >> POST /auth/login {
	"email": "Miguel75@gmail.com",
	"password": "L9V_43BoKNU87nm",
	"remember": "remember"
}
[2021-5-13 0:15:37] 💌 << 303 SEE_OTHER
[2021-5-13 0:15:37] 📨 >> GET /user/8 ""
[2021-5-13 0:15:38] 💌 << 200 OK
[2021-5-13 0:15:38] 📨 >> GET / ""
[2021-5-13 0:15:38] 💌 << 200 OK
[2021-5-13 0:15:39] 📨 >> GET /category/5 ""
[2021-5-13 0:15:39] 💌 << 200 OK
[2021-5-13 0:15:40] 📨 >> GET /post/5 ""
[2021-5-13 0:15:40] 💌 << 200 OK
[2021-5-13 0:17:22] 📨 >> GET / ""
[2021-5-13 0:17:23] 💌 << 200 OK
[2021-5-13 0:17:23] 📨 >> GET /auth/login ""
[2021-5-13 0:17:23] 💌 << 200 OK
[2021-5-13 0:17:25] 📨 >> POST /auth/login {
	"email": "Muhammad34@hotmail.com",
	"password": "oVhyRqYOhnFvAZD",
	"remember": "remember"
}
[2021-5-13 0:17:25] 💌 << 303 SEE_OTHER
[2021-5-13 0:17:25] 📨 >> GET /user/14 ""
[2021-5-13 0:17:26] 💌 << 200 OK
[2021-5-13 0:17:27] 📨 >> GET / ""
[2021-5-13 0:17:27] 💌 << 200 OK
[2021-5-13 0:17:28] 📨 >> GET /category/7 ""
[2021-5-13 0:17:29] 💌 << 200 OK
[2021-5-13 0:17:30] 📨 >> GET /post/7 ""
[2021-5-13 0:17:30] 💌 << 200 OK
[2021-5-13 10:10:46] 📨 >> GET / ""
[2021-5-13 10:10:47] 💌 << 200 OK
[2021-5-13 10:10:49] 📨 >> GET /auth/login ""
[2021-5-13 10:10:49] 💌 << 200 OK
[2021-5-13 10:10:52] 📨 >> POST /auth/login {
	"email": "Marcel_Prohaska@gmail.com",
	"password": "KhM81i5Yw43pJgH",
	"remember": "remember"
}
[2021-5-13 10:10:52] 💌 << 303 SEE_OTHER
[2021-5-13 10:10:52] 📨 >> GET /user/1 ""
[2021-5-13 10:10:52] 💌 << 200 OK
[2021-5-13 10:10:53] 📨 >> GET / ""
[2021-5-13 10:10:53] 💌 << 200 OK
[2021-5-13 10:10:54] 📨 >> GET /category/2 ""
[2021-5-13 10:10:55] 💌 << 200 OK
[2021-5-13 10:10:56] 📨 >> GET /post/2 ""
[2021-5-13 10:10:56] 💌 << 200 OK
[2021-5-13 10:17:56] 📨 >> GET / ""
[2021-5-13 10:17:56] 💌 << 200 OK
[2021-5-13 10:17:58] 📨 >> GET /auth/login ""
[2021-5-13 10:17:58] 💌 << 200 OK
[2021-5-13 10:18:0] 📨 >> POST /auth/login {
	"email": "Anissa.Cummings@gmail.com",
	"password": "G1K27SRrx0pMXcm",
	"remember": "remember"
}
[2021-5-13 10:18:0] 💌 << 303 SEE_OTHER
[2021-5-13 10:18:0] 📨 >> GET /user/7 ""
[2021-5-13 10:18:0] 💌 << 200 OK
[2021-5-13 10:18:2] 📨 >> GET / ""
[2021-5-13 10:18:2] 💌 << 200 OK
[2021-5-13 10:18:4] 📨 >> GET /category/4 ""
[2021-5-13 10:18:4] 💌 << 200 OK
[2021-5-13 10:18:6] 📨 >> GET /post/4 ""
[2021-5-13 10:18:6] 💌 << 200 OK
[2021-5-13 10:22:1] 📨 >> GET / ""
[2021-5-13 10:22:2] 💌 << 200 OK
[2021-5-13 10:22:5] 📨 >> GET /auth/register ""
[2021-5-13 10:22:5] 💌 << 200 OK
[2021-5-13 10:22:15] 📨 >> POST /user {
	"username": "1831989",
	"email": "111",
	"password": "0"
}
[2021-5-13 10:22:16] 💌 << 303 SEE_OTHER
[2021-5-13 10:22:16] 📨 >> GET /auth/login ""
[2021-5-13 10:22:16] 💌 << 200 OK
[2021-5-13 10:22:25] 📨 >> POST /auth/login {
	"email": "1831989",
	"password": "0",
	"remember": "remember"
}
[2021-5-13 10:22:25] AuthException: Cannot log in: Invalid credentials.
    at AuthController.login (/home/gjj/web-ii/Assignments/assignment-5-gjj08519/src/controllers/AuthController.js:61:19)
    at processTicksAndRejections (internal/process/task_queues.js:93:5)
    at async Router.dispatch (/home/gjj/web-ii/Assignments/assignment-5-gjj08519/src/router/Router.js:40:23)
    at async App.sendResponse (/home/gjj/web-ii/Assignments/assignment-5-gjj08519/src/App.js:43:20)
    at async Server.<anonymous> (/home/gjj/web-ii/Assignments/assignment-5-gjj08519/server.js:91:2)
[2021-5-13 10:22:25] 💌 << 400 BAD_REQUEST
[2021-5-13 10:22:33] 📨 >> GET /auth/register ""
[2021-5-13 10:22:33] 💌 << 200 OK
[2021-5-13 10:22:47] 📨 >> POST /user {
	"username": "000000",
	"email": "000000",
	"password": "000000"
}
[2021-5-13 10:22:47] 💌 << 303 SEE_OTHER
[2021-5-13 10:22:47] 📨 >> GET /auth/login ""
[2021-5-13 10:22:47] 💌 << 200 OK
[2021-5-13 10:23:1] 📨 >> POST /auth/login {
	"email": "000000",
	"password": "000000",
	"remember": "remember"
}
[2021-5-13 10:23:1] 💌 << 303 SEE_OTHER
[2021-5-13 10:23:1] 📨 >> GET /user/14 ""
[2021-5-13 10:23:1] 💌 << 200 OK
[2021-5-13 10:23:6] 📨 >> GET / ""
[2021-5-13 10:23:6] 💌 << 200 OK
[2021-5-13 10:23:10] 📨 >> GET /category/4 ""
[2021-5-13 10:23:10] 💌 << 200 OK
[2021-5-13 10:23:12] 📨 >> GET /post/4 ""
[2021-5-13 10:23:12] 💌 << 200 OK
[2021-5-13 10:23:16] 📨 >> GET /comment/2/bookmark ""
[2021-5-13 10:23:17] 📨 >> GET /comment/2/unbookmark ""
[2021-5-13 10:23:18] CommentException: Cannot unbookmark Comment: Comment has not been bookmarked.
    at Comment.unbookmark (/home/gjj/web-ii/Assignments/assignment-5-gjj08519/src/models/Comment.js:293:19)
    at processTicksAndRejections (internal/process/task_queues.js:93:5)
    at async CommentController.unbookmark (/home/gjj/web-ii/Assignments/assignment-5-gjj08519/src/controllers/CommentController.js:119:7)
    at async Router.dispatch (/home/gjj/web-ii/Assignments/assignment-5-gjj08519/src/router/Router.js:40:23)
    at async App.sendResponse (/home/gjj/web-ii/Assignments/assignment-5-gjj08519/src/App.js:43:20)
    at async Server.<anonymous> (/home/gjj/web-ii/Assignments/assignment-5-gjj08519/server.js:91:2)
[2021-5-13 10:23:18] 💌 << 400 BAD_REQUEST
[2021-5-13 10:23:19] 📨 >> GET /comment/2/unbookmark ""
[2021-5-13 10:23:19] CommentException: Cannot unbookmark Comment: Comment has not been bookmarked.
    at Comment.unbookmark (/home/gjj/web-ii/Assignments/assignment-5-gjj08519/src/models/Comment.js:293:19)
    at processTicksAndRejections (internal/process/task_queues.js:93:5)
    at async CommentController.unbookmark (/home/gjj/web-ii/Assignments/assignment-5-gjj08519/src/controllers/CommentController.js:119:7)
    at async Router.dispatch (/home/gjj/web-ii/Assignments/assignment-5-gjj08519/src/router/Router.js:40:23)
    at async App.sendResponse (/home/gjj/web-ii/Assignments/assignment-5-gjj08519/src/App.js:43:20)
    at async Server.<anonymous> (/home/gjj/web-ii/Assignments/assignment-5-gjj08519/server.js:91:2)
[2021-5-13 10:23:19] 💌 << 400 BAD_REQUEST
[2021-5-13 10:23:20] 💌 << 200 OK
[2021-5-13 10:23:20] 📨 >> GET /comment/2/bookmark ""
[2021-5-13 10:23:20] 📨 >> GET /comment/2/unbookmark ""
[2021-5-13 10:23:20] CommentException: Cannot bookmark Comment: Comment has already been bookmarked.
    at Comment.bookmark (/home/gjj/web-ii/Assignments/assignment-5-gjj08519/src/models/Comment.js:248:19)
    at processTicksAndRejections (internal/process/task_queues.js:93:5)
    at async CommentController.bookmark (/home/gjj/web-ii/Assignments/assignment-5-gjj08519/src/controllers/CommentController.js:104:7)
    at async Router.dispatch (/home/gjj/web-ii/Assignments/assignment-5-gjj08519/src/router/Router.js:40:23)
    at async App.sendResponse (/home/gjj/web-ii/Assignments/assignment-5-gjj08519/src/App.js:43:20)
    at async Server.<anonymous> (/home/gjj/web-ii/Assignments/assignment-5-gjj08519/server.js:91:2)
[2021-5-13 10:23:20] 💌 << 400 BAD_REQUEST
[2021-5-13 10:23:20] 📨 >> GET /comment/2/bookmark ""
[2021-5-13 10:23:21] CommentException: Cannot bookmark Comment: Comment has already been bookmarked.
    at Comment.bookmark (/home/gjj/web-ii/Assignments/assignment-5-gjj08519/src/models/Comment.js:248:19)
    at runMicrotasks (<anonymous>)
    at processTicksAndRejections (internal/process/task_queues.js:93:5)
    at async CommentController.bookmark (/home/gjj/web-ii/Assignments/assignment-5-gjj08519/src/controllers/CommentController.js:104:7)
    at async Router.dispatch (/home/gjj/web-ii/Assignments/assignment-5-gjj08519/src/router/Router.js:40:23)
    at async App.sendResponse (/home/gjj/web-ii/Assignments/assignment-5-gjj08519/src/App.js:43:20)
    at async Server.<anonymous> (/home/gjj/web-ii/Assignments/assignment-5-gjj08519/server.js:91:2)
[2021-5-13 10:23:21] 💌 << 400 BAD_REQUEST
[2021-5-13 10:23:21] 📨 >> GET /comment/2/bookmark ""
[2021-5-13 10:23:21] CommentException: Cannot bookmark Comment: Comment has already been bookmarked.
    at Comment.bookmark (/home/gjj/web-ii/Assignments/assignment-5-gjj08519/src/models/Comment.js:248:19)
    at runMicrotasks (<anonymous>)
    at processTicksAndRejections (internal/process/task_queues.js:93:5)
    at async CommentController.bookmark (/home/gjj/web-ii/Assignments/assignment-5-gjj08519/src/controllers/CommentController.js:104:7)
    at async Router.dispatch (/home/gjj/web-ii/Assignments/assignment-5-gjj08519/src/router/Router.js:40:23)
    at async App.sendResponse (/home/gjj/web-ii/Assignments/assignment-5-gjj08519/src/App.js:43:20)
    at async Server.<anonymous> (/home/gjj/web-ii/Assignments/assignment-5-gjj08519/server.js:91:2)
[2021-5-13 10:23:21] 💌 << 400 BAD_REQUEST
[2021-5-13 10:23:21] 💌 << 200 OK
[2021-5-13 10:23:21] 📨 >> GET /comment/2/unbookmark ""
[2021-5-13 10:23:22] CommentException: Cannot unbookmark Comment: Comment has not been bookmarked.
    at Comment.unbookmark (/home/gjj/web-ii/Assignments/assignment-5-gjj08519/src/models/Comment.js:293:19)
    at runMicrotasks (<anonymous>)
    at processTicksAndRejections (internal/process/task_queues.js:93:5)
    at async CommentController.unbookmark (/home/gjj/web-ii/Assignments/assignment-5-gjj08519/src/controllers/CommentController.js:119:7)
    at async Router.dispatch (/home/gjj/web-ii/Assignments/assignment-5-gjj08519/src/router/Router.js:40:23)
    at async App.sendResponse (/home/gjj/web-ii/Assignments/assignment-5-gjj08519/src/App.js:43:20)
    at async Server.<anonymous> (/home/gjj/web-ii/Assignments/assignment-5-gjj08519/server.js:91:2)
[2021-5-13 10:23:22] 💌 << 400 BAD_REQUEST
[2021-5-13 10:23:22] 📨 >> GET /comment/2/bookmark ""
[2021-5-13 10:23:23] 📨 >> GET /comment/2/unbookmark ""
[2021-5-13 10:23:23] CommentException: Cannot unbookmark Comment: Comment has not been bookmarked.
    at Comment.unbookmark (/home/gjj/web-ii/Assignments/assignment-5-gjj08519/src/models/Comment.js:293:19)
    at runMicrotasks (<anonymous>)
    at processTicksAndRejections (internal/process/task_queues.js:93:5)
    at async CommentController.unbookmark (/home/gjj/web-ii/Assignments/assignment-5-gjj08519/src/controllers/CommentController.js:119:7)
    at async Router.dispatch (/home/gjj/web-ii/Assignments/assignment-5-gjj08519/src/router/Router.js:40:23)
    at async App.sendResponse (/home/gjj/web-ii/Assignments/assignment-5-gjj08519/src/App.js:43:20)
    at async Server.<anonymous> (/home/gjj/web-ii/Assignments/assignment-5-gjj08519/server.js:91:2)
[2021-5-13 10:23:23] 💌 << 400 BAD_REQUEST
[2021-5-13 10:23:23] 💌 << 200 OK
[2021-5-13 10:23:33] 📨 >> GET /post/4/bookmark ""
[2021-5-13 10:23:34] 📨 >> GET /post/4/unbookmark ""
[2021-5-13 10:23:34] PostException: Cannot unbookmark Post: Post has not been bookmarked.
    at Post.unbookmark (/home/gjj/web-ii/Assignments/assignment-5-gjj08519/src/models/Post.js:293:19)
    at runMicrotasks (<anonymous>)
    at processTicksAndRejections (internal/process/task_queues.js:93:5)
    at async PostController.unbookmark (/home/gjj/web-ii/Assignments/assignment-5-gjj08519/src/controllers/PostController.js:121:9)
    at async Router.dispatch (/home/gjj/web-ii/Assignments/assignment-5-gjj08519/src/router/Router.js:40:23)
    at async App.sendResponse (/home/gjj/web-ii/Assignments/assignment-5-gjj08519/src/App.js:43:20)
    at async Server.<anonymous> (/home/gjj/web-ii/Assignments/assignment-5-gjj08519/server.js:91:2)
[2021-5-13 10:23:34] 💌 << 400 BAD_REQUEST
[2021-5-13 10:23:35] 📨 >> GET /post/4/unbookmark ""
[2021-5-13 10:23:35] PostException: Cannot unbookmark Post: Post has not been bookmarked.
    at Post.unbookmark (/home/gjj/web-ii/Assignments/assignment-5-gjj08519/src/models/Post.js:293:19)
    at runMicrotasks (<anonymous>)
    at processTicksAndRejections (internal/process/task_queues.js:93:5)
    at async PostController.unbookmark (/home/gjj/web-ii/Assignments/assignment-5-gjj08519/src/controllers/PostController.js:121:9)
    at async Router.dispatch (/home/gjj/web-ii/Assignments/assignment-5-gjj08519/src/router/Router.js:40:23)
    at async App.sendResponse (/home/gjj/web-ii/Assignments/assignment-5-gjj08519/src/App.js:43:20)
    at async Server.<anonymous> (/home/gjj/web-ii/Assignments/assignment-5-gjj08519/server.js:91:2)
[2021-5-13 10:23:35] 💌 << 400 BAD_REQUEST
[2021-5-13 10:23:35] 💌 << 200 OK
[2021-5-13 10:23:35] 📨 >> GET /post/4/bookmark ""
[2021-5-13 10:23:36] 📨 >> GET /post/4/upvote ""
[2021-5-13 10:23:36] PostException: Cannot bookmark Post: Post has already been bookmarked.
    at Post.bookmark (/home/gjj/web-ii/Assignments/assignment-5-gjj08519/src/models/Post.js:249:19)
    at runMicrotasks (<anonymous>)
    at processTicksAndRejections (internal/process/task_queues.js:93:5)
    at async PostController.bookmark (/home/gjj/web-ii/Assignments/assignment-5-gjj08519/src/controllers/PostController.js:106:9)
    at async Router.dispatch (/home/gjj/web-ii/Assignments/assignment-5-gjj08519/src/router/Router.js:40:23)
    at async App.sendResponse (/home/gjj/web-ii/Assignments/assignment-5-gjj08519/src/App.js:43:20)
    at async Server.<anonymous> (/home/gjj/web-ii/Assignments/assignment-5-gjj08519/server.js:91:2)
[2021-5-13 10:23:36] 💌 << 400 BAD_REQUEST
[2021-5-13 10:25:28] 📨 >> GET /post/4 ""
[2021-5-13 10:25:28] 💌 << 200 OK
[2021-5-13 10:25:37] 📨 >> GET / ""
[2021-5-13 10:25:37] 💌 << 200 OK
[2021-5-13 10:25:38] 📨 >> GET /auth/login ""
[2021-5-13 10:25:38] 💌 << 200 OK
[2021-5-13 10:25:44] 📨 >> POST /auth/login {
	"email": "000000",
	"password": "000000",
	"remember": "remember"
}
[2021-5-13 10:25:44] 💌 << 303 SEE_OTHER
[2021-5-13 10:25:44] 📨 >> GET /user/14 ""
[2021-5-13 10:25:44] 💌 << 200 OK
[2021-5-13 10:25:52] 📨 >> GET / ""
[2021-5-13 10:25:52] 💌 << 200 OK
[2021-5-13 10:25:55] 📨 >> GET /category/4 ""
[2021-5-13 10:25:55] 💌 << 200 OK
[2021-5-13 10:25:56] 📨 >> GET /post/4 ""
[2021-5-13 10:25:57] 💌 << 200 OK
[2021-5-13 10:27:0] 📨 >> GET /auth/logout ""
[2021-5-13 10:27:0] 💌 << 303 SEE_OTHER
[2021-5-13 10:27:0] 📨 >> GET // ""
[2021-5-13 10:27:0] 💌 << 200 OK
[2021-5-13 10:27:1] 📨 >> GET /auth/login ""
[2021-5-13 10:27:1] 💌 << 200 OK
[2021-5-13 10:27:6] 📨 >> POST /auth/login {
	"email": "000000",
	"password": "000000",
	"remember": "remember"
}
[2021-5-13 10:27:6] 💌 << 303 SEE_OTHER
[2021-5-13 10:27:6] 📨 >> GET /user/14 ""
[2021-5-13 10:27:6] 💌 << 200 OK
[2021-5-13 10:27:11] 📨 >> GET / ""
[2021-5-13 10:27:12] 💌 << 200 OK
[2021-5-13 10:27:13] 📨 >> GET /category/4 ""
[2021-5-13 10:27:13] 💌 << 200 OK
[2021-5-13 10:27:14] 📨 >> GET /post/4 ""
[2021-5-13 10:27:14] 💌 << 200 OK
[2021-5-13 10:27:40] 📨 >> GET /post/4 ""
[2021-5-13 10:27:40] 💌 << 200 OK
[2021-5-13 10:34:38] 📨 >> GET /post/4 ""
[2021-5-13 10:35:15] 💌 << 200 OK
[2021-5-13 10:35:15] 📨 >> GET /auth/logout ""
[2021-5-13 10:35:15] 💌 << 303 SEE_OTHER
[2021-5-13 10:35:15] 📨 >> GET /auth/logout ""
[2021-5-13 10:35:15] 💌 << 303 SEE_OTHER
[2021-5-13 10:35:15] 📨 >> GET / ""
[2021-5-13 10:35:15] 💌 << 200 OK
[2021-5-13 10:35:28] 📨 >> GET /auth/login ""
[2021-5-13 10:35:28] 💌 << 200 OK
[2021-5-13 10:35:36] 📨 >> POST /auth/login {
	"email": "000000",
	"password": "000000",
	"remember": "remember"
}
[2021-5-13 10:35:36] 💌 << 303 SEE_OTHER
[2021-5-13 10:35:36] 📨 >> GET /user/14 ""
[2021-5-13 10:35:36] 💌 << 200 OK
[2021-5-13 10:35:45] 📨 >> GET / ""
[2021-5-13 10:35:45] 💌 << 200 OK
[2021-5-13 10:35:51] 📨 >> GET /category/4 ""
[2021-5-13 10:35:51] 💌 << 200 OK
[2021-5-13 10:35:55] 📨 >> GET /post/4 ""
[2021-5-13 10:37:25] 💌 << 200 OK
[2021-5-13 10:44:22] 📨 >> GET /auth/logout ""
[2021-5-13 10:44:22] 💌 << 303 SEE_OTHER
[2021-5-13 10:44:22] 📨 >> GET // ""
[2021-5-13 10:44:22] 💌 << 200 OK
[2021-5-13 10:44:26] 📨 >> GET /auth/login ""
[2021-5-13 10:44:26] 💌 << 200 OK
[2021-5-13 10:44:36] 📨 >> POST /auth/login {
	"email": "000000",
	"password": "000000",
	"remember": "remember"
}
[2021-5-13 10:44:36] 💌 << 303 SEE_OTHER
[2021-5-13 10:44:36] 📨 >> GET /user/14 ""
[2021-5-13 10:44:36] 💌 << 200 OK
[2021-5-13 10:45:6] 📨 >> GET / ""
[2021-5-13 10:45:6] 💌 << 200 OK
[2021-5-13 10:45:10] 📨 >> GET /category/4 ""
[2021-5-13 10:45:10] 💌 << 200 OK
[2021-5-13 10:45:14] 📨 >> GET /post/4 ""
[2021-5-13 10:47:16] 💌 << 200 OK
[2021-5-13 10:51:54] 📨 >> GET /auth/logout ""
[2021-5-13 10:51:54] 💌 << 303 SEE_OTHER
[2021-5-13 10:51:54] 📨 >> GET // ""
[2021-5-13 10:51:54] 💌 << 200 OK
[2021-5-13 10:52:7] 📨 >> GET /auth/login ""
[2021-5-13 10:52:7] 💌 << 200 OK
[2021-5-13 10:52:15] 📨 >> POST /auth/login {
	"email": "000000",
	"password": "000000",
	"remember": "remember"
}
[2021-5-13 10:52:15] 💌 << 303 SEE_OTHER
[2021-5-13 10:52:15] 📨 >> GET /user/14 ""
[2021-5-13 10:52:15] 💌 << 200 OK
[2021-5-13 10:52:22] 📨 >> GET / ""
[2021-5-13 10:52:22] 💌 << 200 OK
[2021-5-13 10:52:27] 📨 >> GET /category/4 ""
[2021-5-13 10:52:27] 💌 << 200 OK
[2021-5-13 10:52:32] 📨 >> GET /post/4 ""
[2021-5-13 10:53:9] 📨 >> GET /post/4 ""
[2021-5-13 10:53:12] 💌 << 200 OK
[2021-5-13 10:53:13] 💌 << 200 OK
[2021-5-13 10:53:27] 📨 >> GET /comment/2/unbookmark ""
[2021-5-13 10:53:27] 💌 << 200 OK
[2021-5-13 10:54:2] 📨 >> GET /comment/2/bookmark ""
[2021-5-13 10:54:2] 💌 << 200 OK
[2021-5-13 10:55:3] 📨 >> GET / ""
[2021-5-13 10:55:3] 💌 << 200 OK
[2021-5-13 10:55:4] 📨 >> GET /auth/login ""
[2021-5-13 10:55:4] 💌 << 200 OK
[2021-5-13 10:55:6] 📨 >> POST /auth/login {
	"email": "Alycia_Romaguera@gmail.com",
	"password": "UO8eFyrOQ7uopUJ",
	"remember": "remember"
}
[2021-5-13 10:55:6] 💌 << 303 SEE_OTHER
[2021-5-13 10:55:6] 📨 >> GET /user/15 ""
[2021-5-13 10:55:6] 💌 << 200 OK
[2021-5-13 10:55:6] 📨 >> GET / ""
[2021-5-13 10:55:7] 💌 << 200 OK
[2021-5-13 10:55:7] 📨 >> GET /category/6 ""
[2021-5-13 10:55:8] 💌 << 200 OK
[2021-5-13 10:55:9] 📨 >> GET /post/6 ""
[2021-5-13 10:55:49] 💌 << 200 OK
[2021-5-13 10:55:55] 📨 >> GET /comment/3/unbookmark ""
[2021-5-13 10:55:56] 💌 << 200 OK
[2021-5-13 10:55:58] 📨 >> GET /user/15 ""
[2021-5-13 10:55:58] 💌 << 200 OK
[2021-5-13 11:6:2] 📨 >> GET / ""
[2021-5-13 11:6:2] 💌 << 200 OK
[2021-5-13 11:6:6] 📨 >> GET /auth/login ""
[2021-5-13 11:6:6] 💌 << 200 OK
[2021-5-13 11:6:10] 📨 >> POST /auth/login {
	"email": "Laurence17@yahoo.com",
	"password": "29Hx4fvhZpYjhJS",
	"remember": "remember"
}
[2021-5-13 11:6:10] 💌 << 303 SEE_OTHER
[2021-5-13 11:6:10] 📨 >> GET /user/21 ""
[2021-5-13 11:6:10] 💌 << 200 OK
[2021-5-13 11:6:14] 📨 >> GET / ""
[2021-5-13 11:6:14] 💌 << 200 OK
[2021-5-13 11:6:16] 📨 >> GET /category/8 ""
[2021-5-13 11:6:16] 💌 << 200 OK
[2021-5-13 11:6:19] 📨 >> GET /post/8 ""
[2021-5-13 11:6:20] 💌 << 200 OK
[2021-5-13 11:6:22] 📨 >> GET /comment/4/unbookmark ""
[2021-5-13 11:6:23] 💌 << 200 OK
[2021-5-13 11:6:26] 📨 >> GET /user/21 ""
[2021-5-13 11:6:26] 💌 << 200 OK
[2021-5-13 11:7:39] 📨 >> GET / ""
[2021-5-13 11:7:39] 💌 << 200 OK
[2021-5-13 11:7:40] 📨 >> GET /category/1 ""
[2021-5-13 11:7:40] 💌 << 200 OK
[2021-5-13 11:7:41] 📨 >> GET /post/1 ""
[2021-5-13 11:7:41] 💌 << 200 OK
[2021-5-13 11:8:45] 📨 >> GET / ""
[2021-5-13 11:8:45] 💌 << 200 OK
[2021-5-13 11:8:46] 📨 >> GET /auth/login ""
[2021-5-13 11:8:46] 💌 << 200 OK
[2021-5-13 11:8:48] 📨 >> POST /auth/login {
	"email": "Juana.Mills@yahoo.com",
	"password": "tKmEISbkNUKZQ_I",
	"remember": "remember"
}
[2021-5-13 11:8:48] 💌 << 303 SEE_OTHER
[2021-5-13 11:8:48] 📨 >> GET /user/7 ""
[2021-5-13 11:8:48] 💌 << 200 OK
[2021-5-13 11:8:49] 📨 >> GET / ""
[2021-5-13 11:8:49] 💌 << 200 OK
[2021-5-13 11:8:50] 📨 >> GET /category/2 ""
[2021-5-13 11:8:50] 💌 << 200 OK
[2021-5-13 11:8:52] 📨 >> GET /post/2 ""
[2021-5-13 11:8:52] 💌 << 200 OK
[2021-5-13 11:8:54] 📨 >> GET /comment/1/bookmark ""
[2021-5-13 11:8:54] 💌 << 200 OK
[2021-5-13 11:8:57] 📨 >> GET / ""
[2021-5-13 11:8:57] 💌 << 200 OK
[2021-5-13 11:8:58] 📨 >> GET /auth/logout ""
[2021-5-13 11:8:58] 💌 << 303 SEE_OTHER
[2021-5-13 11:8:58] 📨 >> GET // ""
[2021-5-13 11:8:58] 💌 << 200 OK
[2021-5-13 11:8:59] 📨 >> GET / ""
[2021-5-13 11:8:59] 💌 << 200 OK
[2021-5-13 11:9:0] 📨 >> GET /auth/login ""
[2021-5-13 11:9:0] 💌 << 200 OK
[2021-5-13 11:9:2] 📨 >> POST /auth/login {
	"email": "Raymundo.Adams@hotmail.com",
	"password": "D3pc6TXpVRcoQFk",
	"remember": "remember"
}
[2021-5-13 11:9:2] 💌 << 303 SEE_OTHER
[2021-5-13 11:9:2] 📨 >> GET /user/8 ""
[2021-5-13 11:9:2] 💌 << 200 OK
[2021-5-13 11:9:3] 📨 >> GET / ""
[2021-5-13 11:9:3] 💌 << 200 OK
[2021-5-13 11:9:4] 📨 >> GET /category/2 ""
[2021-5-13 11:9:4] 💌 << 200 OK
[2021-5-13 11:9:4] 📨 >> GET /post/2 ""
[2021-5-13 11:9:4] 💌 << 200 OK
[2021-5-13 11:9:6] 📨 >> GET /comment/1/bookmark ""
[2021-5-13 11:9:7] 💌 << 200 OK
[2021-5-13 11:9:7] 📨 >> GET /comment/1/unbookmark ""
[2021-5-13 11:9:7] 💌 << 200 OK
[2021-5-13 11:9:8] 📨 >> GET / ""
[2021-5-13 11:9:8] 💌 << 200 OK
[2021-5-13 11:9:8] 📨 >> GET /auth/logout ""
[2021-5-13 11:9:8] 💌 << 303 SEE_OTHER
[2021-5-13 11:9:8] 📨 >> GET // ""
[2021-5-13 11:9:8] 💌 << 200 OK
[2021-5-13 11:9:9] 📨 >> GET / ""
[2021-5-13 11:9:9] 💌 << 200 OK
[2021-5-13 11:9:10] 📨 >> GET /auth/login ""
[2021-5-13 11:9:10] 💌 << 200 OK
[2021-5-13 11:9:12] 📨 >> POST /auth/login {
	"email": "Juana.Mills@yahoo.com",
	"password": "tKmEISbkNUKZQ_I",
	"remember": "remember"
}
[2021-5-13 11:9:12] 💌 << 303 SEE_OTHER
[2021-5-13 11:9:12] 📨 >> GET /user/7 ""
[2021-5-13 11:9:12] 💌 << 200 OK
[2021-5-13 11:9:16] 📨 >> GET / ""
[2021-5-13 11:9:16] 💌 << 200 OK
[2021-5-13 11:9:17] 📨 >> GET /auth/logout ""
[2021-5-13 11:9:17] 💌 << 303 SEE_OTHER
[2021-5-13 11:9:17] 📨 >> GET // ""
[2021-5-13 11:9:17] 💌 << 200 OK
[2021-5-13 11:9:18] 📨 >> GET / ""
[2021-5-13 11:9:18] 💌 << 200 OK
[2021-5-13 11:9:19] 📨 >> GET /auth/login ""
[2021-5-13 11:9:19] 💌 << 200 OK
[2021-5-13 11:9:21] 📨 >> POST /auth/login {
	"email": "Raymundo.Adams@hotmail.com",
	"password": "D3pc6TXpVRcoQFk",
	"remember": "remember"
}
[2021-5-13 11:9:21] 💌 << 303 SEE_OTHER
[2021-5-13 11:9:21] 📨 >> GET /user/8 ""
[2021-5-13 11:9:21] 💌 << 200 OK
[2021-5-13 11:9:23] 📨 >> GET / ""
[2021-5-13 11:9:23] 💌 << 200 OK
[2021-5-13 11:9:24] 📨 >> GET /auth/logout ""
[2021-5-13 11:9:24] 💌 << 303 SEE_OTHER
[2021-5-13 11:9:24] 📨 >> GET // ""
[2021-5-13 11:9:24] 💌 << 200 OK
[2021-5-13 11:12:14] 📨 >> GET / ""
[2021-5-13 11:12:14] 💌 << 200 OK
[2021-5-13 11:12:15] 📨 >> GET /auth/login ""
[2021-5-13 11:12:15] 💌 << 200 OK
[2021-5-13 11:12:17] 📨 >> POST /auth/login {
	"email": "Halle.McClure@hotmail.com",
	"password": "IW977gnlSqsI7eF",
	"remember": "remember"
}
[2021-5-13 11:12:17] 💌 << 303 SEE_OTHER
[2021-5-13 11:12:17] 📨 >> GET /user/1 ""
[2021-5-13 11:12:17] 💌 << 200 OK
[2021-5-13 11:12:20] 📨 >> GET / ""
[2021-5-13 11:12:20] 💌 << 200 OK
[2021-5-13 11:12:21] 📨 >> GET /category/1 ""
[2021-5-13 11:12:21] 💌 << 200 OK
[2021-5-13 11:13:3] 📨 >> GET /post/1 ""
[2021-5-13 11:13:3] 💌 << 200 OK
[2021-5-13 11:15:22] 📨 >> GET / ""
[2021-5-13 11:15:22] 💌 << 200 OK
[2021-5-13 11:15:29] 📨 >> GET /auth/register ""
[2021-5-13 11:15:29] 💌 << 200 OK
[2021-5-13 11:15:42] 📨 >> POST /user {
	"username": "111111",
	"email": "111111",
	"password": "111111"
}
[2021-5-13 11:15:42] 💌 << 303 SEE_OTHER
[2021-5-13 11:15:42] 📨 >> GET /auth/login ""
[2021-5-13 11:15:43] 💌 << 200 OK
[2021-5-13 11:15:53] 📨 >> POST /auth/login {
	"email": "111111",
	"password": "111111",
	"remember": "remember"
}
[2021-5-13 11:15:53] 💌 << 303 SEE_OTHER
[2021-5-13 11:15:53] 📨 >> GET /user/7 ""
[2021-5-13 11:15:54] 💌 << 200 OK
[2021-5-13 11:16:1] 📨 >> GET / ""
[2021-5-13 11:16:1] 💌 << 200 OK
[2021-5-13 11:16:4] 📨 >> GET /category/2 ""
[2021-5-13 11:16:4] 💌 << 200 OK
[2021-5-13 11:16:6] 📨 >> GET /post/2 ""
[2021-5-13 11:16:6] 💌 << 200 OK
[2021-5-13 11:16:20] 📨 >> GET /post/2/upvote ""
[2021-5-13 11:16:21] 💌 << 200 OK
[2021-5-13 11:18:0] 📨 >> GET / ""
[2021-5-13 11:18:0] 💌 << 200 OK
[2021-5-13 11:18:3] 📨 >> GET /auth/login ""
[2021-5-13 11:18:3] 💌 << 200 OK
[2021-5-13 11:18:5] 📨 >> POST /auth/login {
	"email": "Daphnee14@hotmail.com",
	"password": "eynWlqsBElkzBFD",
	"remember": "remember"
}
[2021-5-13 11:18:5] 💌 << 303 SEE_OTHER
[2021-5-13 11:18:5] 📨 >> GET /user/8 ""
[2021-5-13 11:18:5] 💌 << 200 OK
[2021-5-13 11:18:10] 📨 >> GET / ""
[2021-5-13 11:18:10] 💌 << 200 OK
[2021-5-13 11:18:12] 📨 >> GET /category/3 ""
[2021-5-13 11:18:12] 💌 << 200 OK
[2021-5-13 11:24:46] 📨 >> GET / ""
[2021-5-13 11:24:46] 💌 << 200 OK
[2021-5-13 11:24:49] 📨 >> GET /auth/login ""
[2021-5-13 11:24:49] 💌 << 200 OK
[2021-5-13 11:24:55] 📨 >> POST /auth/login {
	"email": "111111",
	"password": "111111",
	"remember": "remember"
}
[2021-5-13 11:24:55] 💌 << 303 SEE_OTHER
[2021-5-13 11:24:55] 📨 >> GET /user/7 ""
[2021-5-13 11:24:55] 💌 << 200 OK
[2021-5-13 11:25:0] 📨 >> GET / ""
[2021-5-13 11:25:1] 💌 << 200 OK
[2021-5-13 11:25:4] 📨 >> GET /category/4 ""
[2021-5-13 11:25:4] 💌 << 200 OK
[2021-5-13 11:27:29] 📨 >> GET /auth/logout ""
[2021-5-13 11:27:29] 💌 << 303 SEE_OTHER
[2021-5-13 11:27:29] 📨 >> GET // ""
[2021-5-13 11:27:29] 💌 << 200 OK
[2021-5-13 11:27:32] 📨 >> GET /auth/login ""
[2021-5-13 11:27:32] 💌 << 200 OK
[2021-5-13 11:27:38] 📨 >> POST /auth/login {
	"email": "111111",
	"password": "111111",
	"remember": "remember"
}
[2021-5-13 11:27:38] 💌 << 303 SEE_OTHER
[2021-5-13 11:27:38] 📨 >> GET /user/7 ""
[2021-5-13 11:27:38] 💌 << 200 OK
[2021-5-13 11:27:43] 📨 >> GET / ""
[2021-5-13 11:27:43] 💌 << 200 OK
[2021-5-13 11:27:48] 📨 >> GET /category/4 ""
[2021-5-13 11:27:48] 💌 << 200 OK
[2021-5-13 11:27:53] 📨 >> GET /post/4/upvote ""
[2021-5-13 11:27:54] 💌 << 200 OK
[2021-5-13 11:27:55] 📨 >> GET /post/4/downvote ""
[2021-5-13 11:27:55] 💌 << 200 OK
[2021-5-13 11:27:55] 📨 >> GET /post/4/unvote ""
[2021-5-13 11:27:55] 💌 << 200 OK
[2021-5-13 11:27:56] 📨 >> GET /post/4/downvote ""
[2021-5-13 11:27:56] 💌 << 200 OK
[2021-5-13 11:27:57] 📨 >> GET /post/4/upvote ""
[2021-5-13 11:27:57] 💌 << 200 OK
[2021-5-13 11:31:39] 📨 >> GET / ""
[2021-5-13 11:31:39] 💌 << 200 OK
[2021-5-13 11:31:40] 📨 >> GET /auth/login ""
[2021-5-13 11:31:40] 💌 << 200 OK
[2021-5-13 11:31:42] 📨 >> POST /auth/login {
	"email": "Aurelia.Bogan@hotmail.com",
	"password": "RVlUvJMSSc0NotP",
	"remember": "remember"
}
[2021-5-13 11:31:42] 💌 << 303 SEE_OTHER
[2021-5-13 11:31:42] 📨 >> GET /user/14 ""
[2021-5-13 11:31:42] 💌 << 200 OK
[2021-5-13 11:31:43] 📨 >> GET / ""
[2021-5-13 11:31:43] 💌 << 200 OK
[2021-5-13 11:31:45] 📨 >> GET /category/5 ""
[2021-5-13 11:31:45] 💌 << 200 OK
[2021-5-13 11:31:47] 📨 >> GET /post/5/upvote ""
[2021-5-13 11:31:47] 💌 << 200 OK
[2021-5-13 11:31:50] 📨 >> GET /user/14 ""
[2021-5-13 11:31:50] 💌 << 200 OK
[2021-5-13 11:31:53] 📨 >> GET /user/14/postvotes ""
[2021-5-13 11:31:53] 💌 << 200 OK
[2021-5-13 11:33:4] 📨 >> GET / ""
[2021-5-13 11:33:4] 💌 << 200 OK
[2021-5-13 11:33:5] 📨 >> GET /auth/login ""
[2021-5-13 11:33:5] 💌 << 200 OK
[2021-5-13 11:33:8] 📨 >> POST /auth/login {
	"email": "Christ_Bergstrom@yahoo.com",
	"password": "jXaGQtiHJkcuwCq",
	"remember": "remember"
}
[2021-5-13 11:33:8] 💌 << 303 SEE_OTHER
[2021-5-13 11:33:8] 📨 >> GET /user/1 ""
[2021-5-13 11:33:8] 💌 << 200 OK
[2021-5-13 11:33:10] 📨 >> GET / ""
[2021-5-13 11:33:10] 💌 << 200 OK
[2021-5-13 11:33:11] 📨 >> GET /category/1 ""
[2021-5-13 11:33:11] 💌 << 200 OK
[2021-5-13 11:33:13] 📨 >> GET /post/1 ""
[2021-5-13 11:33:13] 💌 << 200 OK
[2021-5-13 11:33:15] 📨 >> GET /post/1/upvote ""
[2021-5-13 11:33:16] 💌 << 200 OK
[2021-5-13 11:33:18] 📨 >> GET /user/1 ""
[2021-5-13 11:33:18] 💌 << 200 OK
[2021-5-13 11:33:20] 📨 >> GET /user/1/postvotes ""
[2021-5-13 11:33:20] 💌 << 200 OK
[2021-5-13 11:34:16] 📨 >> GET / ""
[2021-5-13 11:34:16] 💌 << 200 OK
[2021-5-13 11:34:18] 📨 >> GET /auth/login ""
[2021-5-13 11:34:18] 💌 << 200 OK
[2021-5-13 11:34:22] 📨 >> POST /auth/login {
	"email": "Luciano.Auer38@yahoo.com",
	"password": "U_dxitIfapVjtIr",
	"remember": "remember"
}
[2021-5-13 11:34:22] 💌 << 303 SEE_OTHER
[2021-5-13 11:34:22] 📨 >> GET /user/1 ""
[2021-5-13 11:34:23] 💌 << 200 OK
[2021-5-13 11:34:25] 📨 >> GET / ""
[2021-5-13 11:34:25] 💌 << 200 OK
[2021-5-13 11:34:26] 📨 >> GET /category/1 ""
[2021-5-13 11:34:26] 💌 << 200 OK
[2021-5-13 11:34:28] 📨 >> GET /post/1/downvote ""
[2021-5-13 11:34:28] 💌 << 200 OK
[2021-5-13 11:34:31] 📨 >> GET /user/1 ""
[2021-5-13 11:34:31] 💌 << 200 OK
[2021-5-13 11:34:32] 📨 >> GET /user/1/postvotes ""
[2021-5-13 11:34:32] 💌 << 200 OK
[2021-5-13 11:35:26] 📨 >> GET / ""
[2021-5-13 11:35:26] 💌 << 200 OK
[2021-5-13 11:35:27] 📨 >> GET /auth/login ""
[2021-5-13 11:35:27] 💌 << 200 OK
[2021-5-13 11:35:30] 📨 >> POST /auth/login {
	"email": "Luigi_Cormier@hotmail.com",
	"password": "urbhjLCNApco5RK",
	"remember": "remember"
}
[2021-5-13 11:35:30] 💌 << 303 SEE_OTHER
[2021-5-13 11:35:30] 📨 >> GET /user/1 ""
[2021-5-13 11:35:30] 💌 << 200 OK
[2021-5-13 11:35:31] 📨 >> GET / ""
[2021-5-13 11:35:31] 💌 << 200 OK
[2021-5-13 11:35:32] 📨 >> GET /category/1 ""
[2021-5-13 11:35:32] 💌 << 200 OK
[2021-5-13 11:35:33] 📨 >> GET /post/1 ""
[2021-5-13 11:35:33] 💌 << 200 OK
[2021-5-13 11:35:35] 📨 >> GET /post/1/downvote ""
[2021-5-13 11:35:35] 💌 << 200 OK
[2021-5-13 11:35:36] 📨 >> GET /user/1 ""
[2021-5-13 11:35:36] 💌 << 200 OK
[2021-5-13 11:35:38] 📨 >> GET /user/1/postvotes ""
[2021-5-13 11:35:38] 💌 << 200 OK
[2021-5-13 11:36:37] 📨 >> GET / ""
[2021-5-13 11:36:37] 💌 << 200 OK
[2021-5-13 11:36:39] 📨 >> GET /category/1 ""
[2021-5-13 11:36:39] 💌 << 200 OK
[2021-5-13 11:37:28] 📨 >> GET / ""
[2021-5-13 11:37:28] 💌 << 200 OK
[2021-5-13 11:37:37] 📨 >> GET /category/1 ""
[2021-5-13 11:37:38] 💌 << 200 OK
[2021-5-13 11:37:40] 📨 >> GET /post/1 ""
[2021-5-13 11:37:40] 💌 << 200 OK
[2021-5-13 11:38:25] 📨 >> GET / ""
[2021-5-13 11:38:25] 💌 << 200 OK
[2021-5-13 11:38:26] 📨 >> GET /auth/login ""
[2021-5-13 11:38:26] 💌 << 200 OK
[2021-5-13 11:38:30] 📨 >> POST /auth/login {
	"email": "Markus.Swift51@yahoo.com",
	"password": "ruk_DAjyUCh1JBJ",
	"remember": "remember"
}
[2021-5-13 11:38:30] 💌 << 303 SEE_OTHER
[2021-5-13 11:38:30] 📨 >> GET /user/1 ""
[2021-5-13 11:38:30] 💌 << 200 OK
[2021-5-13 11:38:31] 📨 >> GET / ""
[2021-5-13 11:38:31] 💌 << 200 OK
[2021-5-13 11:38:32] 📨 >> GET /category/1 ""
[2021-5-13 11:38:32] 💌 << 200 OK
[2021-5-13 11:38:33] 📨 >> GET /post/1/upvote ""
[2021-5-13 11:38:34] 💌 << 200 OK
[2021-5-13 11:38:36] 📨 >> GET /post/1/downvote ""
[2021-5-13 11:38:36] 💌 << 200 OK
[2021-5-13 11:39:48] 📨 >> GET / ""
[2021-5-13 11:39:48] 💌 << 200 OK
[2021-5-13 11:39:49] 📨 >> GET /auth/login ""
[2021-5-13 11:39:49] 💌 << 200 OK
[2021-5-13 11:39:51] 📨 >> POST /auth/login {
	"email": "Kennedy19@gmail.com",
	"password": "sllexuvobAL7sWp",
	"remember": "remember"
}
[2021-5-13 11:39:51] 💌 << 303 SEE_OTHER
[2021-5-13 11:39:51] 📨 >> GET /user/1 ""
[2021-5-13 11:39:51] 💌 << 200 OK
[2021-5-13 11:39:51] 📨 >> GET / ""
[2021-5-13 11:39:52] 💌 << 200 OK
[2021-5-13 11:39:54] 📨 >> GET /category/1 ""
[2021-5-13 11:39:54] 💌 << 200 OK
[2021-5-13 11:39:55] 📨 >> GET /post/1 ""
[2021-5-13 11:39:55] 💌 << 200 OK
[2021-5-13 11:39:57] 📨 >> GET /post/1/upvote ""
[2021-5-13 11:39:58] 💌 << 200 OK
[2021-5-13 11:39:59] 📨 >> GET /post/1/downvote ""
[2021-5-13 11:40:0] 💌 << 200 OK
[2021-5-13 11:40:52] 📨 >> GET / ""
[2021-5-13 11:40:52] 💌 << 200 OK
[2021-5-13 11:40:53] 📨 >> GET /auth/login ""
[2021-5-13 11:40:53] 💌 << 200 OK
[2021-5-13 11:40:57] 📨 >> POST /auth/login {
	"email": "Corbin_Hamill@yahoo.com",
	"password": "yS0D3hXf3iT03ta",
	"remember": "remember"
}
[2021-5-13 11:40:57] 💌 << 303 SEE_OTHER
[2021-5-13 11:40:57] 📨 >> GET /user/1 ""
[2021-5-13 11:40:57] 💌 << 200 OK
[2021-5-13 11:40:58] 📨 >> GET / ""
[2021-5-13 11:40:58] 💌 << 200 OK
[2021-5-13 11:40:59] 📨 >> GET /category/1 ""
[2021-5-13 11:40:59] 💌 << 200 OK
[2021-5-13 11:41:1] 📨 >> GET /post/1/downvote ""
[2021-5-13 11:41:1] 💌 << 200 OK
[2021-5-13 11:41:3] 📨 >> GET /post/1/upvote ""
[2021-5-13 11:41:4] 💌 << 200 OK
[2021-5-13 11:41:53] 📨 >> GET / ""
[2021-5-13 11:41:53] 💌 << 200 OK
[2021-5-13 11:41:54] 📨 >> GET /auth/login ""
[2021-5-13 11:41:54] 💌 << 200 OK
[2021-5-13 11:41:56] 📨 >> POST /auth/login {
	"email": "Dennis.Morar23@yahoo.com",
	"password": "XqdR6U64dX1Rklf",
	"remember": "remember"
}
[2021-5-13 11:41:56] 💌 << 303 SEE_OTHER
[2021-5-13 11:41:56] 📨 >> GET /user/1 ""
[2021-5-13 11:41:56] 💌 << 200 OK
[2021-5-13 11:41:59] 📨 >> GET / ""
[2021-5-13 11:41:59] 💌 << 200 OK
[2021-5-13 11:42:0] 📨 >> GET /category/1 ""
[2021-5-13 11:42:0] 💌 << 200 OK
[2021-5-13 11:42:1] 📨 >> GET /post/1 ""
[2021-5-13 11:42:1] 💌 << 200 OK
[2021-5-13 11:42:2] 📨 >> GET /post/1/downvote ""
[2021-5-13 11:42:2] 💌 << 200 OK
[2021-5-13 11:42:6] 📨 >> GET /post/1/upvote ""
[2021-5-13 11:42:6] 💌 << 200 OK
[2021-5-13 11:43:0] 📨 >> GET / ""
[2021-5-13 11:43:0] 💌 << 200 OK
[2021-5-13 11:43:3] 📨 >> GET /auth/login ""
[2021-5-13 11:43:3] 💌 << 200 OK
[2021-5-13 11:43:5] 📨 >> POST /auth/login {
	"email": "Richmond.Friesen92@hotmail.com",
	"password": "0ClDAufzuXacnqw",
	"remember": "remember"
}
[2021-5-13 11:43:5] 💌 << 303 SEE_OTHER
[2021-5-13 11:43:5] 📨 >> GET /user/1 ""
[2021-5-13 11:43:5] 💌 << 200 OK
[2021-5-13 11:43:6] 📨 >> GET / ""
[2021-5-13 11:43:6] 💌 << 200 OK
[2021-5-13 11:43:8] 📨 >> GET /category/1 ""
[2021-5-13 11:43:8] 💌 << 200 OK
[2021-5-13 11:43:11] 📨 >> GET /post/1/upvote ""
[2021-5-13 11:43:11] 💌 << 200 OK
[2021-5-13 11:44:10] 📨 >> GET / ""
[2021-5-13 11:44:10] 💌 << 200 OK
[2021-5-13 11:44:20] 📨 >> GET /auth/register ""
[2021-5-13 11:44:20] 💌 << 200 OK
[2021-5-13 11:44:37] 📨 >> POST /user {
	"username": "222222",
	"email": "222222",
	"password": "222222"
}
[2021-5-13 11:44:37] 💌 << 303 SEE_OTHER
[2021-5-13 11:44:37] 📨 >> GET /auth/login ""
[2021-5-13 11:44:37] 💌 << 200 OK
[2021-5-13 11:44:55] 📨 >> POST /auth/login {
	"email": "222222",
	"password": "222222",
	"remember": "remember"
}
[2021-5-13 11:44:55] 💌 << 303 SEE_OTHER
[2021-5-13 11:44:55] 📨 >> GET /user/1 ""
[2021-5-13 11:44:55] 💌 << 200 OK
[2021-5-13 11:45:3] 📨 >> GET / ""
[2021-5-13 11:45:3] 💌 << 200 OK
[2021-5-13 11:45:15] 📨 >> POST /category {
	"userId": "1",
	"title": "title1",
	"description": "00000"
}
[2021-5-13 11:45:16] 💌 << 303 SEE_OTHER
[2021-5-13 11:45:16] 📨 >> GET // ""
[2021-5-13 11:45:16] 💌 << 200 OK
[2021-5-13 11:45:18] 📨 >> GET /category/1 ""
[2021-5-13 11:45:18] 💌 << 200 OK
[2021-5-13 11:45:44] 📨 >> POST /post {
	"userId": "1",
	"categoryId": "1",
	"title": "title1",
	"type": "Text",
	"content": "0"
}
[2021-5-13 11:45:44] 💌 << 303 SEE_OTHER
[2021-5-13 11:45:44] 📨 >> GET /category/1 ""
[2021-5-13 11:45:44] 💌 << 200 OK
[2021-5-13 11:45:52] 📨 >> GET /post/1/upvote ""
[2021-5-13 11:45:52] 💌 << 200 OK
[2021-5-13 11:47:19] 📨 >> GET /auth/logout ""
[2021-5-13 11:47:19] 💌 << 303 SEE_OTHER
[2021-5-13 11:47:19] 📨 >> GET // ""
[2021-5-13 11:47:19] 💌 << 200 OK
[2021-5-13 11:47:29] 📨 >> GET /auth/login ""
[2021-5-13 11:47:29] 💌 << 200 OK
[2021-5-13 11:47:35] 📨 >> POST /auth/login {
	"email": "222222",
	"password": "222222",
	"remember": "remember"
}
[2021-5-13 11:47:35] 💌 << 303 SEE_OTHER
[2021-5-13 11:47:35] 📨 >> GET /user/1 ""
[2021-5-13 11:47:35] 💌 << 200 OK
[2021-5-13 11:47:43] 📨 >> GET / ""
[2021-5-13 11:47:43] 💌 << 200 OK
[2021-5-13 11:47:50] 📨 >> GET /category/1 ""
[2021-5-13 11:47:50] 💌 << 200 OK
[2021-5-13 11:47:53] 📨 >> GET /post/1/upvote ""
[2021-5-13 11:47:53] PostException: Cannot up vote Post: Post has already been up voted.
    at Post.upVote (/home/gjj/web-ii/Assignments/assignment-5-gjj08519/src/models/Post.js:100:19)
    at processTicksAndRejections (internal/process/task_queues.js:93:5)
    at async PostController.upVote (/home/gjj/web-ii/Assignments/assignment-5-gjj08519/src/controllers/PostController.js:64:9)
    at async Router.dispatch (/home/gjj/web-ii/Assignments/assignment-5-gjj08519/src/router/Router.js:40:23)
    at async App.sendResponse (/home/gjj/web-ii/Assignments/assignment-5-gjj08519/src/App.js:43:20)
    at async Server.<anonymous> (/home/gjj/web-ii/Assignments/assignment-5-gjj08519/server.js:91:2)
[2021-5-13 11:47:53] 💌 << 400 BAD_REQUEST
[2021-5-13 11:48:37] 📨 >> GET /post/1/downvote ""
[2021-5-13 11:48:37] 💌 << 200 OK
[2021-5-13 11:48:42] 📨 >> GET /post/1/upvote ""
[2021-5-13 11:48:42] 💌 << 200 OK
[2021-5-13 11:48:42] 📨 >> GET /post/1/downvote ""
[2021-5-13 11:48:43] 💌 << 200 OK
[2021-5-13 11:50:58] 📨 >> GET /auth/logout ""
[2021-5-13 11:50:58] 💌 << 303 SEE_OTHER
[2021-5-13 11:50:58] 📨 >> GET // ""
[2021-5-13 11:50:58] 💌 << 200 OK
[2021-5-13 11:51:0] 📨 >> GET /auth/login ""
[2021-5-13 11:51:0] 💌 << 200 OK
[2021-5-13 11:51:4] 📨 >> POST /auth/login {
	"email": "222222",
	"password": "222222",
	"remember": "remember"
}
[2021-5-13 11:51:4] 💌 << 303 SEE_OTHER
[2021-5-13 11:51:4] 📨 >> GET /user/1 ""
[2021-5-13 11:51:4] 💌 << 200 OK
[2021-5-13 11:51:12] 📨 >> GET / ""
[2021-5-13 11:51:12] 💌 << 200 OK
[2021-5-13 11:51:17] 📨 >> GET /category/1 ""
[2021-5-13 11:51:17] 💌 << 200 OK
[2021-5-13 11:56:21] 📨 >> GET /auth/logout ""
[2021-5-13 11:56:21] 💌 << 303 SEE_OTHER
[2021-5-13 11:56:21] 📨 >> GET // ""
[2021-5-13 11:56:21] 💌 << 200 OK
[2021-5-13 11:56:22] 📨 >> GET /auth/login ""
[2021-5-13 11:56:22] 💌 << 200 OK
[2021-5-13 11:56:27] 📨 >> POST /auth/login {
	"email": "222222",
	"password": "222222",
	"remember": "remember"
}
[2021-5-13 11:56:27] 💌 << 303 SEE_OTHER
[2021-5-13 11:56:27] 📨 >> GET /user/1 ""
[2021-5-13 11:56:27] 💌 << 200 OK
[2021-5-13 11:56:37] 📨 >> GET / ""
[2021-5-13 11:56:37] 💌 << 200 OK
[2021-5-13 11:56:39] 📨 >> GET /category/1 ""
[2021-5-13 11:56:39] 💌 << 200 OK
[2021-5-13 12:0:31] 📨 >> GET /auth/logout ""
[2021-5-13 12:0:31] 💌 << 303 SEE_OTHER
[2021-5-13 12:0:31] 📨 >> GET // ""
[2021-5-13 12:0:31] 💌 << 200 OK
[2021-5-13 12:0:32] 📨 >> GET /auth/login ""
[2021-5-13 12:0:32] 💌 << 200 OK
[2021-5-13 12:0:39] 📨 >> POST /auth/login {
	"email": "222222",
	"password": "22222",
	"remember": "remember"
}
[2021-5-13 12:0:39] AuthException: Cannot log in: Invalid credentials.
    at AuthController.login (/home/gjj/web-ii/Assignments/assignment-5-gjj08519/src/controllers/AuthController.js:63:19)
    at processTicksAndRejections (internal/process/task_queues.js:93:5)
    at async Router.dispatch (/home/gjj/web-ii/Assignments/assignment-5-gjj08519/src/router/Router.js:40:23)
    at async App.sendResponse (/home/gjj/web-ii/Assignments/assignment-5-gjj08519/src/App.js:43:20)
    at async Server.<anonymous> (/home/gjj/web-ii/Assignments/assignment-5-gjj08519/server.js:91:2)
[2021-5-13 12:0:39] 💌 << 400 BAD_REQUEST
[2021-5-13 12:1:0] 📨 >> GET / ""
[2021-5-13 12:1:0] 💌 << 200 OK
[2021-5-13 12:1:2] 📨 >> GET /auth/register ""
[2021-5-13 12:1:2] 💌 << 200 OK
[2021-5-13 12:1:19] 📨 >> POST /user {
	"username": "33333",
	"email": "33333",
	"password": "33333"
}
[2021-5-13 12:1:19] 💌 << 303 SEE_OTHER
[2021-5-13 12:1:19] 📨 >> GET /auth/login ""
[2021-5-13 12:1:19] 💌 << 200 OK
[2021-5-13 12:1:34] 📨 >> POST /auth/login {
	"email": "33333",
	"password": "33333",
	"remember": "remember"
}
[2021-5-13 12:1:34] 💌 << 303 SEE_OTHER
[2021-5-13 12:1:34] 📨 >> GET /user/2 ""
[2021-5-13 12:1:34] 💌 << 200 OK
[2021-5-13 12:1:41] 📨 >> GET / ""
[2021-5-13 12:1:41] 💌 << 200 OK
[2021-5-13 12:1:43] 📨 >> GET /category/1 ""
[2021-5-13 12:1:43] 💌 << 200 OK
[2021-5-13 17:8:18] 📨 >> GET / ""
[2021-5-13 17:8:18] 💌 << 200 OK
[2021-5-13 17:8:18] 📨 >> GET /auth/login ""
[2021-5-13 17:8:18] 💌 << 200 OK
[2021-5-13 17:8:19] 📨 >> POST /auth/login {
	"email": "Raymundo.Jenkins@gmail.com",
	"password": "LV8FdQCjxyEzZoz",
	"remember": "remember"
}
[2021-5-13 17:8:19] 💌 << 303 SEE_OTHER
[2021-5-13 17:8:19] 📨 >> GET /user/3 ""
[2021-5-13 17:8:20] 💌 << 200 OK
[2021-5-13 17:8:20] 📨 >> GET / ""
[2021-5-13 17:8:20] 💌 << 200 OK
[2021-5-13 17:8:20] 📨 >> GET /category/2 ""
[2021-5-13 17:8:20] 💌 << 200 OK
[2021-5-13 17:8:20] 📨 >> GET /post/2/upvote ""
[2021-5-13 17:11:42] 📨 >> GET / ""
[2021-5-13 17:11:42] 💌 << 200 OK
[2021-5-13 17:11:42] 📨 >> GET /auth/login ""
[2021-5-13 17:11:42] 💌 << 200 OK
[2021-5-13 17:11:43] 📨 >> POST /auth/login {
	"email": "Russ10@hotmail.com",
	"password": "LQ_MrFnc_3kRjAF",
	"remember": "remember"
}
[2021-5-13 17:11:43] 💌 << 303 SEE_OTHER
[2021-5-13 17:11:43] 📨 >> GET /user/1 ""
[2021-5-13 17:11:43] 💌 << 200 OK
[2021-5-13 17:11:43] 📨 >> GET / ""
[2021-5-13 17:11:43] 💌 << 200 OK
[2021-5-13 17:11:43] 📨 >> GET /category/1 ""
[2021-5-13 17:11:43] 💌 << 200 OK
[2021-5-13 17:11:43] 📨 >> GET /post/1 ""
[2021-5-13 17:11:44] 💌 << 200 OK
[2021-5-13 17:11:44] 📨 >> GET /post/1/upvote ""
[2021-5-13 17:11:44] 📨 >> GET /post/1/unvote ""
[2021-5-13 17:11:44] PostException: Cannot unvote Post: Post must first be up or down voted.
    at Post.unvote (/home/gjj/web-ii/Assignments/assignment-5-gjj08519/src/models/Post.js:195:19)
    at processTicksAndRejections (internal/process/task_queues.js:93:5)
    at async PostController.unvote (/home/gjj/web-ii/Assignments/assignment-5-gjj08519/src/controllers/PostController.js:92:9)
    at async Router.dispatch (/home/gjj/web-ii/Assignments/assignment-5-gjj08519/src/router/Router.js:40:23)
    at async App.sendResponse (/home/gjj/web-ii/Assignments/assignment-5-gjj08519/src/App.js:43:20)
    at async Server.<anonymous> (/home/gjj/web-ii/Assignments/assignment-5-gjj08519/server.js:91:2)
[2021-5-13 17:11:44] 💌 << 400 BAD_REQUEST
[2021-5-13 17:11:45] 💌 << 200 OK
[2021-5-13 17:12:23] 📨 >> GET / ""
[2021-5-13 17:12:23] 💌 << 200 OK
[2021-5-13 17:12:23] 📨 >> GET /auth/login ""
[2021-5-13 17:12:23] 💌 << 200 OK
[2021-5-13 17:12:24] 📨 >> POST /auth/login {
	"email": "Savion.Jenkins8@gmail.com",
	"password": "7mYe1L9iNJNYR0F",
	"remember": "remember"
}
[2021-5-13 17:12:24] 💌 << 303 SEE_OTHER
[2021-5-13 17:12:24] 📨 >> GET /user/1 ""
[2021-5-13 17:12:24] 💌 << 200 OK
[2021-5-13 17:12:24] 📨 >> GET / ""
[2021-5-13 17:12:24] 💌 << 200 OK
[2021-5-13 17:12:24] 📨 >> GET /category/1 ""
[2021-5-13 17:12:24] 💌 << 200 OK
[2021-5-13 17:12:24] 📨 >> GET /post/1/downvote ""
[2021-5-13 17:12:24] 📨 >> GET /post/1/unvote ""
[2021-5-13 17:12:24] PostException: Cannot unvote Post: Post must first be up or down voted.
    at Post.unvote (/home/gjj/web-ii/Assignments/assignment-5-gjj08519/src/models/Post.js:195:19)
    at processTicksAndRejections (internal/process/task_queues.js:93:5)
    at async PostController.unvote (/home/gjj/web-ii/Assignments/assignment-5-gjj08519/src/controllers/PostController.js:92:9)
    at async Router.dispatch (/home/gjj/web-ii/Assignments/assignment-5-gjj08519/src/router/Router.js:40:23)
    at async App.sendResponse (/home/gjj/web-ii/Assignments/assignment-5-gjj08519/src/App.js:43:20)
    at async Server.<anonymous> (/home/gjj/web-ii/Assignments/assignment-5-gjj08519/server.js:91:2)
[2021-5-13 17:12:24] 💌 << 400 BAD_REQUEST
[2021-5-13 17:12:25] 💌 << 200 OK
[2021-5-13 17:13:3] 📨 >> GET / ""
[2021-5-13 17:13:3] 💌 << 200 OK
[2021-5-13 17:13:3] 📨 >> GET /auth/login ""
[2021-5-13 17:13:3] 💌 << 200 OK
[2021-5-13 17:13:3] 📨 >> POST /auth/login {
	"email": "Tyra_Daugherty@hotmail.com",
	"password": "0Qc8FrjBctIeun2",
	"remember": "remember"
}
[2021-5-13 17:13:3] 💌 << 303 SEE_OTHER
[2021-5-13 17:13:3] 📨 >> GET /user/1 ""
[2021-5-13 17:13:3] 💌 << 200 OK
[2021-5-13 17:13:3] 📨 >> GET / ""
[2021-5-13 17:13:3] 💌 << 200 OK
[2021-5-13 17:13:3] 📨 >> GET /category/1 ""
[2021-5-13 17:13:3] 💌 << 200 OK
[2021-5-13 17:13:3] 📨 >> GET /post/1 ""
[2021-5-13 17:13:4] 💌 << 200 OK
[2021-5-13 17:13:4] 📨 >> GET /post/1/downvote ""
[2021-5-13 17:13:4] 📨 >> GET /post/1/unvote ""
[2021-5-13 17:13:4] PostException: Cannot unvote Post: Post must first be up or down voted.
    at Post.unvote (/home/gjj/web-ii/Assignments/assignment-5-gjj08519/src/models/Post.js:195:19)
    at processTicksAndRejections (internal/process/task_queues.js:93:5)
    at async PostController.unvote (/home/gjj/web-ii/Assignments/assignment-5-gjj08519/src/controllers/PostController.js:92:9)
    at async Router.dispatch (/home/gjj/web-ii/Assignments/assignment-5-gjj08519/src/router/Router.js:40:23)
    at async App.sendResponse (/home/gjj/web-ii/Assignments/assignment-5-gjj08519/src/App.js:43:20)
    at async Server.<anonymous> (/home/gjj/web-ii/Assignments/assignment-5-gjj08519/server.js:91:2)
[2021-5-13 17:13:4] 💌 << 400 BAD_REQUEST
[2021-5-13 17:13:4] 💌 << 200 OK
[2021-5-13 17:13:39] 📨 >> GET / ""
[2021-5-13 17:13:39] 💌 << 200 OK
[2021-5-13 17:13:39] 📨 >> GET /auth/login ""
[2021-5-13 17:13:39] 💌 << 200 OK
[2021-5-13 17:13:39] 📨 >> POST /auth/login {
	"email": "Micah17@gmail.com",
	"password": "Ofpg42pqPaKH_s4",
	"remember": "remember"
}
[2021-5-13 17:13:39] 💌 << 303 SEE_OTHER
[2021-5-13 17:13:39] 📨 >> GET /user/7 ""
[2021-5-13 17:13:39] 💌 << 200 OK
[2021-5-13 17:13:40] 📨 >> GET / ""
[2021-5-13 17:13:40] 💌 << 200 OK
[2021-5-13 17:13:40] 📨 >> GET /category/1 ""
[2021-5-13 17:13:40] 💌 << 200 OK
[2021-5-13 17:13:40] 📨 >> GET /post/1 ""
[2021-5-13 17:13:40] 💌 << 200 OK
[2021-5-13 17:13:40] 📨 >> GET /post/1/upvote ""
[2021-5-13 17:13:40] 📨 >> GET / ""
[2021-5-13 17:13:40] 💌 << 200 OK
[2021-5-13 17:13:40] 💌 << 200 OK
[2021-5-13 17:13:40] 📨 >> GET /auth/logout ""
[2021-5-13 17:13:40] 💌 << 303 SEE_OTHER
[2021-5-13 17:13:40] 📨 >> GET // ""
[2021-5-13 17:13:40] 💌 << 200 OK
[2021-5-13 17:13:41] 📨 >> GET / ""
[2021-5-13 17:13:41] 💌 << 200 OK
[2021-5-13 17:13:41] 📨 >> GET /auth/login ""
[2021-5-13 17:13:41] 💌 << 200 OK
[2021-5-13 17:13:41] 📨 >> POST /auth/login {
	"email": "Allie.Hettinger86@gmail.com",
	"password": "7D9X6UYrT5eYMvm",
	"remember": "remember"
}
[2021-5-13 17:13:41] 💌 << 303 SEE_OTHER
[2021-5-13 17:13:41] 📨 >> GET /user/8 ""
[2021-5-13 17:13:41] 💌 << 200 OK
[2021-5-13 17:13:41] 📨 >> GET / ""
[2021-5-13 17:13:41] 💌 << 200 OK
[2021-5-13 17:13:41] 📨 >> GET /category/1 ""
[2021-5-13 17:13:41] 💌 << 200 OK
[2021-5-13 17:13:41] 📨 >> GET /post/1/upvote ""
[2021-5-13 17:13:41] 📨 >> GET / ""
[2021-5-13 17:13:41] 💌 << 200 OK
[2021-5-13 17:13:41] 📨 >> GET /auth/logout ""
[2021-5-13 17:13:41] 💌 << 303 SEE_OTHER
[2021-5-13 17:13:41] 💌 << 200 OK
[2021-5-13 17:13:41] 📨 >> GET // ""
[2021-5-13 17:13:41] 💌 << 200 OK
[2021-5-13 17:13:42] 📨 >> GET / ""
[2021-5-13 17:13:42] 💌 << 200 OK
[2021-5-13 17:13:42] 📨 >> GET /auth/login ""
[2021-5-13 17:13:42] 💌 << 200 OK
[2021-5-13 17:13:42] 📨 >> POST /auth/login {
	"email": "Keon_Strosin@yahoo.com",
	"password": "j1_jkBN1cQpKhND",
	"remember": "remember"
}
[2021-5-13 17:13:42] 💌 << 303 SEE_OTHER
[2021-5-13 17:13:42] 📨 >> GET /user/9 ""
[2021-5-13 17:13:42] 💌 << 200 OK
[2021-5-13 17:13:42] 📨 >> GET / ""
[2021-5-13 17:13:42] 💌 << 200 OK
[2021-5-13 17:13:43] 📨 >> GET /category/1 ""
[2021-5-13 17:13:43] 💌 << 200 OK
[2021-5-13 17:13:43] 📨 >> GET /post/1/downvote ""
[2021-5-13 17:13:43] 📨 >> GET / ""
[2021-5-13 17:13:43] 💌 << 200 OK
[2021-5-13 17:13:43] 📨 >> GET /auth/logout ""
[2021-5-13 17:13:43] 💌 << 303 SEE_OTHER
[2021-5-13 17:13:43] 📨 >> GET // ""
[2021-5-13 17:13:43] 💌 << 200 OK
[2021-5-13 17:13:43] 💌 << 200 OK
[2021-5-13 17:13:43] 📨 >> GET / ""
[2021-5-13 17:13:43] 💌 << 200 OK
[2021-5-13 17:13:43] 📨 >> GET /category/1 ""
[2021-5-13 17:13:43] 💌 << 200 OK
[2021-5-13 17:13:43] 📨 >> GET /post/1 ""
[2021-5-13 17:13:43] 💌 << 200 OK
[2021-5-13 17:14:19] 📨 >> GET / ""
[2021-5-13 17:14:19] 💌 << 200 OK
[2021-5-13 17:14:19] 📨 >> GET /auth/login ""
[2021-5-13 17:14:19] 💌 << 200 OK
[2021-5-13 17:14:19] 📨 >> POST /auth/login {
	"email": "Brielle1@yahoo.com",
	"password": "QoaLNTGfR8VLKsb",
	"remember": "remember"
}
[2021-5-13 17:14:19] 💌 << 303 SEE_OTHER
[2021-5-13 17:14:19] 📨 >> GET /user/1 ""
[2021-5-13 17:14:19] 💌 << 200 OK
[2021-5-13 17:14:19] 📨 >> GET / ""
[2021-5-13 17:14:19] 💌 << 200 OK
[2021-5-13 17:14:20] 📨 >> GET /category/2 ""
[2021-5-13 17:14:20] 💌 << 200 OK
[2021-5-13 17:14:20] 📨 >> GET /post/2 ""
[2021-5-13 17:14:20] 💌 << 200 OK
[2021-5-13 17:14:20] 📨 >> GET /comment/1/upvote ""
[2021-5-13 17:14:20] 📨 >> GET /user/1 ""
[2021-5-13 17:14:20] 💌 << 200 OK
[2021-5-13 17:14:20] 📨 >> GET /user/1/postvotes ""
[2021-5-13 17:14:20] 💌 << 200 OK
[2021-5-13 17:14:20] 💌 << 200 OK
[2021-5-13 17:17:23] 📨 >> GET / ""
[2021-5-13 17:17:23] 💌 << 200 OK
[2021-5-13 17:17:24] 📨 >> GET /auth/login ""
[2021-5-13 17:17:24] 💌 << 200 OK
[2021-5-13 17:17:26] 📨 >> POST /auth/login {
	"email": "Vernie19@gmail.com",
	"password": "B5OsZbS6w3FZxNl",
	"remember": "remember"
}
[2021-5-13 17:17:26] 💌 << 303 SEE_OTHER
[2021-5-13 17:17:26] 📨 >> GET /user/1 ""
[2021-5-13 17:17:26] 💌 << 200 OK
[2021-5-13 17:17:27] 📨 >> GET / ""
[2021-5-13 17:17:27] 💌 << 200 OK
[2021-5-13 17:17:28] 📨 >> GET /category/2 ""
[2021-5-13 17:17:28] 💌 << 200 OK
[2021-5-13 17:17:29] 📨 >> GET /post/2 ""
[2021-5-13 17:17:29] 💌 << 200 OK
[2021-5-13 17:17:31] 📨 >> GET /comment/1/upvote ""
[2021-5-13 17:17:31] 💌 << 200 OK
[2021-5-13 17:17:33] 📨 >> GET /user/1 ""
[2021-5-13 17:17:34] 💌 << 200 OK
[2021-5-13 17:17:37] 📨 >> GET /user/1/postvotes ""
[2021-5-13 17:17:37] 💌 << 200 OK
[2021-5-13 17:18:32] 📨 >> GET / ""
[2021-5-13 17:18:32] 💌 << 200 OK
[2021-5-13 17:18:34] 📨 >> GET /auth/login ""
[2021-5-13 17:18:34] 💌 << 200 OK
[2021-5-13 17:18:39] 📨 >> POST /auth/login {
	"email": "Melyna_Larson@yahoo.com",
	"password": "fAf097t7IwD2Wkx",
	"remember": "remember"
}
[2021-5-13 17:18:39] 💌 << 303 SEE_OTHER
[2021-5-13 17:18:39] 📨 >> GET /user/1 ""
[2021-5-13 17:18:39] 💌 << 200 OK
[2021-5-13 17:18:41] 📨 >> GET / ""
[2021-5-13 17:18:41] 💌 << 200 OK
[2021-5-13 17:18:44] 📨 >> GET /category/2 ""
[2021-5-13 17:18:44] 💌 << 200 OK
[2021-5-13 17:18:46] 📨 >> GET /post/2 ""
[2021-5-13 17:18:46] 💌 << 200 OK
[2021-5-13 17:18:48] 📨 >> GET /comment/1 ""
[2021-5-13 17:18:48] 💌 << 200 OK
[2021-5-13 17:18:51] 📨 >> GET /comment/1/upvote ""
[2021-5-13 17:18:51] 💌 << 200 OK
[2021-5-13 17:18:53] 📨 >> GET /user/1 ""
[2021-5-13 17:18:53] 💌 << 200 OK
[2021-5-13 17:18:55] 📨 >> GET /user/1/postvotes ""
[2021-5-13 17:18:55] 💌 << 200 OK
[2021-5-13 17:19:41] 📨 >> GET / ""
[2021-5-13 17:19:41] 💌 << 200 OK
[2021-5-13 17:19:42] 📨 >> GET /auth/login ""
[2021-5-13 17:19:42] 💌 << 200 OK
[2021-5-13 17:19:47] 📨 >> POST /auth/login {
	"email": "Nicholaus.Fritsch50@yahoo.com",
	"password": "7QzsRK_1khUPlXp",
	"remember": "remember"
}
[2021-5-13 17:19:47] 💌 << 303 SEE_OTHER
[2021-5-13 17:19:47] 📨 >> GET /user/1 ""
[2021-5-13 17:19:47] 💌 << 200 OK
[2021-5-13 17:19:48] 📨 >> GET / ""
[2021-5-13 17:19:48] 💌 << 200 OK
[2021-5-13 17:19:50] 📨 >> GET /category/2 ""
[2021-5-13 17:19:50] 💌 << 200 OK
[2021-5-13 17:19:52] 📨 >> GET /post/2 ""
[2021-5-13 17:19:52] 💌 << 200 OK
[2021-5-13 17:19:54] 📨 >> GET /comment/1/downvote ""
[2021-5-13 17:19:54] 💌 << 200 OK
[2021-5-13 17:19:57] 📨 >> GET /user/1 ""
[2021-5-13 17:19:57] 💌 << 200 OK
[2021-5-13 17:19:58] 📨 >> GET /user/1/postvotes ""
[2021-5-13 17:19:58] 💌 << 200 OK
[2021-5-13 17:20:42] 📨 >> GET / ""
[2021-5-13 17:20:42] 💌 << 200 OK
[2021-5-13 17:20:45] 📨 >> GET /auth/login ""
[2021-5-13 17:20:45] 💌 << 200 OK
[2021-5-13 17:20:48] 📨 >> POST /auth/login {
	"email": "Destiny_Medhurst65@hotmail.com",
	"password": "b38CFwLAFilZYY6",
	"remember": "remember"
}
[2021-5-13 17:20:48] 💌 << 303 SEE_OTHER
[2021-5-13 17:20:48] 📨 >> GET /user/1 ""
[2021-5-13 17:20:48] 💌 << 200 OK
[2021-5-13 17:20:49] 📨 >> GET / ""
[2021-5-13 17:20:49] 💌 << 200 OK
[2021-5-13 17:20:50] 📨 >> GET /category/2 ""
[2021-5-13 17:20:50] 💌 << 200 OK
[2021-5-13 17:20:51] 📨 >> GET /post/2 ""
[2021-5-13 17:20:52] 💌 << 200 OK
[2021-5-13 17:20:53] 📨 >> GET /comment/1 ""
[2021-5-13 17:20:54] 💌 << 200 OK
[2021-5-13 17:20:56] 📨 >> GET /comment/1/downvote ""
[2021-5-13 17:20:56] 💌 << 200 OK
[2021-5-13 17:20:58] 📨 >> GET /user/1 ""
[2021-5-13 17:20:58] 💌 << 200 OK
[2021-5-13 17:21:0] 📨 >> GET /user/1/postvotes ""
[2021-5-13 17:21:0] 💌 << 200 OK
[2021-5-13 17:21:48] 📨 >> GET / ""
[2021-5-13 17:21:48] 💌 << 200 OK
[2021-5-13 17:21:49] 📨 >> GET /category/2 ""
[2021-5-13 17:21:49] 💌 << 200 OK
[2021-5-13 17:21:50] 📨 >> GET /post/2 ""
[2021-5-13 17:21:50] 💌 << 200 OK
[2021-5-13 17:22:31] 📨 >> GET / ""
[2021-5-13 17:22:31] 💌 << 200 OK
[2021-5-13 17:22:33] 📨 >> GET /category/2 ""
[2021-5-13 17:22:33] 💌 << 200 OK
[2021-5-13 17:22:35] 📨 >> GET /post/2 ""
[2021-5-13 17:22:35] 💌 << 200 OK
[2021-5-13 17:22:37] 📨 >> GET /comment/1 ""
[2021-5-13 17:22:37] 💌 << 200 OK
[2021-5-13 17:23:18] 📨 >> GET / ""
[2021-5-13 17:23:18] 💌 << 200 OK
[2021-5-13 17:23:20] 📨 >> GET /category/2 ""
[2021-5-13 17:23:20] 💌 << 200 OK
[2021-5-13 17:23:22] 📨 >> GET /post/2 ""
[2021-5-13 17:23:22] 💌 << 200 OK
[2021-5-13 17:23:23] 📨 >> GET /comment/1 ""
[2021-5-13 17:23:24] 💌 << 200 OK
[2021-5-13 17:24:4] 📨 >> GET / ""
[2021-5-13 17:24:4] 💌 << 200 OK
[2021-5-13 17:24:6] 📨 >> GET /auth/login ""
[2021-5-13 17:24:6] 💌 << 200 OK
[2021-5-13 17:24:9] 📨 >> POST /auth/login {
	"email": "Rosetta_Torp41@gmail.com",
	"password": "crq1o_M9xz6jYHN",
	"remember": "remember"
}
[2021-5-13 17:24:9] 💌 << 303 SEE_OTHER
[2021-5-13 17:24:9] 📨 >> GET /user/1 ""
[2021-5-13 17:24:10] 💌 << 200 OK
[2021-5-13 17:24:11] 📨 >> GET / ""
[2021-5-13 17:24:11] 💌 << 200 OK
[2021-5-13 17:24:12] 📨 >> GET /category/2 ""
[2021-5-13 17:24:12] 💌 << 200 OK
[2021-5-13 17:24:14] 📨 >> GET /post/2 ""
[2021-5-13 17:24:14] 💌 << 200 OK
[2021-5-13 17:24:16] 📨 >> GET /comment/1 ""
[2021-5-13 17:24:16] 💌 << 200 OK
[2021-5-13 17:24:19] 📨 >> GET /comment/1/upvote ""
[2021-5-13 17:24:19] 💌 << 200 OK
[2021-5-13 17:24:21] 📨 >> GET /comment/1/downvote ""
[2021-5-13 17:24:21] 💌 << 200 OK
[2021-5-13 17:25:15] 📨 >> GET / ""
[2021-5-13 17:25:16] 💌 << 200 OK
[2021-5-13 17:25:17] 📨 >> GET /auth/login ""
[2021-5-13 17:25:17] 💌 << 200 OK
[2021-5-13 17:25:21] 📨 >> POST /auth/login {
	"email": "Rubye.Wilkinson35@hotmail.com",
	"password": "nmsw8_1UjEN7I2j",
	"remember": "remember"
}
[2021-5-13 17:25:21] 💌 << 303 SEE_OTHER
[2021-5-13 17:25:21] 📨 >> GET /user/1 ""
[2021-5-13 17:25:21] 💌 << 200 OK
[2021-5-13 17:25:22] 📨 >> GET / ""
[2021-5-13 17:25:22] 💌 << 200 OK
[2021-5-13 17:25:24] 📨 >> GET /category/2 ""
[2021-5-13 17:25:24] 💌 << 200 OK
[2021-5-13 17:25:25] 📨 >> GET /post/2 ""
[2021-5-13 17:25:26] 💌 << 200 OK
[2021-5-13 17:25:28] 📨 >> GET /comment/1/downvote ""
[2021-5-13 17:25:28] 💌 << 200 OK
[2021-5-13 17:25:30] 📨 >> GET /comment/1/upvote ""
[2021-5-13 17:25:30] 💌 << 200 OK
[2021-5-13 17:26:6] 📨 >> GET / ""
[2021-5-13 17:26:6] 💌 << 200 OK
[2021-5-13 17:26:10] 📨 >> GET /auth/login ""
[2021-5-13 17:26:10] 💌 << 200 OK
[2021-5-13 17:26:12] 📨 >> POST /auth/login {
	"email": "Virgil_Trantow88@hotmail.com",
	"password": "Fhu4gvWRIA8gALN",
	"remember": "remember"
}
[2021-5-13 17:26:12] 💌 << 303 SEE_OTHER
[2021-5-13 17:26:12] 📨 >> GET /user/1 ""
[2021-5-13 17:26:12] 💌 << 200 OK
[2021-5-13 17:26:13] 📨 >> GET / ""
[2021-5-13 17:26:13] 💌 << 200 OK
[2021-5-13 17:26:14] 📨 >> GET /category/2 ""
[2021-5-13 17:26:14] 💌 << 200 OK
[2021-5-13 17:26:16] 📨 >> GET /post/2 ""
[2021-5-13 17:26:16] 💌 << 200 OK
[2021-5-13 17:26:17] 📨 >> GET /comment/1 ""
[2021-5-13 17:26:18] 💌 << 200 OK
[2021-5-13 17:26:19] 📨 >> GET /comment/1/downvote ""
[2021-5-13 17:26:20] 💌 << 200 OK
[2021-5-13 17:26:22] 📨 >> GET /comment/1/upvote ""
[2021-5-13 17:26:22] 💌 << 200 OK
[2021-5-13 17:27:1] 📨 >> GET / ""
[2021-5-13 17:27:1] 💌 << 200 OK
[2021-5-13 17:27:2] 📨 >> GET /auth/login ""
[2021-5-13 17:27:2] 💌 << 200 OK
[2021-5-13 17:27:4] 📨 >> POST /auth/login {
	"email": "Margarita_Spencer90@hotmail.com",
	"password": "RF2LSlgPd0B7ogQ",
	"remember": "remember"
}
[2021-5-13 17:27:4] 💌 << 303 SEE_OTHER
[2021-5-13 17:27:4] 📨 >> GET /user/1 ""
[2021-5-13 17:27:4] 💌 << 200 OK
[2021-5-13 17:27:5] 📨 >> GET / ""
[2021-5-13 17:27:5] 💌 << 200 OK
[2021-5-13 17:27:6] 📨 >> GET /category/2 ""
[2021-5-13 17:27:6] 💌 << 200 OK
[2021-5-13 17:27:6] 📨 >> GET /post/2 ""
[2021-5-13 17:27:7] 💌 << 200 OK
[2021-5-13 17:27:8] 📨 >> GET /comment/1/upvote ""
[2021-5-13 17:27:9] 💌 << 200 OK
[2021-5-13 17:27:11] 📨 >> GET /comment/1/unvote ""
[2021-5-13 17:27:11] 💌 << 200 OK
[2021-5-13 17:27:49] 📨 >> GET / ""
[2021-5-13 17:27:49] 💌 << 200 OK
[2021-5-13 17:27:51] 📨 >> GET /auth/login ""
[2021-5-13 17:27:51] 💌 << 200 OK
[2021-5-13 17:27:53] 📨 >> POST /auth/login {
	"email": "Russell.Mann@hotmail.com",
	"password": "3y8PPBmNcDUjnWd",
	"remember": "remember"
}
[2021-5-13 17:27:53] 💌 << 303 SEE_OTHER
[2021-5-13 17:27:53] 📨 >> GET /user/1 ""
[2021-5-13 17:27:53] 💌 << 200 OK
[2021-5-13 17:27:53] 📨 >> GET / ""
[2021-5-13 17:27:54] 💌 << 200 OK
[2021-5-13 17:27:54] 📨 >> GET /category/2 ""
[2021-5-13 17:27:54] 💌 << 200 OK
[2021-5-13 17:27:55] 📨 >> GET /post/2 ""
[2021-5-13 17:27:55] 💌 << 200 OK
[2021-5-13 17:27:56] 📨 >> GET /comment/1 ""
[2021-5-13 17:27:57] 💌 << 200 OK
[2021-5-13 17:27:58] 📨 >> GET /comment/1/upvote ""
[2021-5-13 17:27:59] 💌 << 200 OK
[2021-5-13 17:28:0] 📨 >> GET /comment/1/unvote ""
[2021-5-13 17:28:1] 💌 << 200 OK
[2021-5-13 17:28:39] 📨 >> GET / ""
[2021-5-13 17:28:39] 💌 << 200 OK
[2021-5-13 17:28:40] 📨 >> GET /auth/login ""
[2021-5-13 17:28:40] 💌 << 200 OK
[2021-5-13 17:28:43] 📨 >> POST /auth/login {
	"email": "Aryanna_Miller@gmail.com",
	"password": "_TWM_nZaC3adYvr",
	"remember": "remember"
}
[2021-5-13 17:28:43] 💌 << 303 SEE_OTHER
[2021-5-13 17:28:43] 📨 >> GET /user/1 ""
[2021-5-13 17:28:43] 💌 << 200 OK
[2021-5-13 17:28:44] 📨 >> GET / ""
[2021-5-13 17:28:44] 💌 << 200 OK
[2021-5-13 17:28:46] 📨 >> GET /category/2 ""
[2021-5-13 17:28:46] 💌 << 200 OK
[2021-5-13 17:28:47] 📨 >> GET /post/2 ""
[2021-5-13 17:28:47] 💌 << 200 OK
[2021-5-13 17:28:49] 📨 >> GET /comment/1/downvote ""
[2021-5-13 17:28:49] 💌 << 200 OK
[2021-5-13 17:28:51] 📨 >> GET /comment/1/unvote ""
[2021-5-13 17:28:51] 💌 << 200 OK
[2021-5-13 17:29:32] 📨 >> GET / ""
[2021-5-13 17:29:32] 💌 << 200 OK
[2021-5-13 17:29:34] 📨 >> GET /auth/login ""
[2021-5-13 17:29:35] 💌 << 200 OK
[2021-5-13 17:29:38] 📨 >> POST /auth/login {
	"email": "Zane_Wuckert77@yahoo.com",
	"password": "Y_3fbD0QBbmul2O",
	"remember": "remember"
}
[2021-5-13 17:29:38] 💌 << 303 SEE_OTHER
[2021-5-13 17:29:38] 📨 >> GET /user/1 ""
[2021-5-13 17:29:38] 💌 << 200 OK
[2021-5-13 17:29:40] 📨 >> GET / ""
[2021-5-13 17:29:40] 💌 << 200 OK
[2021-5-13 17:29:42] 📨 >> GET /category/2 ""
[2021-5-13 17:29:42] 💌 << 200 OK
[2021-5-13 17:29:44] 📨 >> GET /post/2 ""
[2021-5-13 17:29:44] 💌 << 200 OK
[2021-5-13 17:29:46] 📨 >> GET /comment/1 ""
[2021-5-13 17:29:46] 💌 << 200 OK
[2021-5-13 17:29:48] 📨 >> GET /comment/1/downvote ""
[2021-5-13 17:29:48] 💌 << 200 OK
[2021-5-13 17:29:50] 📨 >> GET /comment/1/unvote ""
[2021-5-13 17:29:50] 💌 << 200 OK
[2021-5-13 17:30:34] 📨 >> GET / ""
[2021-5-13 17:30:34] 💌 << 200 OK
[2021-5-13 17:30:35] 📨 >> GET /auth/login ""
[2021-5-13 17:30:35] 💌 << 200 OK
[2021-5-13 17:30:37] 📨 >> POST /auth/login {
	"email": "Nelson.Bartell@gmail.com",
	"password": "_3U5cRUJsZwblx8",
	"remember": "remember"
}
[2021-5-13 17:30:37] 💌 << 303 SEE_OTHER
[2021-5-13 17:30:37] 📨 >> GET /user/7 ""
[2021-5-13 17:30:37] 💌 << 200 OK
[2021-5-13 17:30:38] 📨 >> GET / ""
[2021-5-13 17:30:38] 💌 << 200 OK
[2021-5-13 17:30:39] 📨 >> GET /category/2 ""
[2021-5-13 17:30:39] 💌 << 200 OK
[2021-5-13 17:30:41] 📨 >> GET /post/2 ""
[2021-5-13 17:30:41] 💌 << 200 OK
[2021-5-13 17:30:44] 📨 >> GET /comment/1 ""
[2021-5-13 17:30:44] 💌 << 200 OK
[2021-5-13 17:30:46] 📨 >> GET /comment/1/downvote ""
[2021-5-13 17:30:46] 💌 << 200 OK
[2021-5-13 17:30:51] 📨 >> GET / ""
[2021-5-13 17:30:51] 💌 << 200 OK
[2021-5-13 17:30:53] 📨 >> GET /auth/logout ""
[2021-5-13 17:30:53] 💌 << 303 SEE_OTHER
[2021-5-13 17:30:53] 📨 >> GET // ""
[2021-5-13 17:30:53] 💌 << 200 OK
[2021-5-13 17:30:54] 📨 >> GET / ""
[2021-5-13 17:30:54] 💌 << 200 OK
[2021-5-13 17:30:55] 📨 >> GET /auth/login ""
[2021-5-13 17:30:55] 💌 << 200 OK
[2021-5-13 17:30:59] 📨 >> POST /auth/login {
	"email": "Devonte0@yahoo.com",
	"password": "1_7GXVqcZu40k6G",
	"remember": "remember"
}
[2021-5-13 17:30:59] 💌 << 303 SEE_OTHER
[2021-5-13 17:30:59] 📨 >> GET /user/8 ""
[2021-5-13 17:30:59] 💌 << 200 OK
[2021-5-13 17:31:0] 📨 >> GET / ""
[2021-5-13 17:31:0] 💌 << 200 OK
[2021-5-13 17:31:1] 📨 >> GET /category/2 ""
[2021-5-13 17:31:1] 💌 << 200 OK
[2021-5-13 17:31:3] 📨 >> GET /post/2 ""
[2021-5-13 17:31:3] 💌 << 200 OK
[2021-5-13 17:31:4] 📨 >> GET /comment/1 ""
[2021-5-13 17:31:4] 💌 << 200 OK
[2021-5-13 17:31:6] 📨 >> GET /comment/1/upvote ""
[2021-5-13 17:31:6] 💌 << 200 OK
[2021-5-13 17:31:7] 📨 >> GET /comment/1/unvote ""
[2021-5-13 17:31:7] 💌 << 200 OK
[2021-5-13 17:31:8] 📨 >> GET / ""
[2021-5-13 17:31:8] 💌 << 200 OK
[2021-5-13 17:31:9] 📨 >> GET /auth/logout ""
[2021-5-13 17:31:9] 💌 << 303 SEE_OTHER
[2021-5-13 17:31:9] 📨 >> GET // ""
[2021-5-13 17:31:9] 💌 << 200 OK
[2021-5-13 17:31:10] 📨 >> GET / ""
[2021-5-13 17:31:10] 💌 << 200 OK
[2021-5-13 17:31:11] 📨 >> GET /auth/login ""
[2021-5-13 17:31:11] 💌 << 200 OK
[2021-5-13 17:31:14] 📨 >> POST /auth/login {
	"email": "Mackenzie75@yahoo.com",
	"password": "iS_I6H99E15_QUl",
	"remember": "remember"
}
[2021-5-13 17:31:14] 💌 << 303 SEE_OTHER
[2021-5-13 17:31:14] 📨 >> GET /user/9 ""
[2021-5-13 17:31:14] 💌 << 200 OK
[2021-5-13 17:31:15] 📨 >> GET / ""
[2021-5-13 17:31:15] 💌 << 200 OK
[2021-5-13 17:31:15] 📨 >> GET /category/2 ""
[2021-5-13 17:31:15] 💌 << 200 OK
[2021-5-13 17:31:17] 📨 >> GET /post/2 ""
[2021-5-13 17:31:17] 💌 << 200 OK
[2021-5-13 17:31:19] 📨 >> GET /comment/1 ""
[2021-5-13 17:31:19] 💌 << 200 OK
[2021-5-13 17:31:20] 📨 >> GET /comment/1/upvote ""
[2021-5-13 17:31:20] 💌 << 200 OK
[2021-5-13 17:31:21] 📨 >> GET / ""
[2021-5-13 17:31:21] 💌 << 200 OK
[2021-5-13 17:31:22] 📨 >> GET /auth/logout ""
[2021-5-13 17:31:22] 💌 << 303 SEE_OTHER
[2021-5-13 17:31:22] 📨 >> GET // ""
[2021-5-13 17:31:22] 💌 << 200 OK
[2021-5-13 17:31:23] 📨 >> GET / ""
[2021-5-13 17:31:23] 💌 << 200 OK
[2021-5-13 17:31:24] 📨 >> GET /category/2 ""
[2021-5-13 17:31:24] 💌 << 200 OK
[2021-5-13 17:31:26] 📨 >> GET /post/2 ""
[2021-5-13 17:31:26] 💌 << 200 OK
[2021-5-13 17:31:28] 📨 >> GET /comment/1 ""
[2021-5-13 17:31:28] 💌 << 200 OK
[2021-5-13 17:32:42] 📨 >> GET / ""
[2021-5-13 17:32:42] 💌 << 200 OK
[2021-5-13 17:32:44] 📨 >> GET /auth/login ""
[2021-5-13 17:32:44] 💌 << 200 OK
[2021-5-13 17:32:47] 📨 >> POST /auth/login {
	"email": "Julia92@yahoo.com",
	"password": "ps9H0_8J4ESAdJo",
	"remember": "remember"
}
[2021-5-13 17:32:47] 💌 << 303 SEE_OTHER
[2021-5-13 17:32:47] 📨 >> GET /user/1 ""
[2021-5-13 17:32:47] 💌 << 200 OK
[2021-5-13 17:32:49] 📨 >> GET / ""
[2021-5-13 17:32:49] 💌 << 200 OK
[2021-5-13 17:32:50] 📨 >> GET /category/2 ""
[2021-5-13 17:32:50] 💌 << 200 OK
[2021-5-13 17:32:53] 📨 >> GET /post/2 ""
[2021-5-13 17:32:54] 💌 << 200 OK
[2021-5-13 17:32:57] 📨 >> GET /comment/1/unbookmark ""
[2021-5-13 17:32:57] 💌 << 200 OK
[2021-5-13 17:33:1] 📨 >> GET /user/1 ""
[2021-5-13 17:33:1] 💌 << 200 OK
[2021-5-13 17:33:4] 📨 >> GET /user/1/commentbookmarks ""
[2021-5-13 17:33:4] 💌 << 200 OK
[2021-5-13 22:58:35] 📨 >> GET / ""
[2021-5-13 22:58:36] 💌 << 200 OK
[2021-5-13 22:59:3] 📨 >> GET /auth/register ""
[2021-5-13 22:59:3] 💌 << 200 OK
[2021-5-13 22:59:15] 📨 >> POST /user {
	"username": "11111",
	"email": "11111",
	"password": "1"
}
[2021-5-13 22:59:15] 💌 << 303 SEE_OTHER
[2021-5-13 22:59:15] 📨 >> GET /auth/login ""
[2021-5-13 22:59:15] 💌 << 200 OK
[2021-5-13 22:59:22] 📨 >> POST /auth/login {
	"email": "11111",
	"password": "1",
	"remember": "remember"
}
[2021-5-13 22:59:22] 💌 << 303 SEE_OTHER
[2021-5-13 22:59:22] 📨 >> GET /user/1 ""
[2021-5-13 22:59:22] 💌 << 200 OK
[2021-5-13 22:59:35] 📨 >> GET /user/1/postbookmarks ""
[2021-5-13 22:59:35] 💌 << 200 OK
