[2021-4-26 21:55:11] PostException: Cannot bookmark Post: Post has already been bookmarked.
    at Post.bookmark (/home/gjj/web-ii/Assignments/assignment-5-gjj08519/src/models/Post.js:52:23)
    at processTicksAndRejections (internal/process/task_queues.js:93:5)
    at Object.<anonymous> (/home/gjj/web-ii/Assignments/assignment-5-gjj08519/tests/models/bookmark.test.js:86:2)
    at _callCircusTest (/home/gjj/web-ii/Assignments/assignment-5-gjj08519/node_modules/jest-circus/build/run.js:212:5)
    at _runTest (/home/gjj/web-ii/Assignments/assignment-5-gjj08519/node_modules/jest-circus/build/run.js:149:3)
    at _runTestsForDescribeBlock (/home/gjj/web-ii/Assignments/assignment-5-gjj08519/node_modules/jest-circus/build/run.js:63:9)
    at run (/home/gjj/web-ii/Assignments/assignment-5-gjj08519/node_modules/jest-circus/build/run.js:25:3)
    at runAndTransformResultsToJestFormat (/home/gjj/web-ii/Assignments/assignment-5-gjj08519/node_modules/jest-circus/build/legacy-code-todo-rewrite/jestAdapterInit.js:176:21)
    at jestAdapter (/home/gjj/web-ii/Assignments/assignment-5-gjj08519/node_modules/jest-circus/build/legacy-code-todo-rewrite/jestAdapter.js:109:19)
    at runTestInternal (/home/gjj/web-ii/Assignments/assignment-5-gjj08519/node_modules/jest-runner/build/runTest.js:380:16)
[2021-4-26 21:58:6] PostException: Cannot bookmark Post: Post has already been bookmarked.
    at Post.bookmark (/home/gjj/web-ii/Assignments/assignment-5-gjj08519/src/models/Post.js:47:19)
    at processTicksAndRejections (internal/process/task_queues.js:93:5)
    at Object.<anonymous> (/home/gjj/web-ii/Assignments/assignment-5-gjj08519/tests/models/bookmark.test.js:86:2)
    at _callCircusTest (/home/gjj/web-ii/Assignments/assignment-5-gjj08519/node_modules/jest-circus/build/run.js:212:5)
    at _runTest (/home/gjj/web-ii/Assignments/assignment-5-gjj08519/node_modules/jest-circus/build/run.js:149:3)
    at _runTestsForDescribeBlock (/home/gjj/web-ii/Assignments/assignment-5-gjj08519/node_modules/jest-circus/build/run.js:63:9)
    at run (/home/gjj/web-ii/Assignments/assignment-5-gjj08519/node_modules/jest-circus/build/run.js:25:3)
    at runAndTransformResultsToJestFormat (/home/gjj/web-ii/Assignments/assignment-5-gjj08519/node_modules/jest-circus/build/legacy-code-todo-rewrite/jestAdapterInit.js:176:21)
    at jestAdapter (/home/gjj/web-ii/Assignments/assignment-5-gjj08519/node_modules/jest-circus/build/legacy-code-todo-rewrite/jestAdapter.js:109:19)
    at runTestInternal (/home/gjj/web-ii/Assignments/assignment-5-gjj08519/node_modules/jest-runner/build/runTest.js:380:16)
[2021-4-26 22:5:21] PostException: Cannot unbookmark Post: Post has not been bookmarked.
    at Post.unbookmark (/home/gjj/web-ii/Assignments/assignment-5-gjj08519/src/models/Post.js:90:19)
    at processTicksAndRejections (internal/process/task_queues.js:93:5)
    at Object.<anonymous> (/home/gjj/web-ii/Assignments/assignment-5-gjj08519/tests/models/bookmark.test.js:97:2)
    at _callCircusTest (/home/gjj/web-ii/Assignments/assignment-5-gjj08519/node_modules/jest-circus/build/run.js:212:5)
    at _runTest (/home/gjj/web-ii/Assignments/assignment-5-gjj08519/node_modules/jest-circus/build/run.js:149:3)
    at _runTestsForDescribeBlock (/home/gjj/web-ii/Assignments/assignment-5-gjj08519/node_modules/jest-circus/build/run.js:63:9)
    at run (/home/gjj/web-ii/Assignments/assignment-5-gjj08519/node_modules/jest-circus/build/run.js:25:3)
    at runAndTransformResultsToJestFormat (/home/gjj/web-ii/Assignments/assignment-5-gjj08519/node_modules/jest-circus/build/legacy-code-todo-rewrite/jestAdapterInit.js:176:21)
    at jestAdapter (/home/gjj/web-ii/Assignments/assignment-5-gjj08519/node_modules/jest-circus/build/legacy-code-todo-rewrite/jestAdapter.js:109:19)
    at runTestInternal (/home/gjj/web-ii/Assignments/assignment-5-gjj08519/node_modules/jest-runner/build/runTest.js:380:16)
[2021-4-26 22:6:48] PostException: Cannot unbookmark Post: Post has not been bookmarked.
    at Post.unbookmark (/home/gjj/web-ii/Assignments/assignment-5-gjj08519/src/models/Post.js:90:19)
    at processTicksAndRejections (internal/process/task_queues.js:93:5)
    at Object.<anonymous> (/home/gjj/web-ii/Assignments/assignment-5-gjj08519/tests/models/bookmark.test.js:97:2)
    at _callCircusTest (/home/gjj/web-ii/Assignments/assignment-5-gjj08519/node_modules/jest-circus/build/run.js:212:5)
    at _runTest (/home/gjj/web-ii/Assignments/assignment-5-gjj08519/node_modules/jest-circus/build/run.js:149:3)
    at _runTestsForDescribeBlock (/home/gjj/web-ii/Assignments/assignment-5-gjj08519/node_modules/jest-circus/build/run.js:63:9)
    at run (/home/gjj/web-ii/Assignments/assignment-5-gjj08519/node_modules/jest-circus/build/run.js:25:3)
    at runAndTransformResultsToJestFormat (/home/gjj/web-ii/Assignments/assignment-5-gjj08519/node_modules/jest-circus/build/legacy-code-todo-rewrite/jestAdapterInit.js:176:21)
    at jestAdapter (/home/gjj/web-ii/Assignments/assignment-5-gjj08519/node_modules/jest-circus/build/legacy-code-todo-rewrite/jestAdapter.js:109:19)
    at runTestInternal (/home/gjj/web-ii/Assignments/assignment-5-gjj08519/node_modules/jest-runner/build/runTest.js:380:16)
[2021-4-26 22:8:56] PostException: Cannot unbookmark Post: Post has not been bookmarked.
    at Post.unbookmark (/home/gjj/web-ii/Assignments/assignment-5-gjj08519/src/models/Post.js:90:19)
    at processTicksAndRejections (internal/process/task_queues.js:93:5)
    at Object.<anonymous> (/home/gjj/web-ii/Assignments/assignment-5-gjj08519/tests/models/bookmark.test.js:99:2)
    at _callCircusTest (/home/gjj/web-ii/Assignments/assignment-5-gjj08519/node_modules/jest-circus/build/run.js:212:5)
    at _runTest (/home/gjj/web-ii/Assignments/assignment-5-gjj08519/node_modules/jest-circus/build/run.js:149:3)
    at _runTestsForDescribeBlock (/home/gjj/web-ii/Assignments/assignment-5-gjj08519/node_modules/jest-circus/build/run.js:63:9)
    at run (/home/gjj/web-ii/Assignments/assignment-5-gjj08519/node_modules/jest-circus/build/run.js:25:3)
    at runAndTransformResultsToJestFormat (/home/gjj/web-ii/Assignments/assignment-5-gjj08519/node_modules/jest-circus/build/legacy-code-todo-rewrite/jestAdapterInit.js:176:21)
    at jestAdapter (/home/gjj/web-ii/Assignments/assignment-5-gjj08519/node_modules/jest-circus/build/legacy-code-todo-rewrite/jestAdapter.js:109:19)
    at runTestInternal (/home/gjj/web-ii/Assignments/assignment-5-gjj08519/node_modules/jest-runner/build/runTest.js:380:16)
[2021-4-26 22:12:8] PostException: Cannot unbookmark Post: Post has not been bookmarked.
    at Post.unbookmark (/home/gjj/web-ii/Assignments/assignment-5-gjj08519/src/models/Post.js:90:19)
    at processTicksAndRejections (internal/process/task_queues.js:93:5)
    at Object.<anonymous> (/home/gjj/web-ii/Assignments/assignment-5-gjj08519/tests/models/bookmark.test.js:109:2)
    at _callCircusTest (/home/gjj/web-ii/Assignments/assignment-5-gjj08519/node_modules/jest-circus/build/run.js:212:5)
    at _runTest (/home/gjj/web-ii/Assignments/assignment-5-gjj08519/node_modules/jest-circus/build/run.js:149:3)
    at _runTestsForDescribeBlock (/home/gjj/web-ii/Assignments/assignment-5-gjj08519/node_modules/jest-circus/build/run.js:63:9)
    at run (/home/gjj/web-ii/Assignments/assignment-5-gjj08519/node_modules/jest-circus/build/run.js:25:3)
    at runAndTransformResultsToJestFormat (/home/gjj/web-ii/Assignments/assignment-5-gjj08519/node_modules/jest-circus/build/legacy-code-todo-rewrite/jestAdapterInit.js:176:21)
    at jestAdapter (/home/gjj/web-ii/Assignments/assignment-5-gjj08519/node_modules/jest-circus/build/legacy-code-todo-rewrite/jestAdapter.js:109:19)
    at runTestInternal (/home/gjj/web-ii/Assignments/assignment-5-gjj08519/node_modules/jest-runner/build/runTest.js:380:16)
[2021-4-26 22:25:39] PostException: Cannot bookmark Post: Post has already been bookmarked.
    at Post.bookmark (/home/gjj/web-ii/Assignments/assignment-5-gjj08519/src/models/Post.js:47:19)
    at runMicrotasks (<anonymous>)
    at processTicksAndRejections (internal/process/task_queues.js:93:5)
    at Object.<anonymous> (/home/gjj/web-ii/Assignments/assignment-5-gjj08519/tests/models/bookmark.test.js:86:2)
    at _callCircusTest (/home/gjj/web-ii/Assignments/assignment-5-gjj08519/node_modules/jest-circus/build/run.js:212:5)
    at _runTest (/home/gjj/web-ii/Assignments/assignment-5-gjj08519/node_modules/jest-circus/build/run.js:149:3)
    at _runTestsForDescribeBlock (/home/gjj/web-ii/Assignments/assignment-5-gjj08519/node_modules/jest-circus/build/run.js:63:9)
    at run (/home/gjj/web-ii/Assignments/assignment-5-gjj08519/node_modules/jest-circus/build/run.js:25:3)
    at runAndTransformResultsToJestFormat (/home/gjj/web-ii/Assignments/assignment-5-gjj08519/node_modules/jest-circus/build/legacy-code-todo-rewrite/jestAdapterInit.js:176:21)
    at jestAdapter (/home/gjj/web-ii/Assignments/assignment-5-gjj08519/node_modules/jest-circus/build/legacy-code-todo-rewrite/jestAdapter.js:109:19)
[2021-4-26 22:25:43] PostException: Cannot unbookmark Post: Post has not been bookmarked.
    at Post.unbookmark (/home/gjj/web-ii/Assignments/assignment-5-gjj08519/src/models/Post.js:90:19)
    at runMicrotasks (<anonymous>)
    at processTicksAndRejections (internal/process/task_queues.js:93:5)
    at Object.<anonymous> (/home/gjj/web-ii/Assignments/assignment-5-gjj08519/tests/models/bookmark.test.js:99:2)
    at _callCircusTest (/home/gjj/web-ii/Assignments/assignment-5-gjj08519/node_modules/jest-circus/build/run.js:212:5)
    at _runTest (/home/gjj/web-ii/Assignments/assignment-5-gjj08519/node_modules/jest-circus/build/run.js:149:3)
    at _runTestsForDescribeBlock (/home/gjj/web-ii/Assignments/assignment-5-gjj08519/node_modules/jest-circus/build/run.js:63:9)
    at run (/home/gjj/web-ii/Assignments/assignment-5-gjj08519/node_modules/jest-circus/build/run.js:25:3)
    at runAndTransformResultsToJestFormat (/home/gjj/web-ii/Assignments/assignment-5-gjj08519/node_modules/jest-circus/build/legacy-code-todo-rewrite/jestAdapterInit.js:176:21)
    at jestAdapter (/home/gjj/web-ii/Assignments/assignment-5-gjj08519/node_modules/jest-circus/build/legacy-code-todo-rewrite/jestAdapter.js:109:19)
[2021-4-26 22:25:47] PostException: Cannot unbookmark Post: Post has not been bookmarked.
    at Post.unbookmark (/home/gjj/web-ii/Assignments/assignment-5-gjj08519/src/models/Post.js:90:19)
    at runMicrotasks (<anonymous>)
    at processTicksAndRejections (internal/process/task_queues.js:93:5)
    at Object.<anonymous> (/home/gjj/web-ii/Assignments/assignment-5-gjj08519/tests/models/bookmark.test.js:109:2)
    at _callCircusTest (/home/gjj/web-ii/Assignments/assignment-5-gjj08519/node_modules/jest-circus/build/run.js:212:5)
    at _runTest (/home/gjj/web-ii/Assignments/assignment-5-gjj08519/node_modules/jest-circus/build/run.js:149:3)
    at _runTestsForDescribeBlock (/home/gjj/web-ii/Assignments/assignment-5-gjj08519/node_modules/jest-circus/build/run.js:63:9)
    at run (/home/gjj/web-ii/Assignments/assignment-5-gjj08519/node_modules/jest-circus/build/run.js:25:3)
    at runAndTransformResultsToJestFormat (/home/gjj/web-ii/Assignments/assignment-5-gjj08519/node_modules/jest-circus/build/legacy-code-todo-rewrite/jestAdapterInit.js:176:21)
    at jestAdapter (/home/gjj/web-ii/Assignments/assignment-5-gjj08519/node_modules/jest-circus/build/legacy-code-todo-rewrite/jestAdapter.js:109:19)
[2021-4-26 22:31:35] PostException: Cannot bookmark Post: Post has already been bookmarked.
    at Post.bookmark (/home/gjj/web-ii/Assignments/assignment-5-gjj08519/src/models/Post.js:47:19)
    at runMicrotasks (<anonymous>)
    at processTicksAndRejections (internal/process/task_queues.js:93:5)
    at Object.<anonymous> (/home/gjj/web-ii/Assignments/assignment-5-gjj08519/tests/models/bookmark.test.js:86:2)
    at _callCircusTest (/home/gjj/web-ii/Assignments/assignment-5-gjj08519/node_modules/jest-circus/build/run.js:212:5)
    at _runTest (/home/gjj/web-ii/Assignments/assignment-5-gjj08519/node_modules/jest-circus/build/run.js:149:3)
    at _runTestsForDescribeBlock (/home/gjj/web-ii/Assignments/assignment-5-gjj08519/node_modules/jest-circus/build/run.js:63:9)
    at run (/home/gjj/web-ii/Assignments/assignment-5-gjj08519/node_modules/jest-circus/build/run.js:25:3)
    at runAndTransformResultsToJestFormat (/home/gjj/web-ii/Assignments/assignment-5-gjj08519/node_modules/jest-circus/build/legacy-code-todo-rewrite/jestAdapterInit.js:176:21)
    at jestAdapter (/home/gjj/web-ii/Assignments/assignment-5-gjj08519/node_modules/jest-circus/build/legacy-code-todo-rewrite/jestAdapter.js:109:19)
[2021-4-26 22:31:39] PostException: Cannot unbookmark Post: Post has not been bookmarked.
    at Post.unbookmark (/home/gjj/web-ii/Assignments/assignment-5-gjj08519/src/models/Post.js:90:19)
    at runMicrotasks (<anonymous>)
    at processTicksAndRejections (internal/process/task_queues.js:93:5)
    at Object.<anonymous> (/home/gjj/web-ii/Assignments/assignment-5-gjj08519/tests/models/bookmark.test.js:99:2)
    at _callCircusTest (/home/gjj/web-ii/Assignments/assignment-5-gjj08519/node_modules/jest-circus/build/run.js:212:5)
    at _runTest (/home/gjj/web-ii/Assignments/assignment-5-gjj08519/node_modules/jest-circus/build/run.js:149:3)
    at _runTestsForDescribeBlock (/home/gjj/web-ii/Assignments/assignment-5-gjj08519/node_modules/jest-circus/build/run.js:63:9)
    at run (/home/gjj/web-ii/Assignments/assignment-5-gjj08519/node_modules/jest-circus/build/run.js:25:3)
    at runAndTransformResultsToJestFormat (/home/gjj/web-ii/Assignments/assignment-5-gjj08519/node_modules/jest-circus/build/legacy-code-todo-rewrite/jestAdapterInit.js:176:21)
    at jestAdapter (/home/gjj/web-ii/Assignments/assignment-5-gjj08519/node_modules/jest-circus/build/legacy-code-todo-rewrite/jestAdapter.js:109:19)
[2021-4-26 22:31:42] PostException: Cannot unbookmark Post: Post has not been bookmarked.
    at Post.unbookmark (/home/gjj/web-ii/Assignments/assignment-5-gjj08519/src/models/Post.js:90:19)
    at runMicrotasks (<anonymous>)
    at processTicksAndRejections (internal/process/task_queues.js:93:5)
    at Object.<anonymous> (/home/gjj/web-ii/Assignments/assignment-5-gjj08519/tests/models/bookmark.test.js:109:2)
    at _callCircusTest (/home/gjj/web-ii/Assignments/assignment-5-gjj08519/node_modules/jest-circus/build/run.js:212:5)
    at _runTest (/home/gjj/web-ii/Assignments/assignment-5-gjj08519/node_modules/jest-circus/build/run.js:149:3)
    at _runTestsForDescribeBlock (/home/gjj/web-ii/Assignments/assignment-5-gjj08519/node_modules/jest-circus/build/run.js:63:9)
    at run (/home/gjj/web-ii/Assignments/assignment-5-gjj08519/node_modules/jest-circus/build/run.js:25:3)
    at runAndTransformResultsToJestFormat (/home/gjj/web-ii/Assignments/assignment-5-gjj08519/node_modules/jest-circus/build/legacy-code-todo-rewrite/jestAdapterInit.js:176:21)
    at jestAdapter (/home/gjj/web-ii/Assignments/assignment-5-gjj08519/node_modules/jest-circus/build/legacy-code-todo-rewrite/jestAdapter.js:109:19)
[2021-4-26 22:32:5] CommentException: Cannot bookmark Comment: Comment has already been bookmarked.
    at Comment.bookmark (/home/gjj/web-ii/Assignments/assignment-5-gjj08519/src/models/Comment.js:47:19)
    at runMicrotasks (<anonymous>)
    at processTicksAndRejections (internal/process/task_queues.js:93:5)
    at Object.<anonymous> (/home/gjj/web-ii/Assignments/assignment-5-gjj08519/tests/models/bookmark.test.js:186:2)
    at _callCircusTest (/home/gjj/web-ii/Assignments/assignment-5-gjj08519/node_modules/jest-circus/build/run.js:212:5)
    at _runTest (/home/gjj/web-ii/Assignments/assignment-5-gjj08519/node_modules/jest-circus/build/run.js:149:3)
    at _runTestsForDescribeBlock (/home/gjj/web-ii/Assignments/assignment-5-gjj08519/node_modules/jest-circus/build/run.js:63:9)
    at run (/home/gjj/web-ii/Assignments/assignment-5-gjj08519/node_modules/jest-circus/build/run.js:25:3)
    at runAndTransformResultsToJestFormat (/home/gjj/web-ii/Assignments/assignment-5-gjj08519/node_modules/jest-circus/build/legacy-code-todo-rewrite/jestAdapterInit.js:176:21)
    at jestAdapter (/home/gjj/web-ii/Assignments/assignment-5-gjj08519/node_modules/jest-circus/build/legacy-code-todo-rewrite/jestAdapter.js:109:19)
[2021-4-26 22:32:10] CommentException: Cannot unbookmark Comment: Comment has not been bookmarked.
    at Comment.unbookmark (/home/gjj/web-ii/Assignments/assignment-5-gjj08519/src/models/Comment.js:90:19)
    at runMicrotasks (<anonymous>)
    at processTicksAndRejections (internal/process/task_queues.js:93:5)
    at Object.<anonymous> (/home/gjj/web-ii/Assignments/assignment-5-gjj08519/tests/models/bookmark.test.js:199:2)
    at _callCircusTest (/home/gjj/web-ii/Assignments/assignment-5-gjj08519/node_modules/jest-circus/build/run.js:212:5)
    at _runTest (/home/gjj/web-ii/Assignments/assignment-5-gjj08519/node_modules/jest-circus/build/run.js:149:3)
    at _runTestsForDescribeBlock (/home/gjj/web-ii/Assignments/assignment-5-gjj08519/node_modules/jest-circus/build/run.js:63:9)
    at run (/home/gjj/web-ii/Assignments/assignment-5-gjj08519/node_modules/jest-circus/build/run.js:25:3)
    at runAndTransformResultsToJestFormat (/home/gjj/web-ii/Assignments/assignment-5-gjj08519/node_modules/jest-circus/build/legacy-code-todo-rewrite/jestAdapterInit.js:176:21)
    at jestAdapter (/home/gjj/web-ii/Assignments/assignment-5-gjj08519/node_modules/jest-circus/build/legacy-code-todo-rewrite/jestAdapter.js:109:19)
[2021-4-26 22:32:14] CommentException: Cannot unbookmark Comment: Comment has not been bookmarked.
    at Comment.unbookmark (/home/gjj/web-ii/Assignments/assignment-5-gjj08519/src/models/Comment.js:90:19)
    at runMicrotasks (<anonymous>)
    at processTicksAndRejections (internal/process/task_queues.js:93:5)
    at Object.<anonymous> (/home/gjj/web-ii/Assignments/assignment-5-gjj08519/tests/models/bookmark.test.js:209:2)
    at _callCircusTest (/home/gjj/web-ii/Assignments/assignment-5-gjj08519/node_modules/jest-circus/build/run.js:212:5)
    at _runTest (/home/gjj/web-ii/Assignments/assignment-5-gjj08519/node_modules/jest-circus/build/run.js:149:3)
    at _runTestsForDescribeBlock (/home/gjj/web-ii/Assignments/assignment-5-gjj08519/node_modules/jest-circus/build/run.js:63:9)
    at run (/home/gjj/web-ii/Assignments/assignment-5-gjj08519/node_modules/jest-circus/build/run.js:25:3)
    at runAndTransformResultsToJestFormat (/home/gjj/web-ii/Assignments/assignment-5-gjj08519/node_modules/jest-circus/build/legacy-code-todo-rewrite/jestAdapterInit.js:176:21)
    at jestAdapter (/home/gjj/web-ii/Assignments/assignment-5-gjj08519/node_modules/jest-circus/build/legacy-code-todo-rewrite/jestAdapter.js:109:19)
